<?xml version="1.0" encoding="UTF-8"?>
<testng-results ignored="0" total="35" passed="5" failed="3" skipped="27">
  <reporter-output>
  </reporter-output>
  <suite started-at="2025-12-31T10:20:07 UTC" name="ogcapi-features-1.0-1.9" finished-at="2025-12-31T10:20:09 UTC" duration-ms="1537">
    <groups>
      <group name="crs-discovery">
        <method signature="DiscoveryCollectionCrsUri.verifyCollectionCrsIdentifierOfCrsProperty(java.lang.String,org.opengis.cite.ogcapifeatures10.conformance.crs.query.crs.CoordinateSystem)[pri:0, instance:org.opengis.cite.ogcapifeatures10.conformance.crs.discovery.collection.DiscoveryCollectionCrsUri@420745d7]" name="verifyCollectionCrsIdentifierOfCrsProperty" class="org.opengis.cite.ogcapifeatures10.conformance.crs.discovery.collection.DiscoveryCollectionCrsUri"/>
        <method signature="DiscoveryCollectionCrsUri.verifyCollectionCrsIdentifierOfStorageCrsProperty(java.lang.String,org.opengis.cite.ogcapifeatures10.conformance.crs.query.crs.CoordinateSystem)[pri:0, instance:org.opengis.cite.ogcapifeatures10.conformance.crs.discovery.collection.DiscoveryCollectionCrsUri@420745d7]" name="verifyCollectionCrsIdentifierOfStorageCrsProperty" class="org.opengis.cite.ogcapifeatures10.conformance.crs.discovery.collection.DiscoveryCollectionCrsUri"/>
        <method signature="DiscoveryCollectionDefaultCrs.verifyCollectionCrsIdentifierOfCrsProperty(java.lang.String,io.restassured.path.json.JsonPath)[pri:0, instance:org.opengis.cite.ogcapifeatures10.conformance.crs.discovery.collection.DiscoveryCollectionDefaultCrs@2392212b]" name="verifyCollectionCrsIdentifierOfCrsProperty" class="org.opengis.cite.ogcapifeatures10.conformance.crs.discovery.collection.DiscoveryCollectionDefaultCrs"/>
      </group> <!-- crs-discovery -->
      <group name="collections">
        <method signature="FeatureCollections.validateFeatureCollectionsMetadataOperation(org.opengis.cite.ogcapifeatures10.openapi3.TestPoint)[pri:0, instance:org.opengis.cite.ogcapifeatures10.conformance.core.collections.FeatureCollections@1556f2dd]" name="validateFeatureCollectionsMetadataOperation" class="org.opengis.cite.ogcapifeatures10.conformance.core.collections.FeatureCollections"/>
        <method signature="FeatureCollections.validateFeatureCollectionsMetadataOperationResponse_Content(org.opengis.cite.ogcapifeatures10.openapi3.TestPoint)[pri:0, instance:org.opengis.cite.ogcapifeatures10.conformance.core.collections.FeatureCollections@1556f2dd]" name="validateFeatureCollectionsMetadataOperationResponse_Content" class="org.opengis.cite.ogcapifeatures10.conformance.core.collections.FeatureCollections"/>
        <method signature="FeatureCollections.validateFeatureCollectionsMetadataOperationResponse_CrsProperty(org.opengis.cite.ogcapifeatures10.openapi3.TestPoint)[pri:0, instance:org.opengis.cite.ogcapifeatures10.conformance.core.collections.FeatureCollections@1556f2dd]" name="validateFeatureCollectionsMetadataOperationResponse_CrsProperty" class="org.opengis.cite.ogcapifeatures10.conformance.core.collections.FeatureCollections"/>
        <method signature="FeatureCollections.validateFeatureCollectionsMetadataOperationResponse_Items(org.opengis.cite.ogcapifeatures10.openapi3.TestPoint)[pri:0, instance:org.opengis.cite.ogcapifeatures10.conformance.core.collections.FeatureCollections@1556f2dd]" name="validateFeatureCollectionsMetadataOperationResponse_Items" class="org.opengis.cite.ogcapifeatures10.conformance.core.collections.FeatureCollections"/>
        <method signature="FeatureCollections.validateFeatureCollectionsMetadataOperationResponse_Links(org.opengis.cite.ogcapifeatures10.openapi3.TestPoint)[pri:0, instance:org.opengis.cite.ogcapifeatures10.conformance.core.collections.FeatureCollections@1556f2dd]" name="validateFeatureCollectionsMetadataOperationResponse_Links" class="org.opengis.cite.ogcapifeatures10.conformance.core.collections.FeatureCollections"/>
      </group> <!-- collections -->
      <group name="conformance">
        <method signature="Conformance.validateConformanceOperationAndResponse(org.opengis.cite.ogcapifeatures10.openapi3.TestPoint)[pri:0, instance:org.opengis.cite.ogcapifeatures10.conformance.core.conformance.Conformance@1c4ee95c]" name="validateConformanceOperationAndResponse" class="org.opengis.cite.ogcapifeatures10.conformance.core.conformance.Conformance"/>
      </group> <!-- conformance -->
      <group name="landingpage">
        <method signature="LandingPage.landingPageRetrieval()[pri:0, instance:org.opengis.cite.ogcapifeatures10.conformance.core.landingpage.LandingPage@1e287667]" name="landingPageRetrieval" class="org.opengis.cite.ogcapifeatures10.conformance.core.landingpage.LandingPage"/>
        <method signature="LandingPage.landingPageValidation()[pri:0, instance:org.opengis.cite.ogcapifeatures10.conformance.core.landingpage.LandingPage@1e287667]" name="landingPageValidation" class="org.opengis.cite.ogcapifeatures10.conformance.core.landingpage.LandingPage"/>
      </group> <!-- landingpage -->
      <group name="apidefinition">
        <method signature="ApiDefinition.openapiDocumentRetrieval()[pri:0, instance:org.opengis.cite.ogcapifeatures10.conformance.core.apidefinition.ApiDefinition@e362c57]" name="openapiDocumentRetrieval" class="org.opengis.cite.ogcapifeatures10.conformance.core.apidefinition.ApiDefinition"/>
        <method signature="ApiDefinition.apiDefinitionValidation(org.testng.ITestContext)[pri:0, instance:org.opengis.cite.ogcapifeatures10.conformance.core.apidefinition.ApiDefinition@e362c57]" name="apiDefinitionValidation" class="org.opengis.cite.ogcapifeatures10.conformance.core.apidefinition.ApiDefinition"/>
      </group> <!-- apidefinition -->
      <group name="crs-conformance">
        <method signature="CrsRequirementClassPrecondition.verifyConformanceClass()[pri:0, instance:org.opengis.cite.ogcapifeatures10.conformance.crs.CrsRequirementClassPrecondition@62b3df3a]" name="verifyConformanceClass" class="org.opengis.cite.ogcapifeatures10.conformance.crs.CrsRequirementClassPrecondition"/>
      </group> <!-- crs-conformance -->
      <group name="featuresBase">
        <method signature="Features.validateFeaturesOperation(org.testng.ITestContext,java.util.Map)[pri:0, instance:org.opengis.cite.ogcapifeatures10.conformance.core.collections.Features@35e52059]" name="validateFeaturesOperation" class="org.opengis.cite.ogcapifeatures10.conformance.core.collections.Features"/>
        <method signature="FeaturesErrorConditions.validateFeaturesOperation_QueryParamInvalid(java.util.Map)[pri:0, instance:org.opengis.cite.ogcapifeatures10.conformance.core.collections.FeaturesErrorConditions@62577d6]" name="validateFeaturesOperation_QueryParamInvalid" class="org.opengis.cite.ogcapifeatures10.conformance.core.collections.FeaturesErrorConditions"/>
        <method signature="FeaturesErrorConditions.validateFeaturesOperation_QueryParamUnknown(java.util.Map)[pri:0, instance:org.opengis.cite.ogcapifeatures10.conformance.core.collections.FeaturesErrorConditions@62577d6]" name="validateFeaturesOperation_QueryParamUnknown" class="org.opengis.cite.ogcapifeatures10.conformance.core.collections.FeaturesErrorConditions"/>
      </group> <!-- featuresBase -->
      <group name="collection">
        <method signature="FeatureCollection.validateFeatureCollectionMetadataOperation(org.testng.ITestContext,java.util.Map)[pri:0, instance:org.opengis.cite.ogcapifeatures10.conformance.core.collections.FeatureCollection@5aa360ea]" name="validateFeatureCollectionMetadataOperation" class="org.opengis.cite.ogcapifeatures10.conformance.core.collections.FeatureCollection"/>
        <method signature="FeatureCollection.validateFeatureCollectionMetadataResponse(java.util.Map)[pri:0, instance:org.opengis.cite.ogcapifeatures10.conformance.core.collections.FeatureCollection@5aa360ea]" name="validateFeatureCollectionMetadataResponse" class="org.opengis.cite.ogcapifeatures10.conformance.core.collections.FeatureCollection"/>
      </group> <!-- collection -->
    </groups>
    <test started-at="2025-12-31T10:20:07 UTC" name="Core" finished-at="2025-12-31T10:20:09 UTC" duration-ms="1504">
      <class name="org.opengis.cite.ogcapifeatures10.conformance.core.collections.FeaturesLimit">
        <test-method is-config="true" signature="initCommonFixture(org.testng.ITestContext)[pri:0, instance:org.opengis.cite.ogcapifeatures10.conformance.core.collections.FeaturesLimit@6b5f8707]" started-at="2025-12-31T10:20:08 UTC" name="initCommonFixture" finished-at="2025-12-31T10:20:08 UTC" duration-ms="0" status="PASS">
          <params>
            <param index="0">
              <value>
                <![CDATA[org.testng.TestRunner@3dc2f14]]>
              </value>
            </param>
          </params>
          <reporter-output>
          </reporter-output>
        </test-method> <!-- initCommonFixture -->
        <test-method is-config="true" signature="noOfCollections(org.testng.ITestContext)[pri:0, instance:org.opengis.cite.ogcapifeatures10.conformance.core.collections.FeaturesLimit@6b5f8707]" started-at="2025-12-31T10:20:08 UTC" name="noOfCollections" finished-at="2025-12-31T10:20:08 UTC" duration-ms="1" status="PASS">
          <params>
            <param index="0">
              <value>
                <![CDATA[org.testng.TestRunner@3dc2f14]]>
              </value>
            </param>
          </params>
          <reporter-output>
          </reporter-output>
        </test-method> <!-- noOfCollections -->
        <test-method is-config="true" signature="requirementClasses(org.testng.ITestContext)[pri:0, instance:org.opengis.cite.ogcapifeatures10.conformance.core.collections.FeaturesLimit@6b5f8707]" started-at="2025-12-31T10:20:08 UTC" name="requirementClasses" finished-at="2025-12-31T10:20:08 UTC" duration-ms="0" status="PASS">
          <params>
            <param index="0">
              <value>
                <![CDATA[org.testng.TestRunner@3dc2f14]]>
              </value>
            </param>
          </params>
          <reporter-output>
          </reporter-output>
        </test-method> <!-- requirementClasses -->
        <test-method is-config="true" signature="retrieveRequiredInformationFromTestContext(org.testng.ITestContext)[pri:0, instance:org.opengis.cite.ogcapifeatures10.conformance.core.collections.FeaturesLimit@6b5f8707]" started-at="2025-12-31T10:20:08 UTC" name="retrieveRequiredInformationFromTestContext" finished-at="2025-12-31T10:20:08 UTC" duration-ms="0" status="PASS">
          <params>
            <param index="0">
              <value>
                <![CDATA[org.testng.TestRunner@3dc2f14]]>
              </value>
            </param>
          </params>
          <reporter-output>
          </reporter-output>
        </test-method> <!-- retrieveRequiredInformationFromTestContext -->
        <test-method is-config="true" signature="retrieveApiModel(org.testng.ITestContext)[pri:0, instance:org.opengis.cite.ogcapifeatures10.conformance.core.collections.FeaturesLimit@6b5f8707]" started-at="2025-12-31T10:20:08 UTC" name="retrieveApiModel" finished-at="2025-12-31T10:20:08 UTC" duration-ms="0" status="PASS">
          <params>
            <param index="0">
              <value>
                <![CDATA[org.testng.TestRunner@3dc2f14]]>
              </value>
            </param>
          </params>
          <reporter-output>
          </reporter-output>
        </test-method> <!-- retrieveApiModel -->
      </class> <!-- org.opengis.cite.ogcapifeatures10.conformance.core.collections.FeaturesLimit -->
      <class name="org.opengis.cite.ogcapifeatures10.conformance.core.collections.FeatureCollections">
        <test-method is-config="true" signature="noOfCollections(org.testng.ITestContext)[pri:0, instance:org.opengis.cite.ogcapifeatures10.conformance.core.collections.FeatureCollections@1556f2dd]" started-at="2025-12-31T10:20:08 UTC" name="noOfCollections" finished-at="2025-12-31T10:20:08 UTC" duration-ms="0" status="PASS">
          <params>
            <param index="0">
              <value>
                <![CDATA[org.testng.TestRunner@3dc2f14]]>
              </value>
            </param>
          </params>
          <reporter-output>
          </reporter-output>
        </test-method> <!-- noOfCollections -->
        <test-method is-config="true" signature="requirementClasses(org.testng.ITestContext)[pri:0, instance:org.opengis.cite.ogcapifeatures10.conformance.core.collections.FeatureCollections@1556f2dd]" started-at="2025-12-31T10:20:08 UTC" name="requirementClasses" finished-at="2025-12-31T10:20:08 UTC" duration-ms="0" status="PASS">
          <params>
            <param index="0">
              <value>
                <![CDATA[org.testng.TestRunner@3dc2f14]]>
              </value>
            </param>
          </params>
          <reporter-output>
          </reporter-output>
        </test-method> <!-- requirementClasses -->
        <test-method is-config="true" signature="initCommonFixture(org.testng.ITestContext)[pri:0, instance:org.opengis.cite.ogcapifeatures10.conformance.core.collections.FeatureCollections@1556f2dd]" started-at="2025-12-31T10:20:08 UTC" name="initCommonFixture" finished-at="2025-12-31T10:20:08 UTC" duration-ms="0" status="PASS">
          <params>
            <param index="0">
              <value>
                <![CDATA[org.testng.TestRunner@3dc2f14]]>
              </value>
            </param>
          </params>
          <reporter-output>
          </reporter-output>
        </test-method> <!-- initCommonFixture -->
        <test-method is-config="true" signature="retrieveApiModel(org.testng.ITestContext)[pri:0, instance:org.opengis.cite.ogcapifeatures10.conformance.core.collections.FeatureCollections@1556f2dd]" started-at="2025-12-31T10:20:08 UTC" name="retrieveApiModel" finished-at="2025-12-31T10:20:08 UTC" duration-ms="1" status="PASS">
          <params>
            <param index="0">
              <value>
                <![CDATA[org.testng.TestRunner@3dc2f14]]>
              </value>
            </param>
          </params>
          <reporter-output>
          </reporter-output>
        </test-method> <!-- retrieveApiModel -->
        <test-method signature="validateFeatureCollectionsMetadataOperation(org.opengis.cite.ogcapifeatures10.openapi3.TestPoint)[pri:0, instance:org.opengis.cite.ogcapifeatures10.conformance.core.collections.FeatureCollections@1556f2dd]" started-at="2025-12-31T10:20:08 UTC" name="validateFeatureCollectionsMetadataOperation" description="Implements A.2.5. Feature Collections {root}/collections, Abstract Test 9 (Requirement /req/core/fc-md-op)" groups="collections" depends-on-groups="conformance, apidefinition" finished-at="2025-12-31T10:20:08 UTC" duration-ms="0" status="SKIP">
          <exception class="java.lang.Throwable">
            <message>
              <![CDATA[Method FeatureCollections.validateFeatureCollectionsMetadataOperation(org.opengis.cite.ogcapifeatures10.openapi3.TestPoint)[pri:0, instance:org.opengis.cite.ogcapifeatures10.conformance.core.collections.FeatureCollections@1556f2dd] depends on not successfully finished methods in group "conformance"]]>
            </message>
          </exception> <!-- java.lang.Throwable -->
          <reporter-output>
          </reporter-output>
        </test-method> <!-- validateFeatureCollectionsMetadataOperation -->
        <test-method is-config="true" signature="storeCollectionsInTestContext(org.testng.ITestContext)[pri:0, instance:org.opengis.cite.ogcapifeatures10.conformance.core.collections.FeatureCollections@1556f2dd]" started-at="2025-12-31T10:20:08 UTC" name="storeCollectionsInTestContext" finished-at="2025-12-31T10:20:08 UTC" duration-ms="0" status="PASS">
          <params>
            <param index="0">
              <value>
                <![CDATA[org.testng.TestRunner@3dc2f14]]>
              </value>
            </param>
          </params>
          <reporter-output>
          </reporter-output>
        </test-method> <!-- storeCollectionsInTestContext -->
        <test-method is-config="true" signature="storeCollectionsResponseInTestContext(org.testng.ITestContext)[pri:0, instance:org.opengis.cite.ogcapifeatures10.conformance.core.collections.FeatureCollections@1556f2dd]" started-at="2025-12-31T10:20:08 UTC" name="storeCollectionsResponseInTestContext" finished-at="2025-12-31T10:20:08 UTC" duration-ms="0" status="PASS">
          <params>
            <param index="0">
              <value>
                <![CDATA[org.testng.TestRunner@3dc2f14]]>
              </value>
            </param>
          </params>
          <reporter-output>
          </reporter-output>
        </test-method> <!-- storeCollectionsResponseInTestContext -->
      </class> <!-- org.opengis.cite.ogcapifeatures10.conformance.core.collections.FeatureCollections -->
      <class name="org.opengis.cite.ogcapifeatures10.conformance.core.collections.FeaturesTime">
        <test-method is-config="true" signature="requirementClasses(org.testng.ITestContext)[pri:0, instance:org.opengis.cite.ogcapifeatures10.conformance.core.collections.FeaturesTime@e27ba81]" started-at="2025-12-31T10:20:08 UTC" name="requirementClasses" finished-at="2025-12-31T10:20:08 UTC" duration-ms="1" status="PASS">
          <params>
            <param index="0">
              <value>
                <![CDATA[org.testng.TestRunner@3dc2f14]]>
              </value>
            </param>
          </params>
          <reporter-output>
          </reporter-output>
        </test-method> <!-- requirementClasses -->
        <test-method is-config="true" signature="initCommonFixture(org.testng.ITestContext)[pri:0, instance:org.opengis.cite.ogcapifeatures10.conformance.core.collections.FeaturesTime@e27ba81]" started-at="2025-12-31T10:20:08 UTC" name="initCommonFixture" finished-at="2025-12-31T10:20:08 UTC" duration-ms="0" status="PASS">
          <params>
            <param index="0">
              <value>
                <![CDATA[org.testng.TestRunner@3dc2f14]]>
              </value>
            </param>
          </params>
          <reporter-output>
          </reporter-output>
        </test-method> <!-- initCommonFixture -->
        <test-method is-config="true" signature="noOfCollections(org.testng.ITestContext)[pri:0, instance:org.opengis.cite.ogcapifeatures10.conformance.core.collections.FeaturesTime@e27ba81]" started-at="2025-12-31T10:20:08 UTC" name="noOfCollections" finished-at="2025-12-31T10:20:08 UTC" duration-ms="0" status="PASS">
          <params>
            <param index="0">
              <value>
                <![CDATA[org.testng.TestRunner@3dc2f14]]>
              </value>
            </param>
          </params>
          <reporter-output>
          </reporter-output>
        </test-method> <!-- noOfCollections -->
        <test-method is-config="true" signature="retrieveApiModel(org.testng.ITestContext)[pri:0, instance:org.opengis.cite.ogcapifeatures10.conformance.core.collections.FeaturesTime@e27ba81]" started-at="2025-12-31T10:20:08 UTC" name="retrieveApiModel" finished-at="2025-12-31T10:20:08 UTC" duration-ms="0" status="PASS">
          <params>
            <param index="0">
              <value>
                <![CDATA[org.testng.TestRunner@3dc2f14]]>
              </value>
            </param>
          </params>
          <reporter-output>
          </reporter-output>
        </test-method> <!-- retrieveApiModel -->
        <test-method is-config="true" signature="retrieveRequiredInformationFromTestContext(org.testng.ITestContext)[pri:0, instance:org.opengis.cite.ogcapifeatures10.conformance.core.collections.FeaturesTime@e27ba81]" started-at="2025-12-31T10:20:08 UTC" name="retrieveRequiredInformationFromTestContext" finished-at="2025-12-31T10:20:08 UTC" duration-ms="0" status="PASS">
          <params>
            <param index="0">
              <value>
                <![CDATA[org.testng.TestRunner@3dc2f14]]>
              </value>
            </param>
          </params>
          <reporter-output>
          </reporter-output>
        </test-method> <!-- retrieveRequiredInformationFromTestContext -->
      </class> <!-- org.opengis.cite.ogcapifeatures10.conformance.core.collections.FeaturesTime -->
      <class name="org.opengis.cite.ogcapifeatures10.conformance.core.collections.Features">
        <test-method is-config="true" signature="initCommonFixture(org.testng.ITestContext)[pri:0, instance:org.opengis.cite.ogcapifeatures10.conformance.core.collections.Features@35e52059]" started-at="2025-12-31T10:20:08 UTC" name="initCommonFixture" finished-at="2025-12-31T10:20:08 UTC" duration-ms="0" status="PASS">
          <params>
            <param index="0">
              <value>
                <![CDATA[org.testng.TestRunner@3dc2f14]]>
              </value>
            </param>
          </params>
          <reporter-output>
          </reporter-output>
        </test-method> <!-- initCommonFixture -->
        <test-method is-config="true" signature="noOfCollections(org.testng.ITestContext)[pri:0, instance:org.opengis.cite.ogcapifeatures10.conformance.core.collections.Features@35e52059]" started-at="2025-12-31T10:20:08 UTC" name="noOfCollections" finished-at="2025-12-31T10:20:08 UTC" duration-ms="0" status="PASS">
          <params>
            <param index="0">
              <value>
                <![CDATA[org.testng.TestRunner@3dc2f14]]>
              </value>
            </param>
          </params>
          <reporter-output>
          </reporter-output>
        </test-method> <!-- noOfCollections -->
        <test-method is-config="true" signature="retrieveRequiredInformationFromTestContext(org.testng.ITestContext)[pri:0, instance:org.opengis.cite.ogcapifeatures10.conformance.core.collections.Features@35e52059]" started-at="2025-12-31T10:20:08 UTC" name="retrieveRequiredInformationFromTestContext" finished-at="2025-12-31T10:20:08 UTC" duration-ms="0" status="PASS">
          <params>
            <param index="0">
              <value>
                <![CDATA[org.testng.TestRunner@3dc2f14]]>
              </value>
            </param>
          </params>
          <reporter-output>
          </reporter-output>
        </test-method> <!-- retrieveRequiredInformationFromTestContext -->
        <test-method is-config="true" signature="retrieveApiModel(org.testng.ITestContext)[pri:0, instance:org.opengis.cite.ogcapifeatures10.conformance.core.collections.Features@35e52059]" started-at="2025-12-31T10:20:08 UTC" name="retrieveApiModel" finished-at="2025-12-31T10:20:08 UTC" duration-ms="0" status="PASS">
          <params>
            <param index="0">
              <value>
                <![CDATA[org.testng.TestRunner@3dc2f14]]>
              </value>
            </param>
          </params>
          <reporter-output>
          </reporter-output>
        </test-method> <!-- retrieveApiModel -->
        <test-method is-config="true" signature="requirementClasses(org.testng.ITestContext)[pri:0, instance:org.opengis.cite.ogcapifeatures10.conformance.core.collections.Features@35e52059]" started-at="2025-12-31T10:20:08 UTC" name="requirementClasses" finished-at="2025-12-31T10:20:08 UTC" duration-ms="0" status="PASS">
          <params>
            <param index="0">
              <value>
                <![CDATA[org.testng.TestRunner@3dc2f14]]>
              </value>
            </param>
          </params>
          <reporter-output>
          </reporter-output>
        </test-method> <!-- requirementClasses -->
      </class> <!-- org.opengis.cite.ogcapifeatures10.conformance.core.collections.Features -->
      <class name="org.opengis.cite.ogcapifeatures10.conformance.core.collections.FeaturesErrorConditions">
        <test-method is-config="true" signature="noOfCollections(org.testng.ITestContext)[pri:0, instance:org.opengis.cite.ogcapifeatures10.conformance.core.collections.FeaturesErrorConditions@62577d6]" started-at="2025-12-31T10:20:08 UTC" name="noOfCollections" finished-at="2025-12-31T10:20:08 UTC" duration-ms="1" status="PASS">
          <params>
            <param index="0">
              <value>
                <![CDATA[org.testng.TestRunner@3dc2f14]]>
              </value>
            </param>
          </params>
          <reporter-output>
          </reporter-output>
        </test-method> <!-- noOfCollections -->
        <test-method is-config="true" signature="initCommonFixture(org.testng.ITestContext)[pri:0, instance:org.opengis.cite.ogcapifeatures10.conformance.core.collections.FeaturesErrorConditions@62577d6]" started-at="2025-12-31T10:20:08 UTC" name="initCommonFixture" finished-at="2025-12-31T10:20:08 UTC" duration-ms="0" status="PASS">
          <params>
            <param index="0">
              <value>
                <![CDATA[org.testng.TestRunner@3dc2f14]]>
              </value>
            </param>
          </params>
          <reporter-output>
          </reporter-output>
        </test-method> <!-- initCommonFixture -->
        <test-method is-config="true" signature="retrieveApiModel(org.testng.ITestContext)[pri:0, instance:org.opengis.cite.ogcapifeatures10.conformance.core.collections.FeaturesErrorConditions@62577d6]" started-at="2025-12-31T10:20:08 UTC" name="retrieveApiModel" finished-at="2025-12-31T10:20:08 UTC" duration-ms="0" status="PASS">
          <params>
            <param index="0">
              <value>
                <![CDATA[org.testng.TestRunner@3dc2f14]]>
              </value>
            </param>
          </params>
          <reporter-output>
          </reporter-output>
        </test-method> <!-- retrieveApiModel -->
        <test-method is-config="true" signature="retrieveRequiredInformationFromTestContext(org.testng.ITestContext)[pri:0, instance:org.opengis.cite.ogcapifeatures10.conformance.core.collections.FeaturesErrorConditions@62577d6]" started-at="2025-12-31T10:20:08 UTC" name="retrieveRequiredInformationFromTestContext" finished-at="2025-12-31T10:20:08 UTC" duration-ms="0" status="PASS">
          <params>
            <param index="0">
              <value>
                <![CDATA[org.testng.TestRunner@3dc2f14]]>
              </value>
            </param>
          </params>
          <reporter-output>
          </reporter-output>
        </test-method> <!-- retrieveRequiredInformationFromTestContext -->
        <test-method is-config="true" signature="requirementClasses(org.testng.ITestContext)[pri:0, instance:org.opengis.cite.ogcapifeatures10.conformance.core.collections.FeaturesErrorConditions@62577d6]" started-at="2025-12-31T10:20:08 UTC" name="requirementClasses" finished-at="2025-12-31T10:20:08 UTC" duration-ms="0" status="PASS">
          <params>
            <param index="0">
              <value>
                <![CDATA[org.testng.TestRunner@3dc2f14]]>
              </value>
            </param>
          </params>
          <reporter-output>
          </reporter-output>
        </test-method> <!-- requirementClasses -->
      </class> <!-- org.opengis.cite.ogcapifeatures10.conformance.core.collections.FeaturesErrorConditions -->
      <class name="org.opengis.cite.ogcapifeatures10.conformance.core.collections.FeatureCollection">
        <test-method is-config="true" signature="noOfCollections(org.testng.ITestContext)[pri:0, instance:org.opengis.cite.ogcapifeatures10.conformance.core.collections.FeatureCollection@5aa360ea]" started-at="2025-12-31T10:20:08 UTC" name="noOfCollections" finished-at="2025-12-31T10:20:08 UTC" duration-ms="1" status="PASS">
          <params>
            <param index="0">
              <value>
                <![CDATA[org.testng.TestRunner@3dc2f14]]>
              </value>
            </param>
          </params>
          <reporter-output>
          </reporter-output>
        </test-method> <!-- noOfCollections -->
        <test-method is-config="true" signature="initCommonFixture(org.testng.ITestContext)[pri:0, instance:org.opengis.cite.ogcapifeatures10.conformance.core.collections.FeatureCollection@5aa360ea]" started-at="2025-12-31T10:20:08 UTC" name="initCommonFixture" finished-at="2025-12-31T10:20:08 UTC" duration-ms="0" status="PASS">
          <params>
            <param index="0">
              <value>
                <![CDATA[org.testng.TestRunner@3dc2f14]]>
              </value>
            </param>
          </params>
          <reporter-output>
          </reporter-output>
        </test-method> <!-- initCommonFixture -->
        <test-method signature="validateFeatureCollectionMetadataOperation(org.testng.ITestContext,java.util.Map)[pri:0, instance:org.opengis.cite.ogcapifeatures10.conformance.core.collections.FeatureCollection@5aa360ea]" started-at="2025-12-31T10:20:08 UTC" name="validateFeatureCollectionMetadataOperation" description="Implements A.2.6. Feature Collection {root}/collections/{collectionId}, Abstract Test 11 (Requirement /req/core/sfc-md-op)" groups="collection" depends-on-groups="collections" finished-at="2025-12-31T10:20:08 UTC" duration-ms="0" status="SKIP">
          <exception class="java.lang.Throwable">
            <message>
              <![CDATA[Method FeatureCollection.validateFeatureCollectionMetadataOperation(org.testng.ITestContext,java.util.Map)[pri:0, instance:org.opengis.cite.ogcapifeatures10.conformance.core.collections.FeatureCollection@5aa360ea] depends on not successfully finished methods in group "collections"]]>
            </message>
          </exception> <!-- java.lang.Throwable -->
          <reporter-output>
          </reporter-output>
        </test-method> <!-- validateFeatureCollectionMetadataOperation -->
        <test-method is-config="true" signature="requirementClasses(org.testng.ITestContext)[pri:0, instance:org.opengis.cite.ogcapifeatures10.conformance.core.collections.FeatureCollection@5aa360ea]" started-at="2025-12-31T10:20:08 UTC" name="requirementClasses" finished-at="2025-12-31T10:20:08 UTC" duration-ms="0" status="PASS">
          <params>
            <param index="0">
              <value>
                <![CDATA[org.testng.TestRunner@3dc2f14]]>
              </value>
            </param>
          </params>
          <reporter-output>
          </reporter-output>
        </test-method> <!-- requirementClasses -->
        <test-method is-config="true" signature="retrieveApiModel(org.testng.ITestContext)[pri:0, instance:org.opengis.cite.ogcapifeatures10.conformance.core.collections.FeatureCollection@5aa360ea]" started-at="2025-12-31T10:20:08 UTC" name="retrieveApiModel" finished-at="2025-12-31T10:20:08 UTC" duration-ms="0" status="PASS">
          <params>
            <param index="0">
              <value>
                <![CDATA[org.testng.TestRunner@3dc2f14]]>
              </value>
            </param>
          </params>
          <reporter-output>
          </reporter-output>
        </test-method> <!-- retrieveApiModel -->
        <test-method is-config="true" signature="storeCollectionInTestContext(org.testng.ITestContext)[pri:0, instance:org.opengis.cite.ogcapifeatures10.conformance.core.collections.FeatureCollection@5aa360ea]" started-at="2025-12-31T10:20:08 UTC" name="storeCollectionInTestContext" finished-at="2025-12-31T10:20:08 UTC" duration-ms="0" status="PASS">
          <params>
            <param index="0">
              <value>
                <![CDATA[org.testng.TestRunner@3dc2f14]]>
              </value>
            </param>
          </params>
          <reporter-output>
          </reporter-output>
        </test-method> <!-- storeCollectionInTestContext -->
      </class> <!-- org.opengis.cite.ogcapifeatures10.conformance.core.collections.FeatureCollection -->
      <class name="org.opengis.cite.ogcapifeatures10.conformance.core.conformance.Conformance">
        <test-method is-config="true" signature="initCommonFixture(org.testng.ITestContext)[pri:0, instance:org.opengis.cite.ogcapifeatures10.conformance.core.conformance.Conformance@1c4ee95c]" started-at="2025-12-31T10:20:08 UTC" name="initCommonFixture" finished-at="2025-12-31T10:20:08 UTC" duration-ms="1" status="PASS">
          <params>
            <param index="0">
              <value>
                <![CDATA[org.testng.TestRunner@3dc2f14]]>
              </value>
            </param>
          </params>
          <reporter-output>
          </reporter-output>
        </test-method> <!-- initCommonFixture -->
        <test-method signature="validateConformanceOperationAndResponse(org.opengis.cite.ogcapifeatures10.openapi3.TestPoint)[pri:0, instance:org.opengis.cite.ogcapifeatures10.conformance.core.conformance.Conformance@1c4ee95c]" started-at="2025-12-31T10:20:08 UTC" name="validateConformanceOperationAndResponse" description="Implements A.2.4. Conformance Path {root}/conformance, Abstract Test 7 + 8 (Requirements /req/core/conformance-op and /req/core/conformance-success)" groups="conformance" data-provider="conformanceUris" depends-on-groups="apidefinition" finished-at="2025-12-31T10:20:08 UTC" duration-ms="1" status="FAIL">
          <params>
            <param index="0">
              <value>
                <![CDATA[Server URL: http://dummydata.com , Path: /conformance, Replacements: {}]]>
              </value>
            </param>
          </params>
          <exception class="java.lang.RuntimeException">
            <message>
              <![CDATA[No conformance classes found at the /conformance path.]]>
            </message>
          </exception> <!-- java.lang.RuntimeException -->
          <reporter-output>
          </reporter-output>
          <attributes>
            <attribute name="request">
              <![CDATA[]]>
            </attribute> <!-- request -->
            <attribute name="response">
              <![CDATA[]]>
            </attribute> <!-- response -->
          </attributes>
        </test-method> <!-- validateConformanceOperationAndResponse -->
        <test-method is-config="true" signature="clearMessages()[pri:0, instance:org.opengis.cite.ogcapifeatures10.conformance.core.conformance.Conformance@1c4ee95c]" started-at="2025-12-31T10:20:08 UTC" name="clearMessages" finished-at="2025-12-31T10:20:08 UTC" duration-ms="0" status="PASS">
          <reporter-output>
          </reporter-output>
        </test-method> <!-- clearMessages -->
        <test-method is-config="true" signature="storeRequirementClassesInTestContext(org.testng.ITestContext)[pri:0, instance:org.opengis.cite.ogcapifeatures10.conformance.core.conformance.Conformance@1c4ee95c]" started-at="2025-12-31T10:20:08 UTC" name="storeRequirementClassesInTestContext" finished-at="2025-12-31T10:20:08 UTC" duration-ms="0" status="FAIL">
          <params>
            <param index="0">
              <value>
                <![CDATA[org.testng.TestRunner@3dc2f14]]>
              </value>
            </param>
          </params>
          <exception class="java.lang.NullPointerException">
          </exception> <!-- java.lang.NullPointerException -->
          <reporter-output>
          </reporter-output>
        </test-method> <!-- storeRequirementClassesInTestContext -->
      </class> <!-- org.opengis.cite.ogcapifeatures10.conformance.core.conformance.Conformance -->
      <class name="org.opengis.cite.ogcapifeatures10.conformance.core.apidefinition.ApiDefinition">
        <test-method is-config="true" signature="initCommonFixture(org.testng.ITestContext)[pri:0, instance:org.opengis.cite.ogcapifeatures10.conformance.core.apidefinition.ApiDefinition@e362c57]" started-at="2025-12-31T10:20:08 UTC" name="initCommonFixture" finished-at="2025-12-31T10:20:08 UTC" duration-ms="1" status="PASS">
          <params>
            <param index="0">
              <value>
                <![CDATA[org.testng.TestRunner@3dc2f14]]>
              </value>
            </param>
          </params>
          <reporter-output>
          </reporter-output>
        </test-method> <!-- initCommonFixture -->
        <test-method is-config="true" signature="retrieveApiUrl()[pri:0, instance:org.opengis.cite.ogcapifeatures10.conformance.core.apidefinition.ApiDefinition@e362c57]" started-at="2025-12-31T10:20:08 UTC" name="retrieveApiUrl" finished-at="2025-12-31T10:20:08 UTC" depends-on-methods="org.opengis.cite.ogcapifeatures10.conformance.CommonFixture.initCommonFixture" duration-ms="32" status="PASS">
          <reporter-output>
          </reporter-output>
        </test-method> <!-- retrieveApiUrl -->
        <test-method signature="openapiDocumentRetrieval()[pri:0, instance:org.opengis.cite.ogcapifeatures10.conformance.core.apidefinition.ApiDefinition@e362c57]" started-at="2025-12-31T10:20:08 UTC" name="openapiDocumentRetrieval" description="Implements A.2.3. API Definition Path {root}/api (link), Abstract Test 5 (Requirement /req/core/api-definition-op)" groups="apidefinition" depends-on-groups="landingpage" finished-at="2025-12-31T10:20:08 UTC" duration-ms="25" status="PASS">
          <reporter-output>
          </reporter-output>
        </test-method> <!-- openapiDocumentRetrieval -->
        <test-method is-config="true" signature="clearMessages()[pri:0, instance:org.opengis.cite.ogcapifeatures10.conformance.core.apidefinition.ApiDefinition@e362c57]" started-at="2025-12-31T10:20:08 UTC" name="clearMessages" finished-at="2025-12-31T10:20:08 UTC" duration-ms="0" status="PASS">
          <reporter-output>
          </reporter-output>
        </test-method> <!-- clearMessages -->
        <test-method signature="apiDefinitionValidation(org.testng.ITestContext)[pri:0, instance:org.opengis.cite.ogcapifeatures10.conformance.core.apidefinition.ApiDefinition@e362c57]" started-at="2025-12-31T10:20:08 UTC" name="apiDefinitionValidation" description="Implements A.2.3. API Definition Path {root}/api (link), Abstract Test 6 (Requirement /req/core/api-definition-success)" groups="apidefinition" finished-at="2025-12-31T10:20:08 UTC" depends-on-methods="org.opengis.cite.ogcapifeatures10.conformance.core.apidefinition.ApiDefinition.openapiDocumentRetrieval" duration-ms="215" status="PASS">
          <params>
            <param index="0">
              <value>
                <![CDATA[org.testng.TestRunner@3dc2f14]]>
              </value>
            </param>
          </params>
          <reporter-output>
          </reporter-output>
        </test-method> <!-- apiDefinitionValidation -->
        <test-method is-config="true" signature="clearMessages()[pri:0, instance:org.opengis.cite.ogcapifeatures10.conformance.core.apidefinition.ApiDefinition@e362c57]" started-at="2025-12-31T10:20:08 UTC" name="clearMessages" finished-at="2025-12-31T10:20:08 UTC" duration-ms="0" status="PASS">
          <reporter-output>
          </reporter-output>
        </test-method> <!-- clearMessages -->
      </class> <!-- org.opengis.cite.ogcapifeatures10.conformance.core.apidefinition.ApiDefinition -->
      <class name="org.opengis.cite.ogcapifeatures10.conformance.core.collections.Feature">
        <test-method is-config="true" signature="requirementClasses(org.testng.ITestContext)[pri:0, instance:org.opengis.cite.ogcapifeatures10.conformance.core.collections.Feature@49bd54f7]" started-at="2025-12-31T10:20:08 UTC" name="requirementClasses" finished-at="2025-12-31T10:20:08 UTC" duration-ms="1" status="PASS">
          <params>
            <param index="0">
              <value>
                <![CDATA[org.testng.TestRunner@3dc2f14]]>
              </value>
            </param>
          </params>
          <reporter-output>
          </reporter-output>
        </test-method> <!-- requirementClasses -->
        <test-method is-config="true" signature="noOfCollections(org.testng.ITestContext)[pri:0, instance:org.opengis.cite.ogcapifeatures10.conformance.core.collections.Feature@49bd54f7]" started-at="2025-12-31T10:20:08 UTC" name="noOfCollections" finished-at="2025-12-31T10:20:08 UTC" duration-ms="0" status="PASS">
          <params>
            <param index="0">
              <value>
                <![CDATA[org.testng.TestRunner@3dc2f14]]>
              </value>
            </param>
          </params>
          <reporter-output>
          </reporter-output>
        </test-method> <!-- noOfCollections -->
        <test-method is-config="true" signature="initCommonFixture(org.testng.ITestContext)[pri:0, instance:org.opengis.cite.ogcapifeatures10.conformance.core.collections.Feature@49bd54f7]" started-at="2025-12-31T10:20:08 UTC" name="initCommonFixture" finished-at="2025-12-31T10:20:08 UTC" duration-ms="0" status="PASS">
          <params>
            <param index="0">
              <value>
                <![CDATA[org.testng.TestRunner@3dc2f14]]>
              </value>
            </param>
          </params>
          <reporter-output>
          </reporter-output>
        </test-method> <!-- initCommonFixture -->
        <test-method signature="featureOperation(java.util.Map,java.lang.String)[pri:0, instance:org.opengis.cite.ogcapifeatures10.conformance.core.collections.Feature@49bd54f7]" started-at="2025-12-31T10:20:08 UTC" name="featureOperation" description="Implements A.2.8. Feature, Abstract Test 27 (Requirement /req/core/f-op)" data-provider="collectionFeatureId" depends-on-groups="featuresBase" finished-at="2025-12-31T10:20:08 UTC" duration-ms="1" status="FAIL">
          <params>
            <param index="0">
              <value>
                <![CDATA[{id=dUmmYColLection}]]>
              </value>
            </param>
            <param index="1">
              <value is-null="true"/>
            </param>
          </params>
          <exception class="java.lang.AssertionError">
            <message>
              <![CDATA[No feature Ids found in tested collections.]]>
            </message>
          </exception> <!-- java.lang.AssertionError -->
          <reporter-output>
          </reporter-output>
          <attributes>
            <attribute name="request">
              <![CDATA[]]>
            </attribute> <!-- request -->
            <attribute name="response">
              <![CDATA[]]>
            </attribute> <!-- response -->
          </attributes>
        </test-method> <!-- featureOperation -->
        <test-method is-config="true" signature="retrieveRequiredInformationFromTestContext(org.testng.ITestContext)[pri:0, instance:org.opengis.cite.ogcapifeatures10.conformance.core.collections.Feature@49bd54f7]" started-at="2025-12-31T10:20:08 UTC" name="retrieveRequiredInformationFromTestContext" finished-at="2025-12-31T10:20:08 UTC" duration-ms="0" status="PASS">
          <params>
            <param index="0">
              <value>
                <![CDATA[org.testng.TestRunner@3dc2f14]]>
              </value>
            </param>
          </params>
          <reporter-output>
          </reporter-output>
        </test-method> <!-- retrieveRequiredInformationFromTestContext -->
        <test-method is-config="true" signature="clearMessages()[pri:0, instance:org.opengis.cite.ogcapifeatures10.conformance.core.collections.Feature@49bd54f7]" started-at="2025-12-31T10:20:08 UTC" name="clearMessages" finished-at="2025-12-31T10:20:08 UTC" duration-ms="0" status="PASS">
          <reporter-output>
          </reporter-output>
        </test-method> <!-- clearMessages -->
        <test-method is-config="true" signature="retrieveApiModel(org.testng.ITestContext)[pri:0, instance:org.opengis.cite.ogcapifeatures10.conformance.core.collections.Feature@49bd54f7]" started-at="2025-12-31T10:20:08 UTC" name="retrieveApiModel" finished-at="2025-12-31T10:20:08 UTC" duration-ms="0" status="PASS">
          <params>
            <param index="0">
              <value>
                <![CDATA[org.testng.TestRunner@3dc2f14]]>
              </value>
            </param>
          </params>
          <reporter-output>
          </reporter-output>
        </test-method> <!-- retrieveApiModel -->
        <test-method is-config="true" signature="clearMessages()[pri:0, instance:org.opengis.cite.ogcapifeatures10.conformance.core.collections.Feature@49bd54f7]" started-at="2025-12-31T10:20:09 UTC" name="clearMessages" finished-at="2025-12-31T10:20:09 UTC" duration-ms="1" status="PASS">
          <reporter-output>
          </reporter-output>
        </test-method> <!-- clearMessages -->
        <test-method signature="validateFeatureResponse(java.util.Map,java.lang.String)[pri:0, instance:org.opengis.cite.ogcapifeatures10.conformance.core.collections.Feature@49bd54f7]" started-at="2025-12-31T10:20:09 UTC" name="validateFeatureResponse" description="Implements A.2.8. Feature, Abstract Test 28 + 29 (Requirements /req/core/f-success, /req/core/f-links)" data-provider="collectionFeatureId" finished-at="2025-12-31T10:20:09 UTC" depends-on-methods="org.opengis.cite.ogcapifeatures10.conformance.core.collections.Feature.featureOperation" duration-ms="0" status="FAIL">
          <params>
            <param index="0">
              <value>
                <![CDATA[{id=dUmmYColLection}]]>
              </value>
            </param>
            <param index="1">
              <value is-null="true"/>
            </param>
          </params>
          <exception class="java.lang.AssertionError">
            <message>
              <![CDATA[No feature Ids found in tested collections.]]>
            </message>
          </exception> <!-- java.lang.AssertionError -->
          <reporter-output>
          </reporter-output>
          <attributes>
            <attribute name="request">
              <![CDATA[]]>
            </attribute> <!-- request -->
            <attribute name="response">
              <![CDATA[]]>
            </attribute> <!-- response -->
          </attributes>
        </test-method> <!-- validateFeatureResponse -->
      </class> <!-- org.opengis.cite.ogcapifeatures10.conformance.core.collections.Feature -->
      <class name="org.opengis.cite.ogcapifeatures10.conformance.core.collections.FeaturesBBox">
        <test-method is-config="true" signature="initCommonFixture(org.testng.ITestContext)[pri:0, instance:org.opengis.cite.ogcapifeatures10.conformance.core.collections.FeaturesBBox@6548bb7d]" started-at="2025-12-31T10:20:08 UTC" name="initCommonFixture" finished-at="2025-12-31T10:20:08 UTC" duration-ms="0" status="PASS">
          <params>
            <param index="0">
              <value>
                <![CDATA[org.testng.TestRunner@3dc2f14]]>
              </value>
            </param>
          </params>
          <reporter-output>
          </reporter-output>
        </test-method> <!-- initCommonFixture -->
        <test-method is-config="true" signature="noOfCollections(org.testng.ITestContext)[pri:0, instance:org.opengis.cite.ogcapifeatures10.conformance.core.collections.FeaturesBBox@6548bb7d]" started-at="2025-12-31T10:20:08 UTC" name="noOfCollections" finished-at="2025-12-31T10:20:08 UTC" duration-ms="0" status="PASS">
          <params>
            <param index="0">
              <value>
                <![CDATA[org.testng.TestRunner@3dc2f14]]>
              </value>
            </param>
          </params>
          <reporter-output>
          </reporter-output>
        </test-method> <!-- noOfCollections -->
        <test-method is-config="true" signature="retrieveRequiredInformationFromTestContext(org.testng.ITestContext)[pri:0, instance:org.opengis.cite.ogcapifeatures10.conformance.core.collections.FeaturesBBox@6548bb7d]" started-at="2025-12-31T10:20:08 UTC" name="retrieveRequiredInformationFromTestContext" finished-at="2025-12-31T10:20:08 UTC" duration-ms="0" status="PASS">
          <params>
            <param index="0">
              <value>
                <![CDATA[org.testng.TestRunner@3dc2f14]]>
              </value>
            </param>
          </params>
          <reporter-output>
          </reporter-output>
        </test-method> <!-- retrieveRequiredInformationFromTestContext -->
        <test-method is-config="true" signature="retrieveApiModel(org.testng.ITestContext)[pri:0, instance:org.opengis.cite.ogcapifeatures10.conformance.core.collections.FeaturesBBox@6548bb7d]" started-at="2025-12-31T10:20:08 UTC" name="retrieveApiModel" finished-at="2025-12-31T10:20:08 UTC" duration-ms="0" status="PASS">
          <params>
            <param index="0">
              <value>
                <![CDATA[org.testng.TestRunner@3dc2f14]]>
              </value>
            </param>
          </params>
          <reporter-output>
          </reporter-output>
        </test-method> <!-- retrieveApiModel -->
        <test-method is-config="true" signature="requirementClasses(org.testng.ITestContext)[pri:0, instance:org.opengis.cite.ogcapifeatures10.conformance.core.collections.FeaturesBBox@6548bb7d]" started-at="2025-12-31T10:20:08 UTC" name="requirementClasses" finished-at="2025-12-31T10:20:08 UTC" duration-ms="0" status="PASS">
          <params>
            <param index="0">
              <value>
                <![CDATA[org.testng.TestRunner@3dc2f14]]>
              </value>
            </param>
          </params>
          <reporter-output>
          </reporter-output>
        </test-method> <!-- requirementClasses -->
      </class> <!-- org.opengis.cite.ogcapifeatures10.conformance.core.collections.FeaturesBBox -->
      <class name="org.opengis.cite.ogcapifeatures10.conformance.core.general.GeneralHttp">
        <test-method is-config="true" signature="initCommonFixture(org.testng.ITestContext)[pri:0, instance:org.opengis.cite.ogcapifeatures10.conformance.core.general.GeneralHttp@5cad8b7d]" started-at="2025-12-31T10:20:08 UTC" name="initCommonFixture" finished-at="2025-12-31T10:20:08 UTC" duration-ms="0" status="PASS">
          <params>
            <param index="0">
              <value>
                <![CDATA[org.testng.TestRunner@3dc2f14]]>
              </value>
            </param>
          </params>
          <reporter-output>
          </reporter-output>
        </test-method> <!-- initCommonFixture -->
        <test-method signature="http()[pri:0, instance:org.opengis.cite.ogcapifeatures10.conformance.core.general.GeneralHttp@5cad8b7d]" started-at="2025-12-31T10:20:08 UTC" name="http" description="Implements A.2.1.1. HTTP, Abstract Test 1 (Requirement /req/core/http)" finished-at="2025-12-31T10:20:08 UTC" duration-ms="30" status="PASS">
          <reporter-output>
          </reporter-output>
        </test-method> <!-- http -->
        <test-method is-config="true" signature="clearMessages()[pri:0, instance:org.opengis.cite.ogcapifeatures10.conformance.core.general.GeneralHttp@5cad8b7d]" started-at="2025-12-31T10:20:08 UTC" name="clearMessages" finished-at="2025-12-31T10:20:08 UTC" duration-ms="0" status="PASS">
          <reporter-output>
          </reporter-output>
        </test-method> <!-- clearMessages -->
      </class> <!-- org.opengis.cite.ogcapifeatures10.conformance.core.general.GeneralHttp -->
      <class name="org.opengis.cite.ogcapifeatures10.conformance.core.landingpage.LandingPage">
        <test-method is-config="true" signature="initCommonFixture(org.testng.ITestContext)[pri:0, instance:org.opengis.cite.ogcapifeatures10.conformance.core.landingpage.LandingPage@1e287667]" started-at="2025-12-31T10:20:07 UTC" name="initCommonFixture" finished-at="2025-12-31T10:20:07 UTC" duration-ms="185" status="PASS">
          <params>
            <param index="0">
              <value>
                <![CDATA[org.testng.TestRunner@3dc2f14]]>
              </value>
            </param>
          </params>
          <reporter-output>
          </reporter-output>
        </test-method> <!-- initCommonFixture -->
        <test-method is-config="true" signature="clearMessages()[pri:0, instance:org.opengis.cite.ogcapifeatures10.conformance.core.landingpage.LandingPage@1e287667]" started-at="2025-12-31T10:20:07 UTC" name="clearMessages" finished-at="2025-12-31T10:20:07 UTC" duration-ms="1" status="PASS">
          <reporter-output>
          </reporter-output>
        </test-method> <!-- clearMessages -->
        <test-method signature="landingPageRetrieval()[pri:0, instance:org.opengis.cite.ogcapifeatures10.conformance.core.landingpage.LandingPage@1e287667]" started-at="2025-12-31T10:20:07 UTC" name="landingPageRetrieval" description="Implements A.2.2. Landing Page {root}/, Abstract Test 3 (Requirement /req/core/root-op)" groups="landingpage" finished-at="2025-12-31T10:20:08 UTC" duration-ms="613" status="PASS">
          <reporter-output>
          </reporter-output>
        </test-method> <!-- landingPageRetrieval -->
        <test-method signature="landingPageValidation()[pri:0, instance:org.opengis.cite.ogcapifeatures10.conformance.core.landingpage.LandingPage@1e287667]" started-at="2025-12-31T10:20:08 UTC" name="landingPageValidation" description="Implements A.2.2. Landing Page {root}/, Abstract Test 4 (Requirement /req/core/root-success)" groups="landingpage" finished-at="2025-12-31T10:20:08 UTC" depends-on-methods="org.opengis.cite.ogcapifeatures10.conformance.core.landingpage.LandingPage.landingPageRetrieval" duration-ms="322" status="PASS">
          <reporter-output>
          </reporter-output>
        </test-method> <!-- landingPageValidation -->
        <test-method is-config="true" signature="clearMessages()[pri:0, instance:org.opengis.cite.ogcapifeatures10.conformance.core.landingpage.LandingPage@1e287667]" started-at="2025-12-31T10:20:08 UTC" name="clearMessages" finished-at="2025-12-31T10:20:08 UTC" duration-ms="0" status="PASS">
          <reporter-output>
          </reporter-output>
        </test-method> <!-- clearMessages -->
      </class> <!-- org.opengis.cite.ogcapifeatures10.conformance.core.landingpage.LandingPage -->
    </test> <!-- Core -->
    <test started-at="2025-12-31T10:20:09 UTC" name="Coordinate Reference Systems by Reference" finished-at="2025-12-31T10:20:09 UTC" duration-ms="32">
      <class name="org.opengis.cite.ogcapifeatures10.conformance.crs.query.crs.feature.FeatureCrsParameter">
        <test-method signature="verifyFeatureCrsParameter(java.lang.String,io.restassured.path.json.JsonPath,java.lang.String,org.opengis.cite.ogcapifeatures10.conformance.crs.query.crs.CoordinateSystem)[pri:1, instance:org.opengis.cite.ogcapifeatures10.conformance.crs.query.crs.feature.FeatureCrsParameter@17f460bb]" started-at="2025-12-31T10:20:09 UTC" name="verifyFeatureCrsParameter" description="Implements A.2.1 Query, Parameter crs, Abstract Test 1 (Requirement /req/crs/fc-crs-definition, /req/crs/fc-crs-valid-value B, /req/crs/ogc-crs-header, /req/crs/ogc-crs-header-value, /req/crs/geojson), Content-Crs header in the path /collections/{collectionId}/items/{featureId}" depends-on-groups="crs-conformance" finished-at="2025-12-31T10:20:09 UTC" duration-ms="0" status="SKIP">
          <exception class="java.lang.Throwable">
            <message>
              <![CDATA[Method FeatureCrsParameter.verifyFeatureCrsParameter(java.lang.String,io.restassured.path.json.JsonPath,java.lang.String,org.opengis.cite.ogcapifeatures10.conformance.crs.query.crs.CoordinateSystem)[pri:1, instance:org.opengis.cite.ogcapifeatures10.conformance.crs.query.crs.feature.FeatureCrsParameter@17f460bb] depends on not successfully finished methods in group "crs-conformance"]]>
            </message>
          </exception> <!-- java.lang.Throwable -->
          <reporter-output>
          </reporter-output>
        </test-method> <!-- verifyFeatureCrsParameter -->
        <test-method is-config="true" signature="initCommonFixture(org.testng.ITestContext)[pri:0, instance:org.opengis.cite.ogcapifeatures10.conformance.crs.query.crs.feature.FeatureCrsParameter@17f460bb]" started-at="2025-12-31T10:20:09 UTC" name="initCommonFixture" finished-at="2025-12-31T10:20:09 UTC" duration-ms="0" status="PASS">
          <params>
            <param index="0">
              <value>
                <![CDATA[org.testng.TestRunner@4ba13fed]]>
              </value>
            </param>
          </params>
          <reporter-output>
          </reporter-output>
        </test-method> <!-- initCommonFixture -->
        <test-method is-config="true" signature="retrieveRequiredInformationFromTestContext(org.testng.ITestContext)[pri:0, instance:org.opengis.cite.ogcapifeatures10.conformance.crs.query.crs.feature.FeatureCrsParameter@17f460bb]" started-at="2025-12-31T10:20:09 UTC" name="retrieveRequiredInformationFromTestContext" finished-at="2025-12-31T10:20:09 UTC" duration-ms="0" status="PASS">
          <params>
            <param index="0">
              <value>
                <![CDATA[org.testng.TestRunner@4ba13fed]]>
              </value>
            </param>
          </params>
          <reporter-output>
          </reporter-output>
        </test-method> <!-- retrieveRequiredInformationFromTestContext -->
      </class> <!-- org.opengis.cite.ogcapifeatures10.conformance.crs.query.crs.feature.FeatureCrsParameter -->
      <class name="org.opengis.cite.ogcapifeatures10.conformance.crs.query.crs.feature.FeatureCrsParameterInvalid">
        <test-method signature="verifyFeatureCrsParameterInvalid(java.lang.String,io.restassured.path.json.JsonPath,java.lang.String)[pri:1, instance:org.opengis.cite.ogcapifeatures10.conformance.crs.query.crs.feature.FeatureCrsParameterInvalid@64a1923a]" started-at="2025-12-31T10:20:09 UTC" name="verifyFeatureCrsParameterInvalid" description="Implements A.2.1 Query, Parameter crs, Abstract Test 1 (Requirement /req/crs/fc-crs-valid-value), Invalid CRS requesting path /collections/{collectionId}/items/{featureId}" depends-on-groups="crs-conformance" finished-at="2025-12-31T10:20:09 UTC" duration-ms="0" status="SKIP">
          <exception class="java.lang.Throwable">
            <message>
              <![CDATA[Method FeatureCrsParameterInvalid.verifyFeatureCrsParameterInvalid(java.lang.String,io.restassured.path.json.JsonPath,java.lang.String)[pri:1, instance:org.opengis.cite.ogcapifeatures10.conformance.crs.query.crs.feature.FeatureCrsParameterInvalid@64a1923a] depends on not successfully finished methods in group "crs-conformance"]]>
            </message>
          </exception> <!-- java.lang.Throwable -->
          <reporter-output>
          </reporter-output>
        </test-method> <!-- verifyFeatureCrsParameterInvalid -->
        <test-method is-config="true" signature="initCommonFixture(org.testng.ITestContext)[pri:0, instance:org.opengis.cite.ogcapifeatures10.conformance.crs.query.crs.feature.FeatureCrsParameterInvalid@64a1923a]" started-at="2025-12-31T10:20:09 UTC" name="initCommonFixture" finished-at="2025-12-31T10:20:09 UTC" duration-ms="0" status="PASS">
          <params>
            <param index="0">
              <value>
                <![CDATA[org.testng.TestRunner@4ba13fed]]>
              </value>
            </param>
          </params>
          <reporter-output>
          </reporter-output>
        </test-method> <!-- initCommonFixture -->
        <test-method is-config="true" signature="retrieveRequiredInformationFromTestContext(org.testng.ITestContext)[pri:0, instance:org.opengis.cite.ogcapifeatures10.conformance.crs.query.crs.feature.FeatureCrsParameterInvalid@64a1923a]" started-at="2025-12-31T10:20:09 UTC" name="retrieveRequiredInformationFromTestContext" finished-at="2025-12-31T10:20:09 UTC" duration-ms="0" status="PASS">
          <params>
            <param index="0">
              <value>
                <![CDATA[org.testng.TestRunner@4ba13fed]]>
              </value>
            </param>
          </params>
          <reporter-output>
          </reporter-output>
        </test-method> <!-- retrieveRequiredInformationFromTestContext -->
      </class> <!-- org.opengis.cite.ogcapifeatures10.conformance.crs.query.crs.feature.FeatureCrsParameterInvalid -->
      <class name="org.opengis.cite.ogcapifeatures10.conformance.crs.query.crs.features.FeaturesCrsParameter">
        <test-method signature="verifyFeaturesCrsParameter(java.lang.String,io.restassured.path.json.JsonPath,org.opengis.cite.ogcapifeatures10.conformance.crs.query.crs.CoordinateSystem)[pri:1, instance:org.opengis.cite.ogcapifeatures10.conformance.crs.query.crs.features.FeaturesCrsParameter@41c62850]" started-at="2025-12-31T10:20:09 UTC" name="verifyFeaturesCrsParameter" description="Implements A.2.1 Query, Parameter crs, Abstract Test 4 (Requirement /req/crs/fc-crs-definition, /req/crs/fc-crs-valid-value B, /req/crs/ogc-crs-header, /req/crs/ogc-crs-header-value, /req/crs/geojson), Content-Crs header in the path /collections/{collectionId}/items" depends-on-groups="crs-conformance" finished-at="2025-12-31T10:20:09 UTC" duration-ms="0" status="SKIP">
          <exception class="java.lang.Throwable">
            <message>
              <![CDATA[Method FeaturesCrsParameter.verifyFeaturesCrsParameter(java.lang.String,io.restassured.path.json.JsonPath,org.opengis.cite.ogcapifeatures10.conformance.crs.query.crs.CoordinateSystem)[pri:1, instance:org.opengis.cite.ogcapifeatures10.conformance.crs.query.crs.features.FeaturesCrsParameter@41c62850] depends on not successfully finished methods in group "crs-conformance"]]>
            </message>
          </exception> <!-- java.lang.Throwable -->
          <reporter-output>
          </reporter-output>
        </test-method> <!-- verifyFeaturesCrsParameter -->
        <test-method is-config="true" signature="retrieveRequiredInformationFromTestContext(org.testng.ITestContext)[pri:0, instance:org.opengis.cite.ogcapifeatures10.conformance.crs.query.crs.features.FeaturesCrsParameter@41c62850]" started-at="2025-12-31T10:20:09 UTC" name="retrieveRequiredInformationFromTestContext" finished-at="2025-12-31T10:20:09 UTC" duration-ms="0" status="PASS">
          <params>
            <param index="0">
              <value>
                <![CDATA[org.testng.TestRunner@4ba13fed]]>
              </value>
            </param>
          </params>
          <reporter-output>
          </reporter-output>
        </test-method> <!-- retrieveRequiredInformationFromTestContext -->
        <test-method is-config="true" signature="initCommonFixture(org.testng.ITestContext)[pri:0, instance:org.opengis.cite.ogcapifeatures10.conformance.crs.query.crs.features.FeaturesCrsParameter@41c62850]" started-at="2025-12-31T10:20:09 UTC" name="initCommonFixture" finished-at="2025-12-31T10:20:09 UTC" duration-ms="0" status="PASS">
          <params>
            <param index="0">
              <value>
                <![CDATA[org.testng.TestRunner@4ba13fed]]>
              </value>
            </param>
          </params>
          <reporter-output>
          </reporter-output>
        </test-method> <!-- initCommonFixture -->
      </class> <!-- org.opengis.cite.ogcapifeatures10.conformance.crs.query.crs.features.FeaturesCrsParameter -->
      <class name="org.opengis.cite.ogcapifeatures10.conformance.crs.query.bboxcrs.BBoxCrsParameterDefault">
        <test-method is-config="true" signature="initCommonFixture(org.testng.ITestContext)[pri:0, instance:org.opengis.cite.ogcapifeatures10.conformance.crs.query.bboxcrs.BBoxCrsParameterDefault@50b1f030]" started-at="2025-12-31T10:20:09 UTC" name="initCommonFixture" finished-at="2025-12-31T10:20:09 UTC" duration-ms="1" status="PASS">
          <params>
            <param index="0">
              <value>
                <![CDATA[org.testng.TestRunner@4ba13fed]]>
              </value>
            </param>
          </params>
          <reporter-output>
          </reporter-output>
        </test-method> <!-- initCommonFixture -->
        <test-method signature="verifyBboxCrsParameterDefault(java.lang.String,io.restassured.path.json.JsonPath,org.opengis.cite.ogcapifeatures10.conformance.crs.query.crs.CoordinateSystem)[pri:1, instance:org.opengis.cite.ogcapifeatures10.conformance.crs.query.bboxcrs.BBoxCrsParameterDefault@50b1f030]" started-at="2025-12-31T10:20:09 UTC" name="verifyBboxCrsParameterDefault" description="Implements A.2.2 Query, Parameter bbox-crs, Abstract Test 10 (Requirement /req/crs/fc-bbox-crs-default-value)" depends-on-groups="crs-conformance" finished-at="2025-12-31T10:20:09 UTC" duration-ms="0" status="SKIP">
          <exception class="java.lang.Throwable">
            <message>
              <![CDATA[Method BBoxCrsParameterDefault.verifyBboxCrsParameterDefault(java.lang.String,io.restassured.path.json.JsonPath,org.opengis.cite.ogcapifeatures10.conformance.crs.query.crs.CoordinateSystem)[pri:1, instance:org.opengis.cite.ogcapifeatures10.conformance.crs.query.bboxcrs.BBoxCrsParameterDefault@50b1f030] depends on not successfully finished methods in group "crs-conformance"]]>
            </message>
          </exception> <!-- java.lang.Throwable -->
          <reporter-output>
          </reporter-output>
        </test-method> <!-- verifyBboxCrsParameterDefault -->
        <test-method is-config="true" signature="retrieveRequiredInformationFromTestContext(org.testng.ITestContext)[pri:0, instance:org.opengis.cite.ogcapifeatures10.conformance.crs.query.bboxcrs.BBoxCrsParameterDefault@50b1f030]" started-at="2025-12-31T10:20:09 UTC" name="retrieveRequiredInformationFromTestContext" finished-at="2025-12-31T10:20:09 UTC" duration-ms="0" status="PASS">
          <params>
            <param index="0">
              <value>
                <![CDATA[org.testng.TestRunner@4ba13fed]]>
              </value>
            </param>
          </params>
          <reporter-output>
          </reporter-output>
        </test-method> <!-- retrieveRequiredInformationFromTestContext -->
      </class> <!-- org.opengis.cite.ogcapifeatures10.conformance.crs.query.bboxcrs.BBoxCrsParameterDefault -->
      <class name="org.opengis.cite.ogcapifeatures10.conformance.crs.CrsRequirementClassPrecondition">
        <test-method is-config="true" signature="conformanceClasses(org.testng.ITestContext)[pri:0, instance:org.opengis.cite.ogcapifeatures10.conformance.crs.CrsRequirementClassPrecondition@62b3df3a]" started-at="2025-12-31T10:20:09 UTC" name="conformanceClasses" finished-at="2025-12-31T10:20:09 UTC" duration-ms="0" status="PASS">
          <params>
            <param index="0">
              <value>
                <![CDATA[org.testng.TestRunner@4ba13fed]]>
              </value>
            </param>
          </params>
          <reporter-output>
          </reporter-output>
        </test-method> <!-- conformanceClasses -->
        <test-method signature="verifyConformanceClass()[pri:0, instance:org.opengis.cite.ogcapifeatures10.conformance.crs.CrsRequirementClassPrecondition@62b3df3a]" started-at="2025-12-31T10:20:09 UTC" name="verifyConformanceClass" description="Precondition: conformance class http://www.opengis.net/spec/ogcapi-features-2/1.0/conf/crs must be implemented" groups="crs-conformance" finished-at="2025-12-31T10:20:09 UTC" duration-ms="1" status="SKIP">
          <exception class="org.testng.SkipException">
            <message>
              <![CDATA[Conformance class CRS is not supported by the test instance. Tests will be skipped.]]>
            </message>
          </exception> <!-- org.testng.SkipException -->
          <reporter-output>
          </reporter-output>
        </test-method> <!-- verifyConformanceClass -->
      </class> <!-- org.opengis.cite.ogcapifeatures10.conformance.crs.CrsRequirementClassPrecondition -->
      <class name="org.opengis.cite.ogcapifeatures10.conformance.crs.discovery.collections.DiscoveryCollectionsCrsUri">
        <test-method is-config="true" signature="initCommonFixture(org.testng.ITestContext)[pri:0, instance:org.opengis.cite.ogcapifeatures10.conformance.crs.discovery.collections.DiscoveryCollectionsCrsUri@5b43e173]" started-at="2025-12-31T10:20:09 UTC" name="initCommonFixture" finished-at="2025-12-31T10:20:09 UTC" duration-ms="1" status="PASS">
          <params>
            <param index="0">
              <value>
                <![CDATA[org.testng.TestRunner@4ba13fed]]>
              </value>
            </param>
          </params>
          <reporter-output>
          </reporter-output>
        </test-method> <!-- initCommonFixture -->
        <test-method signature="verifyCollectionsCollectionCrsIdentifierOfCrsProperty(org.opengis.cite.ogcapifeatures10.openapi3.TestPoint,io.restassured.path.json.JsonPath,java.util.Map)[pri:0, instance:org.opengis.cite.ogcapifeatures10.conformance.crs.discovery.collections.DiscoveryCollectionsCrsUri@5b43e173]" started-at="2025-12-31T10:20:09 UTC" name="verifyCollectionsCollectionCrsIdentifierOfCrsProperty" description="Implements A.1 Discovery, Abstract Test 1 (Requirement /req/crs/crs-uri, /req/crs/fc-md-crs-list A, /req/crs/fc-md-storageCrs, /req/crs/fc-md-crs-list-global), crs property in the collection objects in the path /collections" depends-on-groups="crs-conformance" finished-at="2025-12-31T10:20:09 UTC" duration-ms="0" status="SKIP">
          <exception class="java.lang.Throwable">
            <message>
              <![CDATA[Method DiscoveryCollectionsCrsUri.verifyCollectionsCollectionCrsIdentifierOfCrsProperty(org.opengis.cite.ogcapifeatures10.openapi3.TestPoint,io.restassured.path.json.JsonPath,java.util.Map)[pri:0, instance:org.opengis.cite.ogcapifeatures10.conformance.crs.discovery.collections.DiscoveryCollectionsCrsUri@5b43e173] depends on not successfully finished methods in group "crs-conformance"]]>
            </message>
          </exception> <!-- java.lang.Throwable -->
          <reporter-output>
          </reporter-output>
        </test-method> <!-- verifyCollectionsCollectionCrsIdentifierOfCrsProperty -->
        <test-method is-config="true" signature="retrieveApiModel(org.testng.ITestContext)[pri:0, instance:org.opengis.cite.ogcapifeatures10.conformance.crs.discovery.collections.DiscoveryCollectionsCrsUri@5b43e173]" started-at="2025-12-31T10:20:09 UTC" name="retrieveApiModel" finished-at="2025-12-31T10:20:09 UTC" duration-ms="0" status="PASS">
          <params>
            <param index="0">
              <value>
                <![CDATA[org.testng.TestRunner@4ba13fed]]>
              </value>
            </param>
          </params>
          <reporter-output>
          </reporter-output>
        </test-method> <!-- retrieveApiModel -->
        <test-method is-config="true" signature="noOfCollections(org.testng.ITestContext)[pri:0, instance:org.opengis.cite.ogcapifeatures10.conformance.crs.discovery.collections.DiscoveryCollectionsCrsUri@5b43e173]" started-at="2025-12-31T10:20:09 UTC" name="noOfCollections" finished-at="2025-12-31T10:20:09 UTC" duration-ms="0" status="PASS">
          <params>
            <param index="0">
              <value>
                <![CDATA[org.testng.TestRunner@4ba13fed]]>
              </value>
            </param>
          </params>
          <reporter-output>
          </reporter-output>
        </test-method> <!-- noOfCollections -->
        <test-method is-config="true" signature="retrieveRequiredInformationFromTestContext(org.testng.ITestContext)[pri:0, instance:org.opengis.cite.ogcapifeatures10.conformance.crs.discovery.collections.DiscoveryCollectionsCrsUri@5b43e173]" started-at="2025-12-31T10:20:09 UTC" name="retrieveRequiredInformationFromTestContext" finished-at="2025-12-31T10:20:09 UTC" duration-ms="0" status="PASS">
          <params>
            <param index="0">
              <value>
                <![CDATA[org.testng.TestRunner@4ba13fed]]>
              </value>
            </param>
          </params>
          <reporter-output>
          </reporter-output>
        </test-method> <!-- retrieveRequiredInformationFromTestContext -->
        <test-method is-config="true" signature="requirementClasses(org.testng.ITestContext)[pri:0, instance:org.opengis.cite.ogcapifeatures10.conformance.crs.discovery.collections.DiscoveryCollectionsCrsUri@5b43e173]" started-at="2025-12-31T10:20:09 UTC" name="requirementClasses" finished-at="2025-12-31T10:20:09 UTC" duration-ms="0" status="PASS">
          <params>
            <param index="0">
              <value>
                <![CDATA[org.testng.TestRunner@4ba13fed]]>
              </value>
            </param>
          </params>
          <reporter-output>
          </reporter-output>
        </test-method> <!-- requirementClasses -->
        <test-method signature="verifyCollectionsCollectionCrsIdentifierOfStorageCrs(org.opengis.cite.ogcapifeatures10.openapi3.TestPoint,io.restassured.path.json.JsonPath,java.util.Map)[pri:0, instance:org.opengis.cite.ogcapifeatures10.conformance.crs.discovery.collections.DiscoveryCollectionsCrsUri@5b43e173]" started-at="2025-12-31T10:20:09 UTC" name="verifyCollectionsCollectionCrsIdentifierOfStorageCrs" description="Implements A.1 Discovery, Abstract Test 1 (Requirement /req/crs/crs-uri, /req/crs/fc-md-crs-list A, /req/crs/fc-md-storageCrs, /req/crs/fc-md-crs-list-global), storageCrs property in the collection objects in the path /collections" depends-on-groups="crs-conformance" finished-at="2025-12-31T10:20:09 UTC" duration-ms="0" status="SKIP">
          <exception class="java.lang.Throwable">
            <message>
              <![CDATA[Method DiscoveryCollectionsCrsUri.verifyCollectionsCollectionCrsIdentifierOfStorageCrs(org.opengis.cite.ogcapifeatures10.openapi3.TestPoint,io.restassured.path.json.JsonPath,java.util.Map)[pri:0, instance:org.opengis.cite.ogcapifeatures10.conformance.crs.discovery.collections.DiscoveryCollectionsCrsUri@5b43e173] depends on not successfully finished methods in group "crs-conformance"]]>
            </message>
          </exception> <!-- java.lang.Throwable -->
          <reporter-output>
          </reporter-output>
        </test-method> <!-- verifyCollectionsCollectionCrsIdentifierOfStorageCrs -->
        <test-method signature="verifyCollectionsCrsIdentifierOfStorageCrs(org.opengis.cite.ogcapifeatures10.openapi3.TestPoint,io.restassured.path.json.JsonPath)[pri:0, instance:org.opengis.cite.ogcapifeatures10.conformance.crs.discovery.collections.DiscoveryCollectionsCrsUri@5b43e173]" started-at="2025-12-31T10:20:09 UTC" name="verifyCollectionsCrsIdentifierOfStorageCrs" description="Implements A.1 Discovery, Abstract Test 1 (Requirement /req/crs/crs-uri, /req/crs/fc-md-crs-list A, /req/crs/fc-md-storageCrs, /req/crs/fc-md-crs-list-global), storageCrs property in the collections object in the path /collections" depends-on-groups="crs-conformance" finished-at="2025-12-31T10:20:09 UTC" duration-ms="0" status="SKIP">
          <exception class="java.lang.Throwable">
            <message>
              <![CDATA[Method DiscoveryCollectionsCrsUri.verifyCollectionsCrsIdentifierOfStorageCrs(org.opengis.cite.ogcapifeatures10.openapi3.TestPoint,io.restassured.path.json.JsonPath)[pri:0, instance:org.opengis.cite.ogcapifeatures10.conformance.crs.discovery.collections.DiscoveryCollectionsCrsUri@5b43e173] depends on not successfully finished methods in group "crs-conformance"]]>
            </message>
          </exception> <!-- java.lang.Throwable -->
          <reporter-output>
          </reporter-output>
        </test-method> <!-- verifyCollectionsCrsIdentifierOfStorageCrs -->
        <test-method signature="verifyCollectionsCrsIdentifierOfCrsProperty(org.opengis.cite.ogcapifeatures10.openapi3.TestPoint,io.restassured.path.json.JsonPath)[pri:0, instance:org.opengis.cite.ogcapifeatures10.conformance.crs.discovery.collections.DiscoveryCollectionsCrsUri@5b43e173]" started-at="2025-12-31T10:20:09 UTC" name="verifyCollectionsCrsIdentifierOfCrsProperty" description="Implements A.1 Discovery, Abstract Test 1 (Requirement /req/crs/crs-uri, /req/crs/fc-md-crs-list A, /req/crs/fc-md-storageCrs, /req/crs/fc-md-crs-list-global), crs property in the collections object in the path /collections" depends-on-groups="crs-conformance" finished-at="2025-12-31T10:20:09 UTC" duration-ms="0" status="SKIP">
          <exception class="java.lang.Throwable">
            <message>
              <![CDATA[Method DiscoveryCollectionsCrsUri.verifyCollectionsCrsIdentifierOfCrsProperty(org.opengis.cite.ogcapifeatures10.openapi3.TestPoint,io.restassured.path.json.JsonPath)[pri:0, instance:org.opengis.cite.ogcapifeatures10.conformance.crs.discovery.collections.DiscoveryCollectionsCrsUri@5b43e173] depends on not successfully finished methods in group "crs-conformance"]]>
            </message>
          </exception> <!-- java.lang.Throwable -->
          <reporter-output>
          </reporter-output>
        </test-method> <!-- verifyCollectionsCrsIdentifierOfCrsProperty -->
      </class> <!-- org.opengis.cite.ogcapifeatures10.conformance.crs.discovery.collections.DiscoveryCollectionsCrsUri -->
      <class name="org.opengis.cite.ogcapifeatures10.conformance.crs.discovery.collection.DiscoveryCollectionCrsUri">
        <test-method signature="verifyCollectionCrsIdentifierOfCrsProperty(java.lang.String,org.opengis.cite.ogcapifeatures10.conformance.crs.query.crs.CoordinateSystem)[pri:0, instance:org.opengis.cite.ogcapifeatures10.conformance.crs.discovery.collection.DiscoveryCollectionCrsUri@420745d7]" started-at="2025-12-31T10:20:09 UTC" name="verifyCollectionCrsIdentifierOfCrsProperty" description="Implements A.1 Discovery, Abstract Test 1 (Requirement /req/crs/crs-uri, /req/crs/fc-md-crs-list A, /req/crs/fc-md-storageCrs, /req/crs/fc-md-crs-list-global), crs property in the collection object in the path /collection" groups="crs-discovery" depends-on-groups="crs-conformance" finished-at="2025-12-31T10:20:09 UTC" duration-ms="0" status="SKIP">
          <exception class="java.lang.Throwable">
            <message>
              <![CDATA[Method DiscoveryCollectionCrsUri.verifyCollectionCrsIdentifierOfCrsProperty(java.lang.String,org.opengis.cite.ogcapifeatures10.conformance.crs.query.crs.CoordinateSystem)[pri:0, instance:org.opengis.cite.ogcapifeatures10.conformance.crs.discovery.collection.DiscoveryCollectionCrsUri@420745d7] depends on not successfully finished methods in group "crs-conformance"]]>
            </message>
          </exception> <!-- java.lang.Throwable -->
          <reporter-output>
          </reporter-output>
        </test-method> <!-- verifyCollectionCrsIdentifierOfCrsProperty -->
        <test-method signature="verifyCollectionCrsIdentifierOfStorageCrsProperty(java.lang.String,org.opengis.cite.ogcapifeatures10.conformance.crs.query.crs.CoordinateSystem)[pri:0, instance:org.opengis.cite.ogcapifeatures10.conformance.crs.discovery.collection.DiscoveryCollectionCrsUri@420745d7]" started-at="2025-12-31T10:20:09 UTC" name="verifyCollectionCrsIdentifierOfStorageCrsProperty" description="Implements A.1 Discovery, Abstract Test 1 (Requirement /req/crs/crs-uri, /req/crs/fc-md-crs-list A, /req/crs/fc-md-storageCrs, /req/crs/fc-md-crs-list-global), storageCrs property in the collection object in the path /collection" groups="crs-discovery" depends-on-groups="crs-conformance" finished-at="2025-12-31T10:20:09 UTC" duration-ms="0" status="SKIP">
          <exception class="java.lang.Throwable">
            <message>
              <![CDATA[Method DiscoveryCollectionCrsUri.verifyCollectionCrsIdentifierOfStorageCrsProperty(java.lang.String,org.opengis.cite.ogcapifeatures10.conformance.crs.query.crs.CoordinateSystem)[pri:0, instance:org.opengis.cite.ogcapifeatures10.conformance.crs.discovery.collection.DiscoveryCollectionCrsUri@420745d7] depends on not successfully finished methods in group "crs-conformance"]]>
            </message>
          </exception> <!-- java.lang.Throwable -->
          <reporter-output>
          </reporter-output>
        </test-method> <!-- verifyCollectionCrsIdentifierOfStorageCrsProperty -->
        <test-method is-config="true" signature="storeCollectionInTestContext(org.testng.ITestContext)[pri:0, instance:org.opengis.cite.ogcapifeatures10.conformance.crs.discovery.collection.DiscoveryCollectionCrsUri@420745d7]" started-at="2025-12-31T10:20:09 UTC" name="storeCollectionInTestContext" finished-at="2025-12-31T10:20:09 UTC" duration-ms="0" status="PASS">
          <params>
            <param index="0">
              <value>
                <![CDATA[org.testng.TestRunner@4ba13fed]]>
              </value>
            </param>
          </params>
          <reporter-output>
[...]
          <params>
            <param index="0">
              <value>
                <![CDATA[org.testng.TestRunner@4ba13fed]]>
              </value>
            </param>
          </params>
          <reporter-output>
          </reporter-output>
        </test-method> <!-- retrieveRequiredInformationFromTestContext -->
        <test-method is-config="true" signature="initCommonFixture(org.testng.ITestContext)[pri:0, instance:org.opengis.cite.ogcapifeatures10.conformance.crs.query.bboxcrs.BBoxCrsParameter@4163f1cd]" started-at="2025-12-31T10:20:09 UTC" name="initCommonFixture" finished-at="2025-12-31T10:20:09 UTC" duration-ms="0" status="PASS">
          <params>
            <param index="0">
              <value>
                <![CDATA[org.testng.TestRunner@4ba13fed]]>
              </value>
            </param>
          </params>
          <reporter-output>
          </reporter-output>
        </test-method> <!-- initCommonFixture -->
        <test-method signature="verifyBboxCrsParameter(java.lang.String,io.restassured.path.json.JsonPath,org.opengis.cite.ogcapifeatures10.conformance.crs.query.crs.CoordinateSystem,org.opengis.cite.ogcapifeatures10.conformance.crs.query.crs.CoordinateSystem)[pri:1, instance:org.opengis.cite.ogcapifeatures10.conformance.crs.query.bboxcrs.BBoxCrsParameter@4163f1cd]" started-at="2025-12-31T10:20:09 UTC" name="verifyBboxCrsParameter" description="Implements A.2.2 Query, Parameter bbox-crs, Abstract Test 8 (Requirement /req/crs/fc-bbox-crs-definition, /req/crs/bbox-crs-action)" depends-on-groups="crs-conformance" finished-at="2025-12-31T10:20:09 UTC" depends-on-methods="org.opengis.cite.ogcapifeatures10.conformance.crs.query.bboxcrs.BBoxCrsParameter.verifyBboxCrsParameterWithDefaultCrs" duration-ms="0" status="SKIP">
          <exception class="java.lang.Throwable">
            <message>
              <![CDATA[Method BBoxCrsParameter.verifyBboxCrsParameter(java.lang.String,io.restassured.path.json.JsonPath,org.opengis.cite.ogcapifeatures10.conformance.crs.query.crs.CoordinateSystem,org.opengis.cite.ogcapifeatures10.conformance.crs.query.crs.CoordinateSystem)[pri:1, instance:org.opengis.cite.ogcapifeatures10.conformance.crs.query.bboxcrs.BBoxCrsParameter@4163f1cd] depends on not successfully finished methods in group "crs-conformance"]]>
            </message>
          </exception> <!-- java.lang.Throwable -->
          <reporter-output>
          </reporter-output>
        </test-method> <!-- verifyBboxCrsParameter -->
      </class> <!-- org.opengis.cite.ogcapifeatures10.conformance.crs.query.bboxcrs.BBoxCrsParameter -->
      <class name="org.opengis.cite.ogcapifeatures10.conformance.crs.query.crs.features.FeaturesCrsParameterTransform">
        <test-method is-config="true" signature="initCommonFixture(org.testng.ITestContext)[pri:0, instance:org.opengis.cite.ogcapifeatures10.conformance.crs.query.crs.features.FeaturesCrsParameterTransform@2b50150]" started-at="2025-12-31T10:20:09 UTC" name="initCommonFixture" finished-at="2025-12-31T10:20:09 UTC" duration-ms="0" status="PASS">
          <params>
            <param index="0">
              <value>
                <![CDATA[org.testng.TestRunner@4ba13fed]]>
              </value>
            </param>
          </params>
          <reporter-output>
          </reporter-output>
        </test-method> <!-- initCommonFixture -->
        <test-method signature="verifyFeaturesCrsParameterTransformWithoutCrsParameter(java.lang.String,io.restassured.path.json.JsonPath)[pri:1, instance:org.opengis.cite.ogcapifeatures10.conformance.crs.query.crs.features.FeaturesCrsParameterTransform@2b50150]" started-at="2025-12-31T10:20:09 UTC" name="verifyFeaturesCrsParameterTransformWithoutCrsParameter" description="Implements A.2.1 Query, Parameter crs, Abstract Test 7 (Requirement /req/crs/crs-action), Geometries in the path /collections/{collectionId}/items" depends-on-groups="crs-conformance" finished-at="2025-12-31T10:20:09 UTC" duration-ms="0" status="SKIP">
          <exception class="java.lang.Throwable">
            <message>
              <![CDATA[Method FeaturesCrsParameterTransform.verifyFeaturesCrsParameterTransformWithoutCrsParameter(java.lang.String,io.restassured.path.json.JsonPath)[pri:1, instance:org.opengis.cite.ogcapifeatures10.conformance.crs.query.crs.features.FeaturesCrsParameterTransform@2b50150] depends on not successfully finished methods in group "crs-conformance"]]>
            </message>
          </exception> <!-- java.lang.Throwable -->
          <reporter-output>
          </reporter-output>
        </test-method> <!-- verifyFeaturesCrsParameterTransformWithoutCrsParameter -->
        <test-method is-config="true" signature="retrieveRequiredInformationFromTestContext(org.testng.ITestContext)[pri:0, instance:org.opengis.cite.ogcapifeatures10.conformance.crs.query.crs.features.FeaturesCrsParameterTransform@2b50150]" started-at="2025-12-31T10:20:09 UTC" name="retrieveRequiredInformationFromTestContext" finished-at="2025-12-31T10:20:09 UTC" duration-ms="0" status="PASS">
          <params>
            <param index="0">
              <value>
                <![CDATA[org.testng.TestRunner@4ba13fed]]>
              </value>
            </param>
          </params>
          <reporter-output>
          </reporter-output>
        </test-method> <!-- retrieveRequiredInformationFromTestContext -->
        <test-method signature="verifyFeaturesCrsParameterTransformWithCrsParameter(java.lang.String,io.restassured.path.json.JsonPath,org.opengis.cite.ogcapifeatures10.conformance.crs.query.crs.CoordinateSystem,org.opengis.cite.ogcapifeatures10.conformance.crs.query.crs.CoordinateSystem)[pri:1, instance:org.opengis.cite.ogcapifeatures10.conformance.crs.query.crs.features.FeaturesCrsParameterTransform@2b50150]" started-at="2025-12-31T10:20:09 UTC" name="verifyFeaturesCrsParameterTransformWithCrsParameter" description="Implements A.2.1 Query, Parameter crs, Abstract Test 7 (Requirement /req/crs/crs-action), Transformed geometries in the path /collections/{collectionId}/items" depends-on-groups="crs-conformance" finished-at="2025-12-31T10:20:09 UTC" depends-on-methods="org.opengis.cite.ogcapifeatures10.conformance.crs.query.crs.features.FeaturesCrsParameterTransform.verifyFeaturesCrsParameterTransformWithoutCrsParameter" duration-ms="0" status="SKIP">
          <exception class="java.lang.Throwable">
            <message>
              <![CDATA[Method FeaturesCrsParameterTransform.verifyFeaturesCrsParameterTransformWithCrsParameter(java.lang.String,io.restassured.path.json.JsonPath,org.opengis.cite.ogcapifeatures10.conformance.crs.query.crs.CoordinateSystem,org.opengis.cite.ogcapifeatures10.conformance.crs.query.crs.CoordinateSystem)[pri:1, instance:org.opengis.cite.ogcapifeatures10.conformance.crs.query.crs.features.FeaturesCrsParameterTransform@2b50150] depends on not successfully finished methods in group "crs-conformance"]]>
            </message>
          </exception> <!-- java.lang.Throwable -->
          <reporter-output>
          </reporter-output>
        </test-method> <!-- verifyFeaturesCrsParameterTransformWithCrsParameter -->
      </class> <!-- org.opengis.cite.ogcapifeatures10.conformance.crs.query.crs.features.FeaturesCrsParameterTransform -->
      <class name="org.opengis.cite.ogcapifeatures10.conformance.SuitePreconditions">
        <test-method is-config="true" signature="verifyTestSubject()[pri:0, instance:org.opengis.cite.ogcapifeatures10.conformance.SuitePreconditions@5b69fd74]" started-at="2025-12-31T10:20:07 UTC" name="verifyTestSubject" finished-at="2025-12-31T10:20:07 UTC" duration-ms="7" status="PASS">
          <reporter-output>
          </reporter-output>
        </test-method> <!-- verifyTestSubject -->
      </class> <!-- org.opengis.cite.ogcapifeatures10.conformance.SuitePreconditions -->
      <class name="org.opengis.cite.ogcapifeatures10.conformance.crs.query.crs.feature.FeatureCrsParameterTransform">
        <test-method signature="verifyFeatureCrsParameterTransformWithCrsParameter(java.lang.String,io.restassured.path.json.JsonPath,java.lang.String)[pri:1, instance:org.opengis.cite.ogcapifeatures10.conformance.crs.query.crs.feature.FeatureCrsParameterTransform@678040b3]" started-at="2025-12-31T10:20:09 UTC" name="verifyFeatureCrsParameterTransformWithCrsParameter" description="Implements A.2.1 Query, Parameter crs, Abstract Test 7 (Requirement /req/crs/crs-action), Geometries in the path /collections/{collectionId}/items/{featureId}" depends-on-groups="crs-conformance" finished-at="2025-12-31T10:20:09 UTC" duration-ms="0" status="SKIP">
          <exception class="java.lang.Throwable">
            <message>
              <![CDATA[Method FeatureCrsParameterTransform.verifyFeatureCrsParameterTransformWithCrsParameter(java.lang.String,io.restassured.path.json.JsonPath,java.lang.String)[pri:1, instance:org.opengis.cite.ogcapifeatures10.conformance.crs.query.crs.feature.FeatureCrsParameterTransform@678040b3] depends on not successfully finished methods in group "crs-conformance"]]>
            </message>
          </exception> <!-- java.lang.Throwable -->
          <reporter-output>
          </reporter-output>
        </test-method> <!-- verifyFeatureCrsParameterTransformWithCrsParameter -->
        <test-method is-config="true" signature="initCommonFixture(org.testng.ITestContext)[pri:0, instance:org.opengis.cite.ogcapifeatures10.conformance.crs.query.crs.feature.FeatureCrsParameterTransform@678040b3]" started-at="2025-12-31T10:20:09 UTC" name="initCommonFixture" finished-at="2025-12-31T10:20:09 UTC" duration-ms="0" status="PASS">
          <params>
            <param index="0">
              <value>
                <![CDATA[org.testng.TestRunner@4ba13fed]]>
              </value>
            </param>
          </params>
          <reporter-output>
          </reporter-output>
        </test-method> <!-- initCommonFixture -->
        <test-method is-config="true" signature="retrieveRequiredInformationFromTestContext(org.testng.ITestContext)[pri:0, instance:org.opengis.cite.ogcapifeatures10.conformance.crs.query.crs.feature.FeatureCrsParameterTransform@678040b3]" started-at="2025-12-31T10:20:09 UTC" name="retrieveRequiredInformationFromTestContext" finished-at="2025-12-31T10:20:09 UTC" duration-ms="0" status="PASS">
          <params>
            <param index="0">
              <value>
                <![CDATA[org.testng.TestRunner@4ba13fed]]>
              </value>
            </param>
          </params>
          <reporter-output>
          </reporter-output>
        </test-method> <!-- retrieveRequiredInformationFromTestContext -->
        <test-method signature="verifyFeatureCrsParameterTransformWithoutCrsParameter(java.lang.String,io.restassured.path.json.JsonPath,java.lang.String,org.opengis.cite.ogcapifeatures10.conformance.crs.query.crs.CoordinateSystem,org.opengis.cite.ogcapifeatures10.conformance.crs.query.crs.CoordinateSystem)[pri:1, instance:org.opengis.cite.ogcapifeatures10.conformance.crs.query.crs.feature.FeatureCrsParameterTransform@678040b3]" started-at="2025-12-31T10:20:09 UTC" name="verifyFeatureCrsParameterTransformWithoutCrsParameter" description="Implements A.2.1 Query, Parameter crs, Abstract Test 7 (Requirement /req/crs/crs-action), Transformed geometries in the path /collections/{collectionId}/items/{featureId}" depends-on-groups="crs-conformance" finished-at="2025-12-31T10:20:09 UTC" depends-on-methods="org.opengis.cite.ogcapifeatures10.conformance.crs.query.crs.feature.FeatureCrsParameterTransform.verifyFeatureCrsParameterTransformWithCrsParameter" duration-ms="0" status="SKIP">
          <exception class="java.lang.Throwable">
            <message>
              <![CDATA[Method FeatureCrsParameterTransform.verifyFeatureCrsParameterTransformWithoutCrsParameter(java.lang.String,io.restassured.path.json.JsonPath,java.lang.String,org.opengis.cite.ogcapifeatures10.conformance.crs.query.crs.CoordinateSystem,org.opengis.cite.ogcapifeatures10.conformance.crs.query.crs.CoordinateSystem)[pri:1, instance:org.opengis.cite.ogcapifeatures10.conformance.crs.query.crs.feature.FeatureCrsParameterTransform@678040b3] depends on not successfully finished methods in group "crs-conformance"]]>
            </message>
          </exception> <!-- java.lang.Throwable -->
          <reporter-output>
          </reporter-output>
        </test-method> <!-- verifyFeatureCrsParameterTransformWithoutCrsParameter -->
      </class> <!-- org.opengis.cite.ogcapifeatures10.conformance.crs.query.crs.feature.FeatureCrsParameterTransform -->
      <class name="org.opengis.cite.ogcapifeatures10.conformance.crs.discovery.collections.DiscoveryCollectionsDefaultCrs">
        <test-method is-config="true" signature="requirementClasses(org.testng.ITestContext)[pri:0, instance:org.opengis.cite.ogcapifeatures10.conformance.crs.discovery.collections.DiscoveryCollectionsDefaultCrs@66f66866]" started-at="2025-12-31T10:20:09 UTC" name="requirementClasses" finished-at="2025-12-31T10:20:09 UTC" duration-ms="0" status="PASS">
          <params>
            <param index="0">
              <value>
                <![CDATA[org.testng.TestRunner@4ba13fed]]>
              </value>
            </param>
          </params>
          <reporter-output>
          </reporter-output>
        </test-method> <!-- requirementClasses -->
        <test-method is-config="true" signature="noOfCollections(org.testng.ITestContext)[pri:0, instance:org.opengis.cite.ogcapifeatures10.conformance.crs.discovery.collections.DiscoveryCollectionsDefaultCrs@66f66866]" started-at="2025-12-31T10:20:09 UTC" name="noOfCollections" finished-at="2025-12-31T10:20:09 UTC" duration-ms="0" status="PASS">
          <params>
            <param index="0">
              <value>
                <![CDATA[org.testng.TestRunner@4ba13fed]]>
              </value>
            </param>
          </params>
          <reporter-output>
          </reporter-output>
        </test-method> <!-- noOfCollections -->
        <test-method is-config="true" signature="retrieveRequiredInformationFromTestContext(org.testng.ITestContext)[pri:0, instance:org.opengis.cite.ogcapifeatures10.conformance.crs.discovery.collections.DiscoveryCollectionsDefaultCrs@66f66866]" started-at="2025-12-31T10:20:09 UTC" name="retrieveRequiredInformationFromTestContext" finished-at="2025-12-31T10:20:09 UTC" duration-ms="1" status="PASS">
          <params>
            <param index="0">
              <value>
                <![CDATA[org.testng.TestRunner@4ba13fed]]>
              </value>
            </param>
          </params>
          <reporter-output>
          </reporter-output>
        </test-method> <!-- retrieveRequiredInformationFromTestContext -->
        <test-method is-config="true" signature="retrieveApiModel(org.testng.ITestContext)[pri:0, instance:org.opengis.cite.ogcapifeatures10.conformance.crs.discovery.collections.DiscoveryCollectionsDefaultCrs@66f66866]" started-at="2025-12-31T10:20:09 UTC" name="retrieveApiModel" finished-at="2025-12-31T10:20:09 UTC" duration-ms="0" status="PASS">
          <params>
            <param index="0">
              <value>
                <![CDATA[org.testng.TestRunner@4ba13fed]]>
              </value>
            </param>
          </params>
          <reporter-output>
          </reporter-output>
        </test-method> <!-- retrieveApiModel -->
        <test-method is-config="true" signature="initCommonFixture(org.testng.ITestContext)[pri:0, instance:org.opengis.cite.ogcapifeatures10.conformance.crs.discovery.collections.DiscoveryCollectionsDefaultCrs@66f66866]" started-at="2025-12-31T10:20:09 UTC" name="initCommonFixture" finished-at="2025-12-31T10:20:09 UTC" duration-ms="0" status="PASS">
          <params>
            <param index="0">
              <value>
                <![CDATA[org.testng.TestRunner@4ba13fed]]>
              </value>
            </param>
          </params>
          <reporter-output>
          </reporter-output>
        </test-method> <!-- initCommonFixture -->
        <test-method signature="verifyCollectionsPathCollectionCrsPropertyContainsDefaultCrs(org.opengis.cite.ogcapifeatures10.openapi3.TestPoint,io.restassured.path.json.JsonPath,java.util.Map)[pri:0, instance:org.opengis.cite.ogcapifeatures10.conformance.crs.discovery.collections.DiscoveryCollectionsDefaultCrs@66f66866]" started-at="2025-12-31T10:20:09 UTC" name="verifyCollectionsPathCollectionCrsPropertyContainsDefaultCrs" description="Implements A.1 Discovery, Abstract Test 2 (Requirement /req/crs/fc-md-crs-list B), crs property contains default crs in the collection objects in the path /collections" depends-on-groups="crs-conformance" finished-at="2025-12-31T10:20:09 UTC" duration-ms="0" status="SKIP">
          <exception class="java.lang.Throwable">
            <message>
              <![CDATA[Method DiscoveryCollectionsDefaultCrs.verifyCollectionsPathCollectionCrsPropertyContainsDefaultCrs(org.opengis.cite.ogcapifeatures10.openapi3.TestPoint,io.restassured.path.json.JsonPath,java.util.Map)[pri:0, instance:org.opengis.cite.ogcapifeatures10.conformance.crs.discovery.collections.DiscoveryCollectionsDefaultCrs@66f66866] depends on not successfully finished methods in group "crs-conformance"]]>
            </message>
          </exception> <!-- java.lang.Throwable -->
          <reporter-output>
          </reporter-output>
        </test-method> <!-- verifyCollectionsPathCollectionCrsPropertyContainsDefaultCrs -->
      </class> <!-- org.opengis.cite.ogcapifeatures10.conformance.crs.discovery.collections.DiscoveryCollectionsDefaultCrs -->
      <class name="org.opengis.cite.ogcapifeatures10.conformance.crs.discovery.collection.DiscoveryCollectionDefaultCrs">
        <test-method signature="verifyCollectionCrsIdentifierOfCrsProperty(java.lang.String,io.restassured.path.json.JsonPath)[pri:0, instance:org.opengis.cite.ogcapifeatures10.conformance.crs.discovery.collection.DiscoveryCollectionDefaultCrs@2392212b]" started-at="2025-12-31T10:20:09 UTC" name="verifyCollectionCrsIdentifierOfCrsProperty" description="Implements A.1 Discovery, Abstract Test 2 (Requirement /req/crs/fc-md-crs-list B), crs property contains default crs in the collection object in the path /collection" groups="crs-discovery" depends-on-groups="crs-conformance" finished-at="2025-12-31T10:20:09 UTC" duration-ms="0" status="SKIP">
          <exception class="java.lang.Throwable">
            <message>
              <![CDATA[Method DiscoveryCollectionDefaultCrs.verifyCollectionCrsIdentifierOfCrsProperty(java.lang.String,io.restassured.path.json.JsonPath)[pri:0, instance:org.opengis.cite.ogcapifeatures10.conformance.crs.discovery.collection.DiscoveryCollectionDefaultCrs@2392212b] depends on not successfully finished methods in group "crs-conformance"]]>
            </message>
          </exception> <!-- java.lang.Throwable -->
          <reporter-output>
          </reporter-output>
        </test-method> <!-- verifyCollectionCrsIdentifierOfCrsProperty -->
        <test-method is-config="true" signature="storeCollectionInTestContext(org.testng.ITestContext)[pri:0, instance:org.opengis.cite.ogcapifeatures10.conformance.crs.discovery.collection.DiscoveryCollectionDefaultCrs@2392212b]" started-at="2025-12-31T10:20:09 UTC" name="storeCollectionInTestContext" finished-at="2025-12-31T10:20:09 UTC" duration-ms="0" status="PASS">
          <params>
            <param index="0">
              <value>
                <![CDATA[org.testng.TestRunner@4ba13fed]]>
              </value>
            </param>
          </params>
          <reporter-output>
          </reporter-output>
        </test-method> <!-- storeCollectionInTestContext -->
      </class> <!-- org.opengis.cite.ogcapifeatures10.conformance.crs.discovery.collection.DiscoveryCollectionDefaultCrs -->
    </test> <!-- Coordinate Reference Systems by Reference -->
  </suite> <!-- ogcapi-features-1.0-1.9 -->
</testng-results>
