<?xml version="1.0" encoding="UTF-8"?>
<!-- Generated by org.testng.reporters.JUnitReportReporter -->
<testsuite hostname="699d9d051bfd" failures="3" tests="3" name="org.opengis.cite.ogcapitiles10.core.MandatoryCore" time="0.001" errors="0" timestamp="2026-01-07T00:36:51 UTC" skipped="0">
  <testcase classname="org.opengis.cite.ogcapitiles10.core.MandatoryCore" name="verifyErrorResponses" time="0.000">
    <failure message="A tile matrix set definition uri was not found in the test inputs." type="java.lang.AssertionError">
      <![CDATA[java.lang.AssertionError: A tile matrix set definition uri was not found in the test inputs.
at org.testng.Assert.fail(Assert.java:111)
at org.opengis.cite.ogcapitiles10.core.MandatoryCore.checkInputs(MandatoryCore.java:252)
at org.opengis.cite.ogcapitiles10.core.MandatoryCore.verifyErrorResponses(MandatoryCore.java:286)
at java.base/jdk.internal.reflect.NativeMethodAccessorImpl.invoke0(Native Method)
at java.base/jdk.internal.reflect.NativeMethodAccessorImpl.invoke(Unknown Source)
at java.base/jdk.internal.reflect.DelegatingMethodAccessorImpl.invoke(Unknown Source)
at java.base/java.lang.reflect.Method.invoke(Unknown Source)
at org.testng.internal.invokers.MethodInvocationHelper.invokeMethod(MethodInvocationHelper.java:139)
at org.testng.internal.invokers.TestInvoker.invokeMethod(TestInvoker.java:664)
at org.testng.internal.invokers.TestInvoker.invokeTestMethod(TestInvoker.java:228)
at org.testng.internal.invokers.MethodRunner.runInSequence(MethodRunner.java:63)
at org.testng.internal.invokers.TestInvoker$MethodInvocationAgent.invoke(TestInvoker.java:961)
at org.testng.internal.invokers.TestInvoker.invokeTestMethods(TestInvoker.java:201)
at org.testng.internal.invokers.TestMethodWorker.invokeTestMethods(TestMethodWorker.java:148)
at org.testng.internal.invokers.TestMethodWorker.run(TestMethodWorker.java:128)
at java.base/java.util.ArrayList.forEach(Unknown Source)
at org.testng.TestRunner.privateRun(TestRunner.java:819)
at org.testng.TestRunner.run(TestRunner.java:619)
at org.testng.SuiteRunner.runTest(SuiteRunner.java:443)
at org.testng.SuiteRunner.runSequentially(SuiteRunner.java:437)
at org.testng.SuiteRunner.privateRun(SuiteRunner.java:397)
at org.testng.SuiteRunner.run(SuiteRunner.java:336)
at org.testng.SuiteRunnerWorker.runSuite(SuiteRunnerWorker.java:52)
at org.testng.SuiteRunnerWorker.run(SuiteRunnerWorker.java:95)
at org.testng.TestNG.runSuitesSequentially(TestNG.java:1301)
at org.testng.TestNG.runSuitesLocally(TestNG.java:1228)
at org.testng.TestNG.runSuites(TestNG.java:1134)
at org.testng.TestNG.run(TestNG.java:1101)
at com.occamlab.te.spi.executors.testng.TestNGExecutor.execute(TestNGExecutor.java:159)
at org.opengis.cite.ogcapitiles10.TestNGController.doTestRun(TestNGController.java:140)
at java.base/jdk.internal.reflect.NativeMethodAccessorImpl.invoke0(Native Method)
at java.base/jdk.internal.reflect.NativeMethodAccessorImpl.invoke(Unknown Source)
at java.base/jdk.internal.reflect.DelegatingMethodAccessorImpl.invoke(Unknown Source)
at java.base/java.lang.reflect.Method.invoke(Unknown Source)
at net.sf.saxon.functions.ExtensionFunctionCall.invokeMethod(ExtensionFunctionCall.java:533)
at net.sf.saxon.functions.ExtensionFunctionCall.call(ExtensionFunctionCall.java:256)
at net.sf.saxon.functions.ExtensionFunctionCall.iterate(ExtensionFunctionCall.java:147)
at net.sf.saxon.instruct.CopyOf.processLeavingTail(CopyOf.java:292)
at net.sf.saxon.instruct.Block.processLeavingTail(Block.java:409)
at net.sf.saxon.instruct.Instruction.process(Instruction.java:94)
at net.sf.saxon.expr.LetExpression.process(LetExpression.java:380)
at net.sf.saxon.instruct.ForEach.processLeavingTail(ForEach.java:300)
at net.sf.saxon.instruct.Block.processLeavingTail(Block.java:409)
at net.sf.saxon.instruct.Template.applyLeavingTail(Template.java:175)
at net.sf.saxon.instruct.ApplyTemplates.applyTemplates(ApplyTemplates.java:343)
at net.sf.saxon.Controller.transformDocument(Controller.java:1736)
at net.sf.saxon.Controller.transform(Controller.java:1560)
at net.sf.saxon.s9api.XsltTransformer.transform(XsltTransformer.java:190)
at com.occamlab.te.TECore.executeTemplate(TECore.java:657)
at com.occamlab.te.TECore.executeXSLFunction(TECore.java:1177)
at com.occamlab.te.TECore.callFunction(TECore.java:1219)
at java.base/jdk.internal.reflect.NativeMethodAccessorImpl.invoke0(Native Method)
at java.base/jdk.internal.reflect.NativeMethodAccessorImpl.invoke(Unknown Source)
at java.base/jdk.internal.reflect.DelegatingMethodAccessorImpl.invoke(Unknown Source)
at java.base/java.lang.reflect.Method.invoke(Unknown Source)
at net.sf.saxon.functions.ExtensionFunctionCall.invokeMethod(ExtensionFunctionCall.java:533)
at net.sf.saxon.functions.ExtensionFunctionCall.call(ExtensionFunctionCall.java:256)
at net.sf.saxon.functions.ExtensionFunctionCall.iterate(ExtensionFunctionCall.java:147)
at net.sf.saxon.expr.Expression.evaluateItem(Expression.java:352)
at net.sf.saxon.expr.Expression.process(Expression.java:461)
at net.sf.saxon.instruct.DocumentInstr.evaluateItem(DocumentInstr.java:282)
at net.sf.saxon.expr.ExpressionTool.evaluate(ExpressionTool.java:295)
at net.sf.saxon.expr.LetExpression.eval(LetExpression.java:341)
at net.sf.saxon.expr.LetExpression.processLeavingTail(LetExpression.java:542)
at net.sf.saxon.instruct.Block.processLeavingTail(Block.java:409)
at net.sf.saxon.expr.LetExpression.processLeavingTail(LetExpression.java:551)
at net.sf.saxon.instruct.Block.processLeavingTail(Block.java:409)
at net.sf.saxon.expr.LetExpression.processLeavingTail(LetExpression.java:551)
at net.sf.saxon.instruct.Block.processLeavingTail(Block.java:409)
at net.sf.saxon.instruct.Instruction.process(Instruction.java:94)
at net.sf.saxon.expr.LetExpression.process(LetExpression.java:380)
at net.sf.saxon.instruct.ForEach.processLeavingTail(ForEach.java:300)
at net.sf.saxon.instruct.Template.applyLeavingTail(Template.java:175)
at net.sf.saxon.instruct.ApplyTemplates.applyTemplates(ApplyTemplates.java:343)
at net.sf.saxon.Controller.transformDocument(Controller.java:1736)
at net.sf.saxon.Controller.transform(Controller.java:1560)
at net.sf.saxon.s9api.XsltTransformer.transform(XsltTransformer.java:190)
at com.occamlab.te.TECore.executeTemplate(TECore.java:657)
at com.occamlab.te.TECore.executeTest(TECore.java:873)
at com.occamlab.te.TECore.execute_test(TECore.java:508)
at com.occamlab.te.TECore.execute_suite(TECore.java:552)
at com.occamlab.te.TECore.execute(TECore.java:382)
at com.occamlab.te.Test.execute(Test.java:388)
at com.occamlab.te.Test.main(Test.java:123)
]]>
    </failure>
  </testcase> <!-- verifyErrorResponses -->
  <testcase classname="org.opengis.cite.ogcapitiles10.core.MandatoryCore" name="validateSuccessfulTilesExecution" time="0.001">
    <failure message="A tile matrix set definition uri was not found in the test inputs." type="java.lang.AssertionError">
      <![CDATA[java.lang.AssertionError: A tile matrix set definition uri was not found in the test inputs.
at org.testng.Assert.fail(Assert.java:111)
at org.opengis.cite.ogcapitiles10.core.MandatoryCore.checkInputs(MandatoryCore.java:252)
at org.opengis.cite.ogcapitiles10.core.MandatoryCore.validateSuccessfulTilesExecution(MandatoryCore.java:147)
at java.base/jdk.internal.reflect.NativeMethodAccessorImpl.invoke0(Native Method)
at java.base/jdk.internal.reflect.NativeMethodAccessorImpl.invoke(Unknown Source)
at java.base/jdk.internal.reflect.DelegatingMethodAccessorImpl.invoke(Unknown Source)
at java.base/java.lang.reflect.Method.invoke(Unknown Source)
at org.testng.internal.invokers.MethodInvocationHelper.invokeMethod(MethodInvocationHelper.java:139)
at org.testng.internal.invokers.TestInvoker.invokeMethod(TestInvoker.java:664)
at org.testng.internal.invokers.TestInvoker.invokeTestMethod(TestInvoker.java:228)
at org.testng.internal.invokers.MethodRunner.runInSequence(MethodRunner.java:63)
at org.testng.internal.invokers.TestInvoker$MethodInvocationAgent.invoke(TestInvoker.java:961)
at org.testng.internal.invokers.TestInvoker.invokeTestMethods(TestInvoker.java:201)
at org.testng.internal.invokers.TestMethodWorker.invokeTestMethods(TestMethodWorker.java:148)
at org.testng.internal.invokers.TestMethodWorker.run(TestMethodWorker.java:128)
at java.base/java.util.ArrayList.forEach(Unknown Source)
at org.testng.TestRunner.privateRun(TestRunner.java:819)
at org.testng.TestRunner.run(TestRunner.java:619)
at org.testng.SuiteRunner.runTest(SuiteRunner.java:443)
at org.testng.SuiteRunner.runSequentially(SuiteRunner.java:437)
at org.testng.SuiteRunner.privateRun(SuiteRunner.java:397)
at org.testng.SuiteRunner.run(SuiteRunner.java:336)
at org.testng.SuiteRunnerWorker.runSuite(SuiteRunnerWorker.java:52)
at org.testng.SuiteRunnerWorker.run(SuiteRunnerWorker.java:95)
at org.testng.TestNG.runSuitesSequentially(TestNG.java:1301)
at org.testng.TestNG.runSuitesLocally(TestNG.java:1228)
at org.testng.TestNG.runSuites(TestNG.java:1134)
at org.testng.TestNG.run(TestNG.java:1101)
at com.occamlab.te.spi.executors.testng.TestNGExecutor.execute(TestNGExecutor.java:159)
at org.opengis.cite.ogcapitiles10.TestNGController.doTestRun(TestNGController.java:140)
at java.base/jdk.internal.reflect.NativeMethodAccessorImpl.invoke0(Native Method)
at java.base/jdk.internal.reflect.NativeMethodAccessorImpl.invoke(Unknown Source)
at java.base/jdk.internal.reflect.DelegatingMethodAccessorImpl.invoke(Unknown Source)
at java.base/java.lang.reflect.Method.invoke(Unknown Source)
at net.sf.saxon.functions.ExtensionFunctionCall.invokeMethod(ExtensionFunctionCall.java:533)
at net.sf.saxon.functions.ExtensionFunctionCall.call(ExtensionFunctionCall.java:256)
at net.sf.saxon.functions.ExtensionFunctionCall.iterate(ExtensionFunctionCall.java:147)
at net.sf.saxon.instruct.CopyOf.processLeavingTail(CopyOf.java:292)
at net.sf.saxon.instruct.Block.processLeavingTail(Block.java:409)
at net.sf.saxon.instruct.Instruction.process(Instruction.java:94)
at net.sf.saxon.expr.LetExpression.process(LetExpression.java:380)
at net.sf.saxon.instruct.ForEach.processLeavingTail(ForEach.java:300)
at net.sf.saxon.instruct.Block.processLeavingTail(Block.java:409)
at net.sf.saxon.instruct.Template.applyLeavingTail(Template.java:175)
at net.sf.saxon.instruct.ApplyTemplates.applyTemplates(ApplyTemplates.java:343)
at net.sf.saxon.Controller.transformDocument(Controller.java:1736)
at net.sf.saxon.Controller.transform(Controller.java:1560)
at net.sf.saxon.s9api.XsltTransformer.transform(XsltTransformer.java:190)
at com.occamlab.te.TECore.executeTemplate(TECore.java:657)
at com.occamlab.te.TECore.executeXSLFunction(TECore.java:1177)
at com.occamlab.te.TECore.callFunction(TECore.java:1219)
at java.base/jdk.internal.reflect.NativeMethodAccessorImpl.invoke0(Native Method)
at java.base/jdk.internal.reflect.NativeMethodAccessorImpl.invoke(Unknown Source)
at java.base/jdk.internal.reflect.DelegatingMethodAccessorImpl.invoke(Unknown Source)
at java.base/java.lang.reflect.Method.invoke(Unknown Source)
at net.sf.saxon.functions.ExtensionFunctionCall.invokeMethod(ExtensionFunctionCall.java:533)
at net.sf.saxon.functions.ExtensionFunctionCall.call(ExtensionFunctionCall.java:256)
at net.sf.saxon.functions.ExtensionFunctionCall.iterate(ExtensionFunctionCall.java:147)
at net.sf.saxon.expr.Expression.evaluateItem(Expression.java:352)
at net.sf.saxon.expr.Expression.process(Expression.java:461)
at net.sf.saxon.instruct.DocumentInstr.evaluateItem(DocumentInstr.java:282)
at net.sf.saxon.expr.ExpressionTool.evaluate(ExpressionTool.java:295)
at net.sf.saxon.expr.LetExpression.eval(LetExpression.java:341)
at net.sf.saxon.expr.LetExpression.processLeavingTail(LetExpression.java:542)
at net.sf.saxon.instruct.Block.processLeavingTail(Block.java:409)
at net.sf.saxon.expr.LetExpression.processLeavingTail(LetExpression.java:551)
at net.sf.saxon.instruct.Block.processLeavingTail(Block.java:409)
at net.sf.saxon.expr.LetExpression.processLeavingTail(LetExpression.java:551)
at net.sf.saxon.instruct.Block.processLeavingTail(Block.java:409)
at net.sf.saxon.instruct.Instruction.process(Instruction.java:94)
at net.sf.saxon.expr.LetExpression.process(LetExpression.java:380)
at net.sf.saxon.instruct.ForEach.processLeavingTail(ForEach.java:300)
at net.sf.saxon.instruct.Template.applyLeavingTail(Template.java:175)
at net.sf.saxon.instruct.ApplyTemplates.applyTemplates(ApplyTemplates.java:343)
at net.sf.saxon.Controller.transformDocument(Controller.java:1736)
at net.sf.saxon.Controller.transform(Controller.java:1560)
at net.sf.saxon.s9api.XsltTransformer.transform(XsltTransformer.java:190)
at com.occamlab.te.TECore.executeTemplate(TECore.java:657)
at com.occamlab.te.TECore.executeTest(TECore.java:873)
at com.occamlab.te.TECore.execute_test(TECore.java:508)
at com.occamlab.te.TECore.execute_suite(TECore.java:552)
at com.occamlab.te.TECore.execute(TECore.java:382)
at com.occamlab.te.Test.execute(Test.java:388)
at com.occamlab.te.Test.main(Test.java:123)
]]>
    </failure>
  </testcase> <!-- validateSuccessfulTilesExecution -->
  <testcase classname="org.opengis.cite.ogcapitiles10.core.MandatoryCore" name="verifyMinimalConformance" time="0.000">
    <failure message="A tile matrix set definition uri was not found in the test inputs." type="java.lang.AssertionError">
      <![CDATA[java.lang.AssertionError: A tile matrix set definition uri was not found in the test inputs.
at org.testng.Assert.fail(Assert.java:111)
at org.opengis.cite.ogcapitiles10.core.MandatoryCore.checkInputs(MandatoryCore.java:252)
at org.opengis.cite.ogcapitiles10.core.MandatoryCore.verifyMinimalConformance(MandatoryCore.java:78)
at java.base/jdk.internal.reflect.NativeMethodAccessorImpl.invoke0(Native Method)
at java.base/jdk.internal.reflect.NativeMethodAccessorImpl.invoke(Unknown Source)
at java.base/jdk.internal.reflect.DelegatingMethodAccessorImpl.invoke(Unknown Source)
at java.base/java.lang.reflect.Method.invoke(Unknown Source)
at org.testng.internal.invokers.MethodInvocationHelper.invokeMethod(MethodInvocationHelper.java:139)
at org.testng.internal.invokers.TestInvoker.invokeMethod(TestInvoker.java:664)
at org.testng.internal.invokers.TestInvoker.invokeTestMethod(TestInvoker.java:228)
at org.testng.internal.invokers.MethodRunner.runInSequence(MethodRunner.java:63)
at org.testng.internal.invokers.TestInvoker$MethodInvocationAgent.invoke(TestInvoker.java:961)
at org.testng.internal.invokers.TestInvoker.invokeTestMethods(TestInvoker.java:201)
at org.testng.internal.invokers.TestMethodWorker.invokeTestMethods(TestMethodWorker.java:148)
at org.testng.internal.invokers.TestMethodWorker.run(TestMethodWorker.java:128)
at java.base/java.util.ArrayList.forEach(Unknown Source)
at org.testng.TestRunner.privateRun(TestRunner.java:819)
at org.testng.TestRunner.run(TestRunner.java:619)
at org.testng.SuiteRunner.runTest(SuiteRunner.java:443)
at org.testng.SuiteRunner.runSequentially(SuiteRunner.java:437)
at org.testng.SuiteRunner.privateRun(SuiteRunner.java:397)
at org.testng.SuiteRunner.run(SuiteRunner.java:336)
at org.testng.SuiteRunnerWorker.runSuite(SuiteRunnerWorker.java:52)
at org.testng.SuiteRunnerWorker.run(SuiteRunnerWorker.java:95)
at org.testng.TestNG.runSuitesSequentially(TestNG.java:1301)
at org.testng.TestNG.runSuitesLocally(TestNG.java:1228)
at org.testng.TestNG.runSuites(TestNG.java:1134)
at org.testng.TestNG.run(TestNG.java:1101)
at com.occamlab.te.spi.executors.testng.TestNGExecutor.execute(TestNGExecutor.java:159)
at org.opengis.cite.ogcapitiles10.TestNGController.doTestRun(TestNGController.java:140)
at java.base/jdk.internal.reflect.NativeMethodAccessorImpl.invoke0(Native Method)
at java.base/jdk.internal.reflect.NativeMethodAccessorImpl.invoke(Unknown Source)
at java.base/jdk.internal.reflect.DelegatingMethodAccessorImpl.invoke(Unknown Source)
at java.base/java.lang.reflect.Method.invoke(Unknown Source)
at net.sf.saxon.functions.ExtensionFunctionCall.invokeMethod(ExtensionFunctionCall.java:533)
at net.sf.saxon.functions.ExtensionFunctionCall.call(ExtensionFunctionCall.java:256)
at net.sf.saxon.functions.ExtensionFunctionCall.iterate(ExtensionFunctionCall.java:147)
at net.sf.saxon.instruct.CopyOf.processLeavingTail(CopyOf.java:292)
at net.sf.saxon.instruct.Block.processLeavingTail(Block.java:409)
at net.sf.saxon.instruct.Instruction.process(Instruction.java:94)
at net.sf.saxon.expr.LetExpression.process(LetExpression.java:380)
at net.sf.saxon.instruct.ForEach.processLeavingTail(ForEach.java:300)
at net.sf.saxon.instruct.Block.processLeavingTail(Block.java:409)
at net.sf.saxon.instruct.Template.applyLeavingTail(Template.java:175)
at net.sf.saxon.instruct.ApplyTemplates.applyTemplates(ApplyTemplates.java:343)
at net.sf.saxon.Controller.transformDocument(Controller.java:1736)
at net.sf.saxon.Controller.transform(Controller.java:1560)
at net.sf.saxon.s9api.XsltTransformer.transform(XsltTransformer.java:190)
at com.occamlab.te.TECore.executeTemplate(TECore.java:657)
at com.occamlab.te.TECore.executeXSLFunction(TECore.java:1177)
at com.occamlab.te.TECore.callFunction(TECore.java:1219)
at java.base/jdk.internal.reflect.NativeMethodAccessorImpl.invoke0(Native Method)
at java.base/jdk.internal.reflect.NativeMethodAccessorImpl.invoke(Unknown Source)
at java.base/jdk.internal.reflect.DelegatingMethodAccessorImpl.invoke(Unknown Source)
at java.base/java.lang.reflect.Method.invoke(Unknown Source)
at net.sf.saxon.functions.ExtensionFunctionCall.invokeMethod(ExtensionFunctionCall.java:533)
at net.sf.saxon.functions.ExtensionFunctionCall.call(ExtensionFunctionCall.java:256)
at net.sf.saxon.functions.ExtensionFunctionCall.iterate(ExtensionFunctionCall.java:147)
at net.sf.saxon.expr.Expression.evaluateItem(Expression.java:352)
at net.sf.saxon.expr.Expression.process(Expression.java:461)
at net.sf.saxon.instruct.DocumentInstr.evaluateItem(DocumentInstr.java:282)
at net.sf.saxon.expr.ExpressionTool.evaluate(ExpressionTool.java:295)
at net.sf.saxon.expr.LetExpression.eval(LetExpression.java:341)
at net.sf.saxon.expr.LetExpression.processLeavingTail(LetExpression.java:542)
at net.sf.saxon.instruct.Block.processLeavingTail(Block.java:409)
at net.sf.saxon.expr.LetExpression.processLeavingTail(LetExpression.java:551)
at net.sf.saxon.instruct.Block.processLeavingTail(Block.java:409)
at net.sf.saxon.expr.LetExpression.processLeavingTail(LetExpression.java:551)
at net.sf.saxon.instruct.Block.processLeavingTail(Block.java:409)
at net.sf.saxon.instruct.Instruction.process(Instruction.java:94)
at net.sf.saxon.expr.LetExpression.process(LetExpression.java:380)
at net.sf.saxon.instruct.ForEach.processLeavingTail(ForEach.java:300)
at net.sf.saxon.instruct.Template.applyLeavingTail(Template.java:175)
at net.sf.saxon.instruct.ApplyTemplates.applyTemplates(ApplyTemplates.java:343)
at net.sf.saxon.Controller.transformDocument(Controller.java:1736)
at net.sf.saxon.Controller.transform(Controller.java:1560)
at net.sf.saxon.s9api.XsltTransformer.transform(XsltTransformer.java:190)
at com.occamlab.te.TECore.executeTemplate(TECore.java:657)
at com.occamlab.te.TECore.executeTest(TECore.java:873)
at com.occamlab.te.TECore.execute_test(TECore.java:508)
at com.occamlab.te.TECore.execute_suite(TECore.java:552)
at com.occamlab.te.TECore.execute(TECore.java:382)
at com.occamlab.te.Test.execute(Test.java:388)
at com.occamlab.te.Test.main(Test.java:123)
]]>
    </failure>
  </testcase> <!-- verifyMinimalConformance -->
</testsuite> <!-- org.opengis.cite.ogcapitiles10.core.MandatoryCore -->
