<?xml version="1.0" encoding="UTF-8"?>
<testng-results ignored="0" total="16" passed="13" failed="3" skipped="0">
  <reporter-output>
  </reporter-output>
  <suite started-at="2026-01-07T02:36:18 UTC" name="ogcapi-tiles-1.0-1.2" finished-at="2026-01-07T02:36:21 UTC" duration-ms="3848">
    <groups>
      <group name="tilesetsLists">
        <method signature="TilesetLlinks.validateTilesetsListResponse(org.testng.ITestContext,org.opengis.cite.ogcapitiles10.openapi3.TestPoint)[pri:0, instance:org.opengis.cite.ogcapitiles10.tilesetslist.TilesetLlinks@11ee02f8]" name="validateTilesetsListResponse" class="org.opengis.cite.ogcapitiles10.tilesetslist.TilesetLlinks"/>
      </group> <!-- tilesetsLists -->
      <group name="conformance">
        <method signature="Conformance.validateConformanceOperationAndResponse(org.opengis.cite.ogcapitiles10.openapi3.TestPoint)[pri:0, instance:org.opengis.cite.ogcapitiles10.conformance.Conformance@619bd14c]" name="validateConformanceOperationAndResponse" class="org.opengis.cite.ogcapitiles10.conformance.Conformance"/>
      </group> <!-- conformance -->
      <group name="landingpage">
        <method signature="LandingPage.landingPageRetrieval(org.testng.ITestContext)[pri:0, instance:org.opengis.cite.ogcapitiles10.datasettilesets.LandingPage@77b325b3]" name="landingPageRetrieval" class="org.opengis.cite.ogcapitiles10.datasettilesets.LandingPage"/>
      </group> <!-- landingpage -->
      <group name="apidefinition">
        <method signature="ApiDefinition.apiDefinitionOperationIdValidation(org.testng.ITestContext)[pri:0, instance:org.opengis.cite.ogcapitiles10.apidefinition.ApiDefinition@41de5768]" name="apiDefinitionOperationIdValidation" class="org.opengis.cite.ogcapitiles10.apidefinition.ApiDefinition"/>
        <method signature="ApiDefinition.apiDefinitionValidation(org.testng.ITestContext)[pri:0, instance:org.opengis.cite.ogcapitiles10.apidefinition.ApiDefinition@41de5768]" name="apiDefinitionValidation" class="org.opengis.cite.ogcapitiles10.apidefinition.ApiDefinition"/>
      </group> <!-- apidefinition -->
      <group name="geodata">
        <method signature="GeospatialDataResource.geospatialResourceTilesetsLinksCheck(org.testng.ITestContext)[pri:0, instance:org.opengis.cite.ogcapitiles10.geodatatilesets.GeospatialDataResource@eadb475]" name="geospatialResourceTilesetsLinksCheck" class="org.opengis.cite.ogcapitiles10.geodatatilesets.GeospatialDataResource"/>
        <method signature="GeospatialDataResource.geospatialResourceTilesetsRetrieval(org.testng.ITestContext)[pri:0, instance:org.opengis.cite.ogcapitiles10.geodatatilesets.GeospatialDataResource@eadb475]" name="geospatialResourceTilesetsRetrieval" class="org.opengis.cite.ogcapitiles10.geodatatilesets.GeospatialDataResource"/>
      </group> <!-- geodata -->
    </groups>
    <test started-at="2026-01-07T02:36:18 UTC" name="Core" finished-at="2026-01-07T02:36:18 UTC" duration-ms="478">
      <class name="org.opengis.cite.ogcapitiles10.core.MandatoryCore">
        <test-method is-config="true" signature="initCommonFixture(org.testng.ITestContext)[pri:0, instance:org.opengis.cite.ogcapitiles10.core.MandatoryCore@251f7d26]" started-at="2026-01-07T02:36:18 UTC" name="initCommonFixture" finished-at="2026-01-07T02:36:18 UTC" duration-ms="370" status="PASS">
          <params>
            <param index="0">
              <value>
                <![CDATA[org.testng.TestRunner@527fc8e]]>
              </value>
            </param>
          </params>
          <reporter-output>
          </reporter-output>
        </test-method> <!-- initCommonFixture -->
        <test-method is-config="true" signature="clearMessages()[pri:0, instance:org.opengis.cite.ogcapitiles10.core.MandatoryCore@251f7d26]" started-at="2026-01-07T02:36:18 UTC" name="clearMessages" finished-at="2026-01-07T02:36:18 UTC" duration-ms="1" status="PASS">
          <reporter-output>
          </reporter-output>
        </test-method> <!-- clearMessages -->
        <test-method signature="validateSuccessfulTilesExecution(org.testng.ITestContext)[pri:0, instance:org.opengis.cite.ogcapitiles10.core.MandatoryCore@251f7d26]" started-at="2026-01-07T02:36:18 UTC" name="validateSuccessfulTilesExecution" description="Implements Abstract test A.6, Requirement 5: /req/core/tc-success" finished-at="2026-01-07T02:36:18 UTC" duration-ms="60" status="PASS">
          <params>
            <param index="0">
              <value>
                <![CDATA[org.testng.TestRunner@527fc8e]]>
              </value>
            </param>
          </params>
          <reporter-output>
          </reporter-output>
        </test-method> <!-- validateSuccessfulTilesExecution -->
        <test-method signature="verifyErrorResponses(org.testng.ITestContext)[pri:0, instance:org.opengis.cite.ogcapitiles10.core.MandatoryCore@251f7d26]" started-at="2026-01-07T02:36:18 UTC" name="verifyErrorResponses" description="Implements Abstract test A.7, Requirement 6: /req/core/tc-error" finished-at="2026-01-07T02:36:18 UTC" duration-ms="6" status="PASS">
          <params>
            <param index="0">
              <value>
                <![CDATA[org.testng.TestRunner@527fc8e]]>
              </value>
            </param>
          </params>
          <reporter-output>
          </reporter-output>
        </test-method> <!-- verifyErrorResponses -->
        <test-method is-config="true" signature="clearMessages()[pri:0, instance:org.opengis.cite.ogcapitiles10.core.MandatoryCore@251f7d26]" started-at="2026-01-07T02:36:18 UTC" name="clearMessages" finished-at="2026-01-07T02:36:18 UTC" duration-ms="0" status="PASS">
          <reporter-output>
          </reporter-output>
        </test-method> <!-- clearMessages -->
        <test-method signature="verifyMinimalConformance(org.testng.ITestContext)[pri:0, instance:org.opengis.cite.ogcapitiles10.core.MandatoryCore@251f7d26]" started-at="2026-01-07T02:36:18 UTC" name="verifyMinimalConformance" description="Implements Abstract test A.2, Requirement 1: /req/core/tc-op" finished-at="2026-01-07T02:36:18 UTC" duration-ms="4" status="PASS">
          <params>
            <param index="0">
              <value>
                <![CDATA[org.testng.TestRunner@527fc8e]]>
              </value>
            </param>
          </params>
          <reporter-output>
          </reporter-output>
        </test-method> <!-- verifyMinimalConformance -->
        <test-method is-config="true" signature="clearMessages()[pri:0, instance:org.opengis.cite.ogcapitiles10.core.MandatoryCore@251f7d26]" started-at="2026-01-07T02:36:18 UTC" name="clearMessages" finished-at="2026-01-07T02:36:18 UTC" duration-ms="0" status="PASS">
          <reporter-output>
          </reporter-output>
        </test-method> <!-- clearMessages -->
      </class> <!-- org.opengis.cite.ogcapitiles10.core.MandatoryCore -->
    </test> <!-- Core -->
    <test started-at="2026-01-07T02:36:18 UTC" name="Conditional Core" finished-at="2026-01-07T02:36:21 UTC" duration-ms="2583">
      <class name="org.opengis.cite.ogcapitiles10.conformance.Tile">
        <test-method is-config="true" signature="initCommonFixture(org.testng.ITestContext)[pri:0, instance:org.opengis.cite.ogcapitiles10.conformance.Tile@323e8306]" started-at="2026-01-07T02:36:20 UTC" name="initCommonFixture" finished-at="2026-01-07T02:36:20 UTC" duration-ms="1" status="PASS">
          <params>
            <param index="0">
              <value>
                <![CDATA[org.testng.TestRunner@6f430ea8]]>
              </value>
            </param>
          </params>
          <reporter-output>
          </reporter-output>
        </test-method> <!-- initCommonFixture -->
        <test-method signature="validateSuccessfulTilesExecutionFollowingLinks()[pri:0, instance:org.opengis.cite.ogcapitiles10.conformance.Tile@323e8306]" started-at="2026-01-07T02:36:20 UTC" name="validateSuccessfulTilesExecutionFollowingLinks" description="Implements Abstract test A.6, Requirement 5: /req/core/tc-success" finished-at="2026-01-07T02:36:20 UTC" duration-ms="242" status="FAIL">
          <exception class="java.lang.AssertionError">
            <message>
              <![CDATA[No URL templates were found. expected [true] but found [false]]]>
            </message>
            <full-stacktrace>
              <![CDATA[java.lang.AssertionError: No URL templates were found. expected [true] but found [false]
at org.testng.Assert.fail(Assert.java:111)
at org.testng.Assert.failNotEquals(Assert.java:1578)
at org.testng.Assert.assertTrue(Assert.java:57)
at org.opengis.cite.ogcapitiles10.conformance.Tile.validateSuccessfulTilesExecutionFollowingLinks(Tile.java:144)
at java.base/jdk.internal.reflect.NativeMethodAccessorImpl.invoke0(Native Method)
at java.base/jdk.internal.reflect.NativeMethodAccessorImpl.invoke(Unknown Source)
at java.base/jdk.internal.reflect.DelegatingMethodAccessorImpl.invoke(Unknown Source)
at java.base/java.lang.reflect.Method.invoke(Unknown Source)
at org.testng.internal.invokers.MethodInvocationHelper.invokeMethod(MethodInvocationHelper.java:139)
at org.testng.internal.invokers.TestInvoker.invokeMethod(TestInvoker.java:664)
at org.testng.internal.invokers.TestInvoker.invokeTestMethod(TestInvoker.java:228)
at org.testng.internal.invokers.MethodRunner.runInSequence(MethodRunner.java:63)
at org.testng.internal.invokers.TestInvoker$MethodInvocationAgent.invoke(TestInvoker.java:961)
at org.testng.internal.invokers.TestInvoker.invokeTestMethods(TestInvoker.java:201)
at org.testng.internal.invokers.TestMethodWorker.invokeTestMethods(TestMethodWorker.java:148)
at org.testng.internal.invokers.TestMethodWorker.run(TestMethodWorker.java:128)
at java.base/java.util.ArrayList.forEach(Unknown Source)
at org.testng.TestRunner.privateRun(TestRunner.java:819)
at org.testng.TestRunner.run(TestRunner.java:619)
at org.testng.SuiteRunner.runTest(SuiteRunner.java:443)
at org.testng.SuiteRunner.runSequentially(SuiteRunner.java:437)
at org.testng.SuiteRunner.privateRun(SuiteRunner.java:397)
at org.testng.SuiteRunner.run(SuiteRunner.java:336)
at org.testng.SuiteRunnerWorker.runSuite(SuiteRunnerWorker.java:52)
at org.testng.SuiteRunnerWorker.run(SuiteRunnerWorker.java:95)
at org.testng.TestNG.runSuitesSequentially(TestNG.java:1301)
at org.testng.TestNG.runSuitesLocally(TestNG.java:1228)
at org.testng.TestNG.runSuites(TestNG.java:1134)
at org.testng.TestNG.run(TestNG.java:1101)
at com.occamlab.te.spi.executors.testng.TestNGExecutor.execute(TestNGExecutor.java:159)
at org.opengis.cite.ogcapitiles10.TestNGController.doTestRun(TestNGController.java:140)
at java.base/jdk.internal.reflect.NativeMethodAccessorImpl.invoke0(Native Method)
at java.base/jdk.internal.reflect.NativeMethodAccessorImpl.invoke(Unknown Source)
at java.base/jdk.internal.reflect.DelegatingMethodAccessorImpl.invoke(Unknown Source)
at java.base/java.lang.reflect.Method.invoke(Unknown Source)
at net.sf.saxon.functions.ExtensionFunctionCall.invokeMethod(ExtensionFunctionCall.java:533)
at net.sf.saxon.functions.ExtensionFunctionCall.call(ExtensionFunctionCall.java:256)
at net.sf.saxon.functions.ExtensionFunctionCall.iterate(ExtensionFunctionCall.java:147)
at net.sf.saxon.instruct.CopyOf.processLeavingTail(CopyOf.java:292)
at net.sf.saxon.instruct.Block.processLeavingTail(Block.java:409)
at net.sf.saxon.instruct.Instruction.process(Instruction.java:94)
at net.sf.saxon.expr.LetExpression.process(LetExpression.java:380)
at net.sf.saxon.instruct.ForEach.processLeavingTail(ForEach.java:300)
at net.sf.saxon.instruct.Block.processLeavingTail(Block.java:409)
at net.sf.saxon.instruct.Template.applyLeavingTail(Template.java:175)
at net.sf.saxon.instruct.ApplyTemplates.applyTemplates(ApplyTemplates.java:343)
at net.sf.saxon.Controller.transformDocument(Controller.java:1736)
at net.sf.saxon.Controller.transform(Controller.java:1560)
at net.sf.saxon.s9api.XsltTransformer.transform(XsltTransformer.java:190)
at com.occamlab.te.TECore.executeTemplate(TECore.java:657)
at com.occamlab.te.TECore.executeXSLFunction(TECore.java:1177)
at com.occamlab.te.TECore.callFunction(TECore.java:1219)
at java.base/jdk.internal.reflect.NativeMethodAccessorImpl.invoke0(Native Method)
at java.base/jdk.internal.reflect.NativeMethodAccessorImpl.invoke(Unknown Source)
at java.base/jdk.internal.reflect.DelegatingMethodAccessorImpl.invoke(Unknown Source)
at java.base/java.lang.reflect.Method.invoke(Unknown Source)
at net.sf.saxon.functions.ExtensionFunctionCall.invokeMethod(ExtensionFunctionCall.java:533)
at net.sf.saxon.functions.ExtensionFunctionCall.call(ExtensionFunctionCall.java:256)
at net.sf.saxon.functions.ExtensionFunctionCall.iterate(ExtensionFunctionCall.java:147)
at net.sf.saxon.expr.Expression.evaluateItem(Expression.java:352)
at net.sf.saxon.expr.Expression.process(Expression.java:461)
at net.sf.saxon.instruct.DocumentInstr.evaluateItem(DocumentInstr.java:282)
at net.sf.saxon.expr.ExpressionTool.evaluate(ExpressionTool.java:295)
at net.sf.saxon.expr.LetExpression.eval(LetExpression.java:341)
at net.sf.saxon.expr.LetExpression.processLeavingTail(LetExpression.java:542)
at net.sf.saxon.instruct.Block.processLeavingTail(Block.java:409)
at net.sf.saxon.expr.LetExpression.processLeavingTail(LetExpression.java:551)
at net.sf.saxon.instruct.Block.processLeavingTail(Block.java:409)
at net.sf.saxon.expr.LetExpression.processLeavingTail(LetExpression.java:551)
at net.sf.saxon.instruct.Block.processLeavingTail(Block.java:409)
at net.sf.saxon.instruct.Instruction.process(Instruction.java:94)
at net.sf.saxon.expr.LetExpression.process(LetExpression.java:380)
at net.sf.saxon.instruct.ForEach.processLeavingTail(ForEach.java:300)
at net.sf.saxon.instruct.Template.applyLeavingTail(Template.java:175)
at net.sf.saxon.instruct.ApplyTemplates.applyTemplates(ApplyTemplates.java:343)
at net.sf.saxon.Controller.transformDocument(Controller.java:1736)
at net.sf.saxon.Controller.transform(Controller.java:1560)
at net.sf.saxon.s9api.XsltTransformer.transform(XsltTransformer.java:190)
at com.occamlab.te.TECore.executeTemplate(TECore.java:657)
at com.occamlab.te.TECore.executeTest(TECore.java:873)
at com.occamlab.te.TECore.execute_test(TECore.java:508)
at com.occamlab.te.TECore.execute_suite(TECore.java:552)
at com.occamlab.te.TECore.execute(TECore.java:382)
at com.occamlab.te.Test.execute(Test.java:388)
at com.occamlab.te.Test.main(Test.java:123)
]]>
            </full-stacktrace>
          </exception> <!-- java.lang.AssertionError -->
          <reporter-output>
          </reporter-output>
        </test-method> <!-- validateSuccessfulTilesExecutionFollowingLinks -->
        <test-method is-config="true" signature="clearMessages()[pri:0, instance:org.opengis.cite.ogcapitiles10.conformance.Tile@323e8306]" started-at="2026-01-07T02:36:20 UTC" name="clearMessages" finished-at="2026-01-07T02:36:20 UTC" duration-ms="0" status="PASS">
          <reporter-output>
          </reporter-output>
        </test-method> <!-- clearMessages -->
        <test-method signature="validateTileColDefinitionIsAvailable()[pri:0, instance:org.opengis.cite.ogcapitiles10.conformance.Tile@323e8306]" started-at="2026-01-07T02:36:20 UTC" name="validateTileColDefinitionIsAvailable" description="Implements Abstract test A.5, Requirement 4: /req/core/tc-tilecol-definition" finished-at="2026-01-07T02:36:20 UTC" duration-ms="227" status="PASS">
          <reporter-output>
          </reporter-output>
        </test-method> <!-- validateTileColDefinitionIsAvailable -->
        <test-method is-config="true" signature="clearMessages()[pri:0, instance:org.opengis.cite.ogcapitiles10.conformance.Tile@323e8306]" started-at="2026-01-07T02:36:20 UTC" name="clearMessages" finished-at="2026-01-07T02:36:20 UTC" duration-ms="0" status="PASS">
          <reporter-output>
          </reporter-output>
        </test-method> <!-- clearMessages -->
        <test-method signature="validateTileMatrixDefinitionIsAvailable()[pri:0, instance:org.opengis.cite.ogcapitiles10.conformance.Tile@323e8306]" started-at="2026-01-07T02:36:20 UTC" name="validateTileMatrixDefinitionIsAvailable" description="Implements Abstract test A.3, Requirement 2: /req/core/tc-tilematrix-definition" finished-at="2026-01-07T02:36:20 UTC" duration-ms="159" status="PASS">
          <reporter-output>
          </reporter-output>
        </test-method> <!-- validateTileMatrixDefinitionIsAvailable -->
        <test-method is-config="true" signature="clearMessages()[pri:0, instance:org.opengis.cite.ogcapitiles10.conformance.Tile@323e8306]" started-at="2026-01-07T02:36:20 UTC" name="clearMessages" finished-at="2026-01-07T02:36:20 UTC" duration-ms="0" status="PASS">
          <reporter-output>
          </reporter-output>
        </test-method> <!-- clearMessages -->
        <test-method is-config="true" signature="clearMessages()[pri:0, instance:org.opengis.cite.ogcapitiles10.conformance.Tile@323e8306]" started-at="2026-01-07T02:36:20 UTC" name="clearMessages" finished-at="2026-01-07T02:36:20 UTC" duration-ms="1" status="PASS">
          <reporter-output>
          </reporter-output>
        </test-method> <!-- clearMessages -->
        <test-method signature="validateTileRowDefinitionIsAvailable()[pri:0, instance:org.opengis.cite.ogcapitiles10.conformance.Tile@323e8306]" started-at="2026-01-07T02:36:20 UTC" name="validateTileRowDefinitionIsAvailable" description="Implements Abstract test A.4, Requirement 3: /req/core/tc-tilerow-definition" finished-at="2026-01-07T02:36:21 UTC" duration-ms="155" status="PASS">
          <reporter-output>
          </reporter-output>
        </test-method> <!-- validateTileRowDefinitionIsAvailable -->
        <test-method signature="validateTilesAreAvailable()[pri:0, instance:org.opengis.cite.ogcapitiles10.conformance.Tile@323e8306]" started-at="2026-01-07T02:36:21 UTC" name="validateTilesAreAvailable" description="Implements Abstract test A.2, Requirement 1: /req/core/tc-op" finished-at="2026-01-07T02:36:21 UTC" duration-ms="60" status="FAIL">
          <exception class="java.lang.AssertionError">
            <message>
              <![CDATA[No URL templates were found. expected [true] but found [false]]]>
            </message>
            <full-stacktrace>
              <![CDATA[java.lang.AssertionError: No URL templates were found. expected [true] but found [false]
at org.testng.Assert.fail(Assert.java:111)
at org.testng.Assert.failNotEquals(Assert.java:1578)
at org.testng.Assert.assertTrue(Assert.java:57)
at org.opengis.cite.ogcapitiles10.conformance.Tile.validateTilesAreAvailable(Tile.java:106)
at java.base/jdk.internal.reflect.NativeMethodAccessorImpl.invoke0(Native Method)
at java.base/jdk.internal.reflect.NativeMethodAccessorImpl.invoke(Unknown Source)
at java.base/jdk.internal.reflect.DelegatingMethodAccessorImpl.invoke(Unknown Source)
at java.base/java.lang.reflect.Method.invoke(Unknown Source)
at org.testng.internal.invokers.MethodInvocationHelper.invokeMethod(MethodInvocationHelper.java:139)
at org.testng.internal.invokers.TestInvoker.invokeMethod(TestInvoker.java:664)
at org.testng.internal.invokers.TestInvoker.invokeTestMethod(TestInvoker.java:228)
at org.testng.internal.invokers.MethodRunner.runInSequence(MethodRunner.java:63)
at org.testng.internal.invokers.TestInvoker$MethodInvocationAgent.invoke(TestInvoker.java:961)
at org.testng.internal.invokers.TestInvoker.invokeTestMethods(TestInvoker.java:201)
at org.testng.internal.invokers.TestMethodWorker.invokeTestMethods(TestMethodWorker.java:148)
at org.testng.internal.invokers.TestMethodWorker.run(TestMethodWorker.java:128)
at java.base/java.util.ArrayList.forEach(Unknown Source)
at org.testng.TestRunner.privateRun(TestRunner.java:819)
at org.testng.TestRunner.run(TestRunner.java:619)
at org.testng.SuiteRunner.runTest(SuiteRunner.java:443)
at org.testng.SuiteRunner.runSequentially(SuiteRunner.java:437)
at org.testng.SuiteRunner.privateRun(SuiteRunner.java:397)
at org.testng.SuiteRunner.run(SuiteRunner.java:336)
at org.testng.SuiteRunnerWorker.runSuite(SuiteRunnerWorker.java:52)
at org.testng.SuiteRunnerWorker.run(SuiteRunnerWorker.java:95)
at org.testng.TestNG.runSuitesSequentially(TestNG.java:1301)
at org.testng.TestNG.runSuitesLocally(TestNG.java:1228)
at org.testng.TestNG.runSuites(TestNG.java:1134)
at org.testng.TestNG.run(TestNG.java:1101)
at com.occamlab.te.spi.executors.testng.TestNGExecutor.execute(TestNGExecutor.java:159)
at org.opengis.cite.ogcapitiles10.TestNGController.doTestRun(TestNGController.java:140)
at java.base/jdk.internal.reflect.NativeMethodAccessorImpl.invoke0(Native Method)
at java.base/jdk.internal.reflect.NativeMethodAccessorImpl.invoke(Unknown Source)
at java.base/jdk.internal.reflect.DelegatingMethodAccessorImpl.invoke(Unknown Source)
at java.base/java.lang.reflect.Method.invoke(Unknown Source)
at net.sf.saxon.functions.ExtensionFunctionCall.invokeMethod(ExtensionFunctionCall.java:533)
at net.sf.saxon.functions.ExtensionFunctionCall.call(ExtensionFunctionCall.java:256)
at net.sf.saxon.functions.ExtensionFunctionCall.iterate(ExtensionFunctionCall.java:147)
at net.sf.saxon.instruct.CopyOf.processLeavingTail(CopyOf.java:292)
at net.sf.saxon.instruct.Block.processLeavingTail(Block.java:409)
at net.sf.saxon.instruct.Instruction.process(Instruction.java:94)
at net.sf.saxon.expr.LetExpression.process(LetExpression.java:380)
at net.sf.saxon.instruct.ForEach.processLeavingTail(ForEach.java:300)
at net.sf.saxon.instruct.Block.processLeavingTail(Block.java:409)
at net.sf.saxon.instruct.Template.applyLeavingTail(Template.java:175)
at net.sf.saxon.instruct.ApplyTemplates.applyTemplates(ApplyTemplates.java:343)
at net.sf.saxon.Controller.transformDocument(Controller.java:1736)
at net.sf.saxon.Controller.transform(Controller.java:1560)
at net.sf.saxon.s9api.XsltTransformer.transform(XsltTransformer.java:190)
at com.occamlab.te.TECore.executeTemplate(TECore.java:657)
at com.occamlab.te.TECore.executeXSLFunction(TECore.java:1177)
at com.occamlab.te.TECore.callFunction(TECore.java:1219)
at java.base/jdk.internal.reflect.NativeMethodAccessorImpl.invoke0(Native Method)
at java.base/jdk.internal.reflect.NativeMethodAccessorImpl.invoke(Unknown Source)
at java.base/jdk.internal.reflect.DelegatingMethodAccessorImpl.invoke(Unknown Source)
at java.base/java.lang.reflect.Method.invoke(Unknown Source)
at net.sf.saxon.functions.ExtensionFunctionCall.invokeMethod(ExtensionFunctionCall.java:533)
at net.sf.saxon.functions.ExtensionFunctionCall.call(ExtensionFunctionCall.java:256)
at net.sf.saxon.functions.ExtensionFunctionCall.iterate(ExtensionFunctionCall.java:147)
at net.sf.saxon.expr.Expression.evaluateItem(Expression.java:352)
at net.sf.saxon.expr.Expression.process(Expression.java:461)
at net.sf.saxon.instruct.DocumentInstr.evaluateItem(DocumentInstr.java:282)
at net.sf.saxon.expr.ExpressionTool.evaluate(ExpressionTool.java:295)
at net.sf.saxon.expr.LetExpression.eval(LetExpression.java:341)
at net.sf.saxon.expr.LetExpression.processLeavingTail(LetExpression.java:542)
at net.sf.saxon.instruct.Block.processLeavingTail(Block.java:409)
at net.sf.saxon.expr.LetExpression.processLeavingTail(LetExpression.java:551)
at net.sf.saxon.instruct.Block.processLeavingTail(Block.java:409)
at net.sf.saxon.expr.LetExpression.processLeavingTail(LetExpression.java:551)
at net.sf.saxon.instruct.Block.processLeavingTail(Block.java:409)
at net.sf.saxon.instruct.Instruction.process(Instruction.java:94)
at net.sf.saxon.expr.LetExpression.process(LetExpression.java:380)
at net.sf.saxon.instruct.ForEach.processLeavingTail(ForEach.java:300)
at net.sf.saxon.instruct.Template.applyLeavingTail(Template.java:175)
at net.sf.saxon.instruct.ApplyTemplates.applyTemplates(ApplyTemplates.java:343)
at net.sf.saxon.Controller.transformDocument(Controller.java:1736)
at net.sf.saxon.Controller.transform(Controller.java:1560)
at net.sf.saxon.s9api.XsltTransformer.transform(XsltTransformer.java:190)
at com.occamlab.te.TECore.executeTemplate(TECore.java:657)
at com.occamlab.te.TECore.executeTest(TECore.java:873)
at com.occamlab.te.TECore.execute_test(TECore.java:508)
at com.occamlab.te.TECore.execute_suite(TECore.java:552)
at com.occamlab.te.TECore.execute(TECore.java:382)
at com.occamlab.te.Test.execute(Test.java:388)
at com.occamlab.te.Test.main(Test.java:123)
]]>
            </full-stacktrace>
          </exception> <!-- java.lang.AssertionError -->
          <reporter-output>
          </reporter-output>
        </test-method> <!-- validateTilesAreAvailable -->
        <test-method is-config="true" signature="clearMessages()[pri:0, instance:org.opengis.cite.ogcapitiles10.conformance.Tile@323e8306]" started-at="2026-01-07T02:36:21 UTC" name="clearMessages" finished-at="2026-01-07T02:36:21 UTC" duration-ms="0" status="PASS">
          <reporter-output>
          </reporter-output>
        </test-method> <!-- clearMessages -->
        <test-method is-config="true" signature="clearMessages()[pri:0, instance:org.opengis.cite.ogcapitiles10.conformance.Tile@323e8306]" started-at="2026-01-07T02:36:21 UTC" name="clearMessages" finished-at="2026-01-07T02:36:21 UTC" duration-ms="0" status="PASS">
          <reporter-output>
          </reporter-output>
        </test-method> <!-- clearMessages -->
        <test-method signature="validateTilesErrorConditions()[pri:0, instance:org.opengis.cite.ogcapitiles10.conformance.Tile@323e8306]" started-at="2026-01-07T02:36:21 UTC" name="validateTilesErrorConditions" description="Implements Abstract test A.7: /conf/core/tc-error, Requirement 6: /req/core/tc-error" finished-at="2026-01-07T02:36:21 UTC" duration-ms="44" status="FAIL">
          <exception class="java.lang.AssertionError">
            <message>
              <![CDATA[No URL templates were found. expected [true] but found [false]]]>
            </message>
            <full-stacktrace>
              <![CDATA[java.lang.AssertionError: No URL templates were found. expected [true] but found [false]
at org.testng.Assert.fail(Assert.java:111)
at org.testng.Assert.failNotEquals(Assert.java:1578)
at org.testng.Assert.assertTrue(Assert.java:57)
at org.opengis.cite.ogcapitiles10.conformance.Tile.validateTilesErrorConditions(Tile.java:182)
at java.base/jdk.internal.reflect.NativeMethodAccessorImpl.invoke0(Native Method)
at java.base/jdk.internal.reflect.NativeMethodAccessorImpl.invoke(Unknown Source)
at java.base/jdk.internal.reflect.DelegatingMethodAccessorImpl.invoke(Unknown Source)
at java.base/java.lang.reflect.Method.invoke(Unknown Source)
at org.testng.internal.invokers.MethodInvocationHelper.invokeMethod(MethodInvocationHelper.java:139)
at org.testng.internal.invokers.TestInvoker.invokeMethod(TestInvoker.java:664)
at org.testng.internal.invokers.TestInvoker.invokeTestMethod(TestInvoker.java:228)
at org.testng.internal.invokers.MethodRunner.runInSequence(MethodRunner.java:63)
at org.testng.internal.invokers.TestInvoker$MethodInvocationAgent.invoke(TestInvoker.java:961)
at org.testng.internal.invokers.TestInvoker.invokeTestMethods(TestInvoker.java:201)
at org.testng.internal.invokers.TestMethodWorker.invokeTestMethods(TestMethodWorker.java:148)
at org.testng.internal.invokers.TestMethodWorker.run(TestMethodWorker.java:128)
at java.base/java.util.ArrayList.forEach(Unknown Source)
at org.testng.TestRunner.privateRun(TestRunner.java:819)
at org.testng.TestRunner.run(TestRunner.java:619)
at org.testng.SuiteRunner.runTest(SuiteRunner.java:443)
at org.testng.SuiteRunner.runSequentially(SuiteRunner.java:437)
at org.testng.SuiteRunner.privateRun(SuiteRunner.java:397)
at org.testng.SuiteRunner.run(SuiteRunner.java:336)
at org.testng.SuiteRunnerWorker.runSuite(SuiteRunnerWorker.java:52)
at org.testng.SuiteRunnerWorker.run(SuiteRunnerWorker.java:95)
at org.testng.TestNG.runSuitesSequentially(TestNG.java:1301)
at org.testng.TestNG.runSuitesLocally(TestNG.java:1228)
at org.testng.TestNG.runSuites(TestNG.java:1134)
at org.testng.TestNG.run(TestNG.java:1101)
at com.occamlab.te.spi.executors.testng.TestNGExecutor.execute(TestNGExecutor.java:159)
at org.opengis.cite.ogcapitiles10.TestNGController.doTestRun(TestNGController.java:140)
at java.base/jdk.internal.reflect.NativeMethodAccessorImpl.invoke0(Native Method)
at java.base/jdk.internal.reflect.NativeMethodAccessorImpl.invoke(Unknown Source)
at java.base/jdk.internal.reflect.DelegatingMethodAccessorImpl.invoke(Unknown Source)
at java.base/java.lang.reflect.Method.invoke(Unknown Source)
at net.sf.saxon.functions.ExtensionFunctionCall.invokeMethod(ExtensionFunctionCall.java:533)
at net.sf.saxon.functions.ExtensionFunctionCall.call(ExtensionFunctionCall.java:256)
at net.sf.saxon.functions.ExtensionFunctionCall.iterate(ExtensionFunctionCall.java:147)
at net.sf.saxon.instruct.CopyOf.processLeavingTail(CopyOf.java:292)
at net.sf.saxon.instruct.Block.processLeavingTail(Block.java:409)
at net.sf.saxon.instruct.Instruction.process(Instruction.java:94)
at net.sf.saxon.expr.LetExpression.process(LetExpression.java:380)
at net.sf.saxon.instruct.ForEach.processLeavingTail(ForEach.java:300)
at net.sf.saxon.instruct.Block.processLeavingTail(Block.java:409)
at net.sf.saxon.instruct.Template.applyLeavingTail(Template.java:175)
at net.sf.saxon.instruct.ApplyTemplates.applyTemplates(ApplyTemplates.java:343)
at net.sf.saxon.Controller.transformDocument(Controller.java:1736)
at net.sf.saxon.Controller.transform(Controller.java:1560)
at net.sf.saxon.s9api.XsltTransformer.transform(XsltTransformer.java:190)
at com.occamlab.te.TECore.executeTemplate(TECore.java:657)
at com.occamlab.te.TECore.executeXSLFunction(TECore.java:1177)
at com.occamlab.te.TECore.callFunction(TECore.java:1219)
at java.base/jdk.internal.reflect.NativeMethodAccessorImpl.invoke0(Native Method)
at java.base/jdk.internal.reflect.NativeMethodAccessorImpl.invoke(Unknown Source)
at java.base/jdk.internal.reflect.DelegatingMethodAccessorImpl.invoke(Unknown Source)
at java.base/java.lang.reflect.Method.invoke(Unknown Source)
at net.sf.saxon.functions.ExtensionFunctionCall.invokeMethod(ExtensionFunctionCall.java:533)
at net.sf.saxon.functions.ExtensionFunctionCall.call(ExtensionFunctionCall.java:256)
at net.sf.saxon.functions.ExtensionFunctionCall.iterate(ExtensionFunctionCall.java:147)
at net.sf.saxon.expr.Expression.evaluateItem(Expression.java:352)
at net.sf.saxon.expr.Expression.process(Expression.java:461)
at net.sf.saxon.instruct.DocumentInstr.evaluateItem(DocumentInstr.java:282)
at net.sf.saxon.expr.ExpressionTool.evaluate(ExpressionTool.java:295)
at net.sf.saxon.expr.LetExpression.eval(LetExpression.java:341)
at net.sf.saxon.expr.LetExpression.processLeavingTail(LetExpression.java:542)
at net.sf.saxon.instruct.Block.processLeavingTail(Block.java:409)
at net.sf.saxon.expr.LetExpression.processLeavingTail(LetExpression.java:551)
at net.sf.saxon.instruct.Block.processLeavingTail(Block.java:409)
at net.sf.saxon.expr.LetExpression.processLeavingTail(LetExpression.java:551)
at net.sf.saxon.instruct.Block.processLeavingTail(Block.java:409)
at net.sf.saxon.instruct.Instruction.process(Instruction.java:94)
at net.sf.saxon.expr.LetExpression.process(LetExpression.java:380)
at net.sf.saxon.instruct.ForEach.processLeavingTail(ForEach.java:300)
at net.sf.saxon.instruct.Template.applyLeavingTail(Template.java:175)
at net.sf.saxon.instruct.ApplyTemplates.applyTemplates(ApplyTemplates.java:343)
at net.sf.saxon.Controller.transformDocument(Controller.java:1736)
at net.sf.saxon.Controller.transform(Controller.java:1560)
at net.sf.saxon.s9api.XsltTransformer.transform(XsltTransformer.java:190)
at com.occamlab.te.TECore.executeTemplate(TECore.java:657)
at com.occamlab.te.TECore.executeTest(TECore.java:873)
at com.occamlab.te.TECore.execute_test(TECore.java:508)
at com.occamlab.te.TECore.execute_suite(TECore.java:552)
at com.occamlab.te.TECore.execute(TECore.java:382)
at com.occamlab.te.Test.execute(Test.java:388)
at com.occamlab.te.Test.main(Test.java:123)
]]>
            </full-stacktrace>
          </exception> <!-- java.lang.AssertionError -->
          <reporter-output>
          </reporter-output>
        </test-method> <!-- validateTilesErrorConditions -->
      </class> <!-- org.opengis.cite.ogcapitiles10.conformance.Tile -->
      <class name="org.opengis.cite.ogcapitiles10.conformance.Conformance">
        <test-method is-config="true" signature="initCommonFixture(org.testng.ITestContext)[pri:0, instance:org.opengis.cite.ogcapitiles10.conformance.Conformance@619bd14c]" started-at="2026-01-07T02:36:18 UTC" name="initCommonFixture" finished-at="2026-01-07T02:36:18 UTC" duration-ms="1" status="PASS">
          <params>
            <param index="0">
              <value>
                <![CDATA[org.testng.TestRunner@6f430ea8]]>
              </value>
            </param>
          </params>
          <reporter-output>
          </reporter-output>
        </test-method> <!-- initCommonFixture -->
        <test-method signature="validateConformanceOperationAndResponse(org.opengis.cite.ogcapitiles10.openapi3.TestPoint)[pri:0, instance:org.opengis.cite.ogcapitiles10.conformance.Conformance@619bd14c]" started-at="2026-01-07T02:36:18 UTC" name="validateConformanceOperationAndResponse" description="Implements Abstract test A.1, Requirement 7: /req/core/conformance-success" data-provider="conformanceUris" finished-at="2026-01-07T02:36:20 UTC" duration-ms="1672" status="PASS">
          <params>
            <param index="0">
              <value>
                <![CDATA[Server URL: http://honua-server:8080/ogc/tiles , Path: /conformance, Replacements: {}]]>
              </value>
            </param>
          </params>
          <reporter-output>
          </reporter-output>
        </test-method> <!-- validateConformanceOperationAndResponse -->
        <test-method is-config="true" signature="clearMessages()[pri:0, instance:org.opengis.cite.ogcapitiles10.conformance.Conformance@619bd14c]" started-at="2026-01-07T02:36:18 UTC" name="clearMessages" finished-at="2026-01-07T02:36:18 UTC" duration-ms="0" status="PASS">
          <reporter-output>
          </reporter-output>
        </test-method> <!-- clearMessages -->
        <test-method is-config="true" signature="storeRequirementClassesInTestContext(org.testng.ITestContext)[pri:0, instance:org.opengis.cite.ogcapitiles10.conformance.Conformance@619bd14c]" started-at="2026-01-07T02:36:20 UTC" name="storeRequirementClassesInTestContext" finished-at="2026-01-07T02:36:20 UTC" duration-ms="1" status="PASS">
          <params>
            <param index="0">
              <value>
                <![CDATA[org.testng.TestRunner@6f430ea8]]>
              </value>
            </param>
          </params>
          <reporter-output>
          </reporter-output>
        </test-method> <!-- storeRequirementClassesInTestContext -->
      </class> <!-- org.opengis.cite.ogcapitiles10.conformance.Conformance -->
    </test> <!-- Conditional Core -->
    <test started-at="2026-01-07T02:36:21 UTC" name="OpenAPI Specification 3.0" finished-at="2026-01-07T02:36:21 UTC" duration-ms="435">
      <class name="org.opengis.cite.ogcapitiles10.apidefinition.ApiDefinition">
        <test-method is-config="true" signature="initCommonFixture(org.testng.ITestContext)[pri:0, instance:org.opengis.cite.ogcapitiles10.apidefinition.ApiDefinition@41de5768]" started-at="2026-01-07T02:36:21 UTC" name="initCommonFixture" finished-at="2026-01-07T02:36:21 UTC" duration-ms="1" status="PASS">
          <params>
            <param index="0">
              <value>
                <![CDATA[org.testng.TestRunner@5f9ebd5a]]>
              </value>
            </param>
          </params>
          <reporter-output>
          </reporter-output>
        </test-method> <!-- initCommonFixture -->
        <test-method is-config="true" signature="retrieveApiUrl()[pri:0, instance:org.opengis.cite.ogcapitiles10.apidefinition.ApiDefinition@41de5768]" started-at="2026-01-07T02:36:21 UTC" name="retrieveApiUrl" finished-at="2026-01-07T02:36:21 UTC" depends-on-methods="org.opengis.cite.ogcapitiles10.CommonFixture.initCommonFixture" duration-ms="31" status="PASS">
          <reporter-output>
          </reporter-output>
        </test-method> <!-- retrieveApiUrl -->
        <test-method is-config="true" signature="openapiDocumentRetrieval()[pri:0, instance:org.opengis.cite.ogcapitiles10.apidefinition.ApiDefinition@41de5768]" started-at="2026-01-07T02:36:21 UTC" name="openapiDocumentRetrieval" finished-at="2026-01-07T02:36:21 UTC" depends-on-methods="org.opengis.cite.ogcapitiles10.apidefinition.ApiDefinition.retrieveApiUrl" duration-ms="28" status="PASS">
          <reporter-output>
          </reporter-output>
        </test-method> <!-- openapiDocumentRetrieval -->
        <test-method signature="apiDefinitionOperationIdValidation(org.testng.ITestContext)[pri:0, instance:org.opengis.cite.ogcapitiles10.apidefinition.ApiDefinition@41de5768]" started-at="2026-01-07T02:36:21 UTC" name="apiDefinitionOperationIdValidation" description="Implements Abstract test A.24, Requirement 23: /req/oas30/operation-id" finished-at="2026-01-07T02:36:21 UTC" duration-ms="298" status="PASS">
          <params>
            <param index="0">
              <value>
                <![CDATA[org.testng.TestRunner@5f9ebd5a]]>
              </value>
            </param>
          </params>
          <reporter-output>
          </reporter-output>
        </test-method> <!-- apiDefinitionOperationIdValidation -->
        <test-method is-config="true" signature="clearMessages()[pri:0, instance:org.opengis.cite.ogcapitiles10.apidefinition.ApiDefinition@41de5768]" started-at="2026-01-07T02:36:21 UTC" name="clearMessages" finished-at="2026-01-07T02:36:21 UTC" duration-ms="0" status="PASS">
          <reporter-output>
          </reporter-output>
        </test-method> <!-- clearMessages -->
        <test-method signature="apiDefinitionValidation(org.testng.ITestContext)[pri:0, instance:org.opengis.cite.ogcapitiles10.apidefinition.ApiDefinition@41de5768]" started-at="2026-01-07T02:36:21 UTC" name="apiDefinitionValidation" description="Implements Abstract test A.23, Requirement 22: /req/oas30/completeness" finished-at="2026-01-07T02:36:21 UTC" duration-ms="72" status="PASS">
          <params>
            <param index="0">
              <value>
                <![CDATA[org.testng.TestRunner@5f9ebd5a]]>
              </value>
            </param>
          </params>
          <reporter-output>
          </reporter-output>
        </test-method> <!-- apiDefinitionValidation -->
        <test-method is-config="true" signature="clearMessages()[pri:0, instance:org.opengis.cite.ogcapitiles10.apidefinition.ApiDefinition@41de5768]" started-at="2026-01-07T02:36:21 UTC" name="clearMessages" finished-at="2026-01-07T02:36:21 UTC" duration-ms="0" status="PASS">
          <reporter-output>
          </reporter-output>
        </test-method> <!-- clearMessages -->
      </class> <!-- org.opengis.cite.ogcapitiles10.apidefinition.ApiDefinition -->
    </test> <!-- OpenAPI Specification 3.0 -->
    <test started-at="2026-01-07T02:36:21 UTC" name="Tilesets List" finished-at="2026-01-07T02:36:21 UTC" duration-ms="84">
      <class name="org.opengis.cite.ogcapitiles10.tilesetslist.TilesetLlinks">
        <test-method is-config="true" signature="initCommonFixture(org.testng.ITestContext)[pri:0, instance:org.opengis.cite.ogcapitiles10.tilesetslist.TilesetLlinks@11ee02f8]" started-at="2026-01-07T02:36:21 UTC" name="initCommonFixture" finished-at="2026-01-07T02:36:21 UTC" duration-ms="1" status="PASS">
          <params>
            <param index="0">
              <value>
                <![CDATA[org.testng.TestRunner@11120583]]>
              </value>
            </param>
          </params>
          <reporter-output>
          </reporter-output>
        </test-method> <!-- initCommonFixture -->
        <test-method is-config="true" signature="clearMessages()[pri:0, instance:org.opengis.cite.ogcapitiles10.tilesetslist.TilesetLlinks@11ee02f8]" started-at="2026-01-07T02:36:21 UTC" name="clearMessages" finished-at="2026-01-07T02:36:21 UTC" duration-ms="1" status="PASS">
          <reporter-output>
          </reporter-output>
        </test-method> <!-- clearMessages -->
        <test-method signature="validateTilesetsListResponse(org.testng.ITestContext,org.opengis.cite.ogcapitiles10.openapi3.TestPoint)[pri:0, instance:org.opengis.cite.ogcapitiles10.tilesetslist.TilesetLlinks@11ee02f8]" started-at="2026-01-07T02:36:21 UTC" name="validateTilesetsListResponse" description="Implements Abstract test A.9, addresses Requirement 10 (/req/tilesets-list/tileset-links)" data-provider="tilesetListsURIs" finished-at="2026-01-07T02:36:21 UTC" duration-ms="81" status="PASS">
          <params>
            <param index="0">
              <value>
                <![CDATA[org.testng.TestRunner@11120583]]>
              </value>
            </param>
            <param index="1">
              <value>
                <![CDATA[Server URL: http://honua-server:8080/ogc/tiles , Path: /collections, Replacements: {}]]>
              </value>
            </param>
          </params>
          <reporter-output>
          </reporter-output>
        </test-method> <!-- validateTilesetsListResponse -->
      </class> <!-- org.opengis.cite.ogcapitiles10.tilesetslist.TilesetLlinks -->
    </test> <!-- Tilesets List -->
    <test started-at="2026-01-07T02:36:21 UTC" name="Dataset Tilesets" finished-at="2026-01-07T02:36:21 UTC" duration-ms="32">
      <class name="org.opengis.cite.ogcapitiles10.datasettilesets.LandingPage">
        <test-method is-config="true" signature="initCommonFixture(org.testng.ITestContext)[pri:0, instance:org.opengis.cite.ogcapitiles10.datasettilesets.LandingPage@77b325b3]" started-at="2026-01-07T02:36:21 UTC" name="initCommonFixture" finished-at="2026-01-07T02:36:21 UTC" duration-ms="1" status="PASS">
          <params>
            <param index="0">
              <value>
                <![CDATA[org.testng.TestRunner@6144e499]]>
              </value>
            </param>
          </params>
          <reporter-output>
          </reporter-output>
        </test-method> <!-- initCommonFixture -->
        <test-method signature="landingPageRetrieval(org.testng.ITestContext)[pri:0, instance:org.opengis.cite.ogcapitiles10.datasettilesets.LandingPage@77b325b3]" started-at="2026-01-07T02:36:21 UTC" name="landingPageRetrieval" description="Implements Abstract test A.10, addresses Requirement 11" finished-at="2026-01-07T02:36:21 UTC" duration-ms="28" status="PASS">
          <params>
            <param index="0">
              <value>
                <![CDATA[org.testng.TestRunner@6144e499]]>
              </value>
            </param>
          </params>
          <reporter-output>
          </reporter-output>
        </test-method> <!-- landingPageRetrieval -->
        <test-method is-config="true" signature="clearMessages()[pri:0, instance:org.opengis.cite.ogcapitiles10.datasettilesets.LandingPage@77b325b3]" started-at="2026-01-07T02:36:21 UTC" name="clearMessages" finished-at="2026-01-07T02:36:21 UTC" duration-ms="0" status="PASS">
          <reporter-output>
          </reporter-output>
        </test-method> <!-- clearMessages -->
      </class> <!-- org.opengis.cite.ogcapitiles10.datasettilesets.LandingPage -->
    </test> <!-- Dataset Tilesets -->
    <test started-at="2026-01-07T02:36:21 UTC" name="GeoData Tilesets" finished-at="2026-01-07T02:36:21 UTC" duration-ms="180">
      <class name="org.opengis.cite.ogcapitiles10.geodatatilesets.GeospatialDataResource">
        <test-method is-config="true" signature="initCommonFixture(org.testng.ITestContext)[pri:0, instance:org.opengis.cite.ogcapitiles10.geodatatilesets.GeospatialDataResource@eadb475]" started-at="2026-01-07T02:36:21 UTC" name="initCommonFixture" finished-at="2026-01-07T02:36:21 UTC" duration-ms="1" status="PASS">
          <params>
            <param index="0">
              <value>
                <![CDATA[org.testng.TestRunner@2d8c729f]]>
              </value>
            </param>
          </params>
          <reporter-output>
          </reporter-output>
        </test-method> <!-- initCommonFixture -->
        <test-method is-config="true" signature="clearMessages()[pri:0, instance:org.opengis.cite.ogcapitiles10.geodatatilesets.GeospatialDataResource@eadb475]" started-at="2026-01-07T02:36:21 UTC" name="clearMessages" finished-at="2026-01-07T02:36:21 UTC" duration-ms="0" status="PASS">
          <reporter-output>
          </reporter-output>
        </test-method> <!-- clearMessages -->
        <test-method signature="geospatialResourceTilesetsLinksCheck(org.testng.ITestContext)[pri:0, instance:org.opengis.cite.ogcapitiles10.geodatatilesets.GeospatialDataResource@eadb475]" started-at="2026-01-07T02:36:21 UTC" name="geospatialResourceTilesetsLinksCheck" description="Implements Abstract test A.12, addresses Requirement 13" finished-at="2026-01-07T02:36:21 UTC" duration-ms="91" status="PASS">
          <params>
            <param index="0">
              <value>
                <![CDATA[org.testng.TestRunner@2d8c729f]]>
              </value>
            </param>
          </params>
          <reporter-output>
          </reporter-output>
        </test-method> <!-- geospatialResourceTilesetsLinksCheck -->
        <test-method is-config="true" signature="clearMessages()[pri:0, instance:org.opengis.cite.ogcapitiles10.geodatatilesets.GeospatialDataResource@eadb475]" started-at="2026-01-07T02:36:21 UTC" name="clearMessages" finished-at="2026-01-07T02:36:21 UTC" duration-ms="1" status="PASS">
          <reporter-output>
          </reporter-output>
        </test-method> <!-- clearMessages -->
        <test-method signature="geospatialResourceTilesetsRetrieval(org.testng.ITestContext)[pri:0, instance:org.opengis.cite.ogcapitiles10.geodatatilesets.GeospatialDataResource@eadb475]" started-at="2026-01-07T02:36:21 UTC" name="geospatialResourceTilesetsRetrieval" description="Implements Abstract test A.13, addresses Requirement 14" finished-at="2026-01-07T02:36:21 UTC" duration-ms="83" status="PASS">
          <params>
            <param index="0">
              <value>
                <![CDATA[org.testng.TestRunner@2d8c729f]]>
              </value>
            </param>
          </params>
          <reporter-output>
          </reporter-output>
        </test-method> <!-- geospatialResourceTilesetsRetrieval -->
      </class> <!-- org.opengis.cite.ogcapitiles10.geodatatilesets.GeospatialDataResource -->
    </test> <!-- GeoData Tilesets -->
  </suite> <!-- ogcapi-tiles-1.0-1.2 -->
</testng-results>
