<?xml version="1.0" encoding="UTF-8"?>
<testng-results ignored="0" total="131" passed="130" failed="0" skipped="1">
  <reporter-output>
  </reporter-output>
  <suite started-at="2025-12-31T11:23:05 UTC" name="ogcapi-features-1.0-1.9" finished-at="2025-12-31T11:23:09 UTC" duration-ms="3353">
    <groups>
      <group name="crs-discovery">
        <method signature="DiscoveryCollectionCrsUri.verifyCollectionCrsIdentifierOfCrsProperty(java.lang.String,org.opengis.cite.ogcapifeatures10.conformance.crs.query.crs.CoordinateSystem)[pri:0, instance:org.opengis.cite.ogcapifeatures10.conformance.crs.discovery.collection.DiscoveryCollectionCrsUri@420745d7]" name="verifyCollectionCrsIdentifierOfCrsProperty" class="org.opengis.cite.ogcapifeatures10.conformance.crs.discovery.collection.DiscoveryCollectionCrsUri"/>
        <method signature="DiscoveryCollectionCrsUri.verifyCollectionCrsIdentifierOfStorageCrsProperty(java.lang.String,org.opengis.cite.ogcapifeatures10.conformance.crs.query.crs.CoordinateSystem)[pri:0, instance:org.opengis.cite.ogcapifeatures10.conformance.crs.discovery.collection.DiscoveryCollectionCrsUri@420745d7]" name="verifyCollectionCrsIdentifierOfStorageCrsProperty" class="org.opengis.cite.ogcapifeatures10.conformance.crs.discovery.collection.DiscoveryCollectionCrsUri"/>
        <method signature="DiscoveryCollectionDefaultCrs.verifyCollectionCrsIdentifierOfCrsProperty(java.lang.String,io.restassured.path.json.JsonPath)[pri:0, instance:org.opengis.cite.ogcapifeatures10.conformance.crs.discovery.collection.DiscoveryCollectionDefaultCrs@2392212b]" name="verifyCollectionCrsIdentifierOfCrsProperty" class="org.opengis.cite.ogcapifeatures10.conformance.crs.discovery.collection.DiscoveryCollectionDefaultCrs"/>
      </group> <!-- crs-discovery -->
      <group name="collections">
        <method signature="FeatureCollections.validateFeatureCollectionsMetadataOperation(org.opengis.cite.ogcapifeatures10.openapi3.TestPoint)[pri:0, instance:org.opengis.cite.ogcapifeatures10.conformance.core.collections.FeatureCollections@1556f2dd]" name="validateFeatureCollectionsMetadataOperation" class="org.opengis.cite.ogcapifeatures10.conformance.core.collections.FeatureCollections"/>
        <method signature="FeatureCollections.validateFeatureCollectionsMetadataOperationResponse_Content(org.opengis.cite.ogcapifeatures10.openapi3.TestPoint)[pri:0, instance:org.opengis.cite.ogcapifeatures10.conformance.core.collections.FeatureCollections@1556f2dd]" name="validateFeatureCollectionsMetadataOperationResponse_Content" class="org.opengis.cite.ogcapifeatures10.conformance.core.collections.FeatureCollections"/>
        <method signature="FeatureCollections.validateFeatureCollectionsMetadataOperationResponse_CrsProperty(org.opengis.cite.ogcapifeatures10.openapi3.TestPoint)[pri:0, instance:org.opengis.cite.ogcapifeatures10.conformance.core.collections.FeatureCollections@1556f2dd]" name="validateFeatureCollectionsMetadataOperationResponse_CrsProperty" class="org.opengis.cite.ogcapifeatures10.conformance.core.collections.FeatureCollections"/>
        <method signature="FeatureCollections.validateFeatureCollectionsMetadataOperationResponse_Items(org.opengis.cite.ogcapifeatures10.openapi3.TestPoint)[pri:0, instance:org.opengis.cite.ogcapifeatures10.conformance.core.collections.FeatureCollections@1556f2dd]" name="validateFeatureCollectionsMetadataOperationResponse_Items" class="org.opengis.cite.ogcapifeatures10.conformance.core.collections.FeatureCollections"/>
        <method signature="FeatureCollections.validateFeatureCollectionsMetadataOperationResponse_Links(org.opengis.cite.ogcapifeatures10.openapi3.TestPoint)[pri:0, instance:org.opengis.cite.ogcapifeatures10.conformance.core.collections.FeatureCollections@1556f2dd]" name="validateFeatureCollectionsMetadataOperationResponse_Links" class="org.opengis.cite.ogcapifeatures10.conformance.core.collections.FeatureCollections"/>
      </group> <!-- collections -->
      <group name="conformance">
        <method signature="Conformance.validateConformanceOperationAndResponse(org.opengis.cite.ogcapifeatures10.openapi3.TestPoint)[pri:0, instance:org.opengis.cite.ogcapifeatures10.conformance.core.conformance.Conformance@1c4ee95c]" name="validateConformanceOperationAndResponse" class="org.opengis.cite.ogcapifeatures10.conformance.core.conformance.Conformance"/>
      </group> <!-- conformance -->
      <group name="landingpage">
        <method signature="LandingPage.landingPageRetrieval()[pri:0, instance:org.opengis.cite.ogcapifeatures10.conformance.core.landingpage.LandingPage@1e287667]" name="landingPageRetrieval" class="org.opengis.cite.ogcapifeatures10.conformance.core.landingpage.LandingPage"/>
        <method signature="LandingPage.landingPageValidation()[pri:0, instance:org.opengis.cite.ogcapifeatures10.conformance.core.landingpage.LandingPage@1e287667]" name="landingPageValidation" class="org.opengis.cite.ogcapifeatures10.conformance.core.landingpage.LandingPage"/>
      </group> <!-- landingpage -->
      <group name="apidefinition">
        <method signature="ApiDefinition.openapiDocumentRetrieval()[pri:0, instance:org.opengis.cite.ogcapifeatures10.conformance.core.apidefinition.ApiDefinition@e362c57]" name="openapiDocumentRetrieval" class="org.opengis.cite.ogcapifeatures10.conformance.core.apidefinition.ApiDefinition"/>
        <method signature="ApiDefinition.apiDefinitionValidation(org.testng.ITestContext)[pri:0, instance:org.opengis.cite.ogcapifeatures10.conformance.core.apidefinition.ApiDefinition@e362c57]" name="apiDefinitionValidation" class="org.opengis.cite.ogcapifeatures10.conformance.core.apidefinition.ApiDefinition"/>
      </group> <!-- apidefinition -->
      <group name="crs-conformance">
        <method signature="CrsRequirementClassPrecondition.verifyConformanceClass()[pri:0, instance:org.opengis.cite.ogcapifeatures10.conformance.crs.CrsRequirementClassPrecondition@62b3df3a]" name="verifyConformanceClass" class="org.opengis.cite.ogcapifeatures10.conformance.crs.CrsRequirementClassPrecondition"/>
      </group> <!-- crs-conformance -->
      <group name="featuresBase">
        <method signature="Features.validateFeaturesOperation(org.testng.ITestContext,java.util.Map)[pri:0, instance:org.opengis.cite.ogcapifeatures10.conformance.core.collections.Features@35e52059]" name="validateFeaturesOperation" class="org.opengis.cite.ogcapifeatures10.conformance.core.collections.Features"/>
        <method signature="FeaturesErrorConditions.validateFeaturesOperation_QueryParamInvalid(java.util.Map)[pri:0, instance:org.opengis.cite.ogcapifeatures10.conformance.core.collections.FeaturesErrorConditions@62577d6]" name="validateFeaturesOperation_QueryParamInvalid" class="org.opengis.cite.ogcapifeatures10.conformance.core.collections.FeaturesErrorConditions"/>
        <method signature="FeaturesErrorConditions.validateFeaturesOperation_QueryParamUnknown(java.util.Map)[pri:0, instance:org.opengis.cite.ogcapifeatures10.conformance.core.collections.FeaturesErrorConditions@62577d6]" name="validateFeaturesOperation_QueryParamUnknown" class="org.opengis.cite.ogcapifeatures10.conformance.core.collections.FeaturesErrorConditions"/>
      </group> <!-- featuresBase -->
      <group name="collection">
        <method signature="FeatureCollection.validateFeatureCollectionMetadataOperation(org.testng.ITestContext,java.util.Map)[pri:0, instance:org.opengis.cite.ogcapifeatures10.conformance.core.collections.FeatureCollection@5aa360ea]" name="validateFeatureCollectionMetadataOperation" class="org.opengis.cite.ogcapifeatures10.conformance.core.collections.FeatureCollection"/>
        <method signature="FeatureCollection.validateFeatureCollectionMetadataResponse(java.util.Map)[pri:0, instance:org.opengis.cite.ogcapifeatures10.conformance.core.collections.FeatureCollection@5aa360ea]" name="validateFeatureCollectionMetadataResponse" class="org.opengis.cite.ogcapifeatures10.conformance.core.collections.FeatureCollection"/>
      </group> <!-- collection -->
    </groups>
    <test started-at="2025-12-31T11:23:05 UTC" name="Core" finished-at="2025-12-31T11:23:08 UTC" duration-ms="2825">
      <class name="org.opengis.cite.ogcapifeatures10.conformance.core.collections.FeaturesLimit">
        <test-method is-config="true" signature="noOfCollections(org.testng.ITestContext)[pri:0, instance:org.opengis.cite.ogcapifeatures10.conformance.core.collections.FeaturesLimit@6b5f8707]" started-at="2025-12-31T11:23:07 UTC" name="noOfCollections" finished-at="2025-12-31T11:23:07 UTC" duration-ms="0" status="PASS">
          <params>
            <param index="0">
              <value>
                <![CDATA[org.testng.TestRunner@48bab2c6]]>
              </value>
            </param>
          </params>
          <reporter-output>
          </reporter-output>
        </test-method> <!-- noOfCollections -->
        <test-method is-config="true" signature="requirementClasses(org.testng.ITestContext)[pri:0, instance:org.opengis.cite.ogcapifeatures10.conformance.core.collections.FeaturesLimit@6b5f8707]" started-at="2025-12-31T11:23:07 UTC" name="requirementClasses" finished-at="2025-12-31T11:23:07 UTC" duration-ms="1" status="PASS">
          <params>
            <param index="0">
              <value>
                <![CDATA[org.testng.TestRunner@48bab2c6]]>
              </value>
            </param>
          </params>
          <reporter-output>
          </reporter-output>
        </test-method> <!-- requirementClasses -->
        <test-method is-config="true" signature="initCommonFixture(org.testng.ITestContext)[pri:0, instance:org.opengis.cite.ogcapifeatures10.conformance.core.collections.FeaturesLimit@6b5f8707]" started-at="2025-12-31T11:23:07 UTC" name="initCommonFixture" finished-at="2025-12-31T11:23:07 UTC" duration-ms="0" status="PASS">
          <params>
            <param index="0">
              <value>
                <![CDATA[org.testng.TestRunner@48bab2c6]]>
              </value>
            </param>
          </params>
          <reporter-output>
          </reporter-output>
        </test-method> <!-- initCommonFixture -->
        <test-method signature="limitParameterDefinition(org.opengis.cite.ogcapifeatures10.openapi3.TestPoint)[pri:0, instance:org.opengis.cite.ogcapifeatures10.conformance.core.collections.FeaturesLimit@6b5f8707]" started-at="2025-12-31T11:23:07 UTC" name="limitParameterDefinition" description="A.2.7. Features {root}/collections/{collectionId}/items - Limit, Abstract Test 16: (Requirement /req/core/fc-limit-definition)" data-provider="collectionPaths" depends-on-groups="featuresBase" finished-at="2025-12-31T11:23:07 UTC" duration-ms="1" status="PASS">
          <params>
            <param index="0">
              <value>
                <![CDATA[Server URL: http://honua-server:8080/ogc/features , Path: /collections/{collectionId}/items, Replacements: {}]]>
              </value>
            </param>
          </params>
          <reporter-output>
          </reporter-output>
        </test-method> <!-- limitParameterDefinition -->
        <test-method is-config="true" signature="retrieveRequiredInformationFromTestContext(org.testng.ITestContext)[pri:0, instance:org.opengis.cite.ogcapifeatures10.conformance.core.collections.FeaturesLimit@6b5f8707]" started-at="2025-12-31T11:23:07 UTC" name="retrieveRequiredInformationFromTestContext" finished-at="2025-12-31T11:23:07 UTC" duration-ms="0" status="PASS">
          <params>
            <param index="0">
              <value>
                <![CDATA[org.testng.TestRunner@48bab2c6]]>
              </value>
            </param>
          </params>
          <reporter-output>
          </reporter-output>
        </test-method> <!-- retrieveRequiredInformationFromTestContext -->
        <test-method is-config="true" signature="clearMessages()[pri:0, instance:org.opengis.cite.ogcapifeatures10.conformance.core.collections.FeaturesLimit@6b5f8707]" started-at="2025-12-31T11:23:07 UTC" name="clearMessages" finished-at="2025-12-31T11:23:07 UTC" duration-ms="0" status="PASS">
          <reporter-output>
          </reporter-output>
        </test-method> <!-- clearMessages -->
        <test-method is-config="true" signature="retrieveApiModel(org.testng.ITestContext)[pri:0, instance:org.opengis.cite.ogcapifeatures10.conformance.core.collections.FeaturesLimit@6b5f8707]" started-at="2025-12-31T11:23:07 UTC" name="retrieveApiModel" finished-at="2025-12-31T11:23:07 UTC" duration-ms="0" status="PASS">
          <params>
            <param index="0">
              <value>
                <![CDATA[org.testng.TestRunner@48bab2c6]]>
              </value>
            </param>
          </params>
          <reporter-output>
          </reporter-output>
        </test-method> <!-- retrieveApiModel -->
        <test-method signature="validateFeaturesWithLimitOperation(java.util.Map,int,int)[pri:0, instance:org.opengis.cite.ogcapifeatures10.conformance.core.collections.FeaturesLimit@6b5f8707]" started-at="2025-12-31T11:23:07 UTC" name="validateFeaturesWithLimitOperation" description="A.2.7. Features {root}/collections/{collectionId}/items - Limit, Abstract Test 13: (Requirement /req/core/fc-op)" data-provider="collectionItemUrisWithLimits" depends-on-groups="featuresBase" finished-at="2025-12-31T11:23:07 UTC" duration-ms="11" status="PASS">
          <params>
            <param index="0">
              <value>
                <![CDATA[{id=1, title=CITE Features, description=Seeded features for OGC API Features conformance tests, links=[{href=http://honua-server:8080/ogc/features/collections/1, rel=self, type=application/json, title=CITE Features}, {href=http://honua-server:8080/ogc/features/collections/1/items, rel=items, type=application/geo+json, title=Items}, {href=http://honua-server:8080/ogc/features/collections/1/items, rel=data, type=application/geo+json, title=Data}, {href=http://honua-server:8080/ogc/features/collections, rel=parent, type=application/json, title=Collections}, {href=http://honua-server:8080/ogc/features/collections/1/queryables, rel=queryables, type=application/json, title=Queryables}, {href=http://honua-server:8080/ogc/tiles/collections/1/tiles, rel=http://www.opengis.net/def/rel/ogc/1.0/tilesets-vector, type=application/json, title=Vector tilesets}], extent={spatial={bbox=[[-180, -90, 180, 90]], crs=http://www.opengis.net/def/crs/OGC/1.3/CRS84}}, itemType=feature, crs=[http://www.opengis.net/def/crs/OGC/1.3/CRS84, http://www.opengis.net/def/crs/EPSG/0/4326], storageCrs=http://www.opengis.net/def/crs/EPSG/0/4326}]]>
              </value>
            </param>
            <param index="1">
              <value>
                <![CDATA[1]]>
              </value>
            </param>
            <param index="2">
              <value>
                <![CDATA[2000]]>
              </value>
            </param>
          </params>
          <reporter-output>
          </reporter-output>
        </test-method> <!-- validateFeaturesWithLimitOperation -->
        <test-method is-config="true" signature="clearMessages()[pri:0, instance:org.opengis.cite.ogcapifeatures10.conformance.core.collections.FeaturesLimit@6b5f8707]" started-at="2025-12-31T11:23:07 UTC" name="clearMessages" finished-at="2025-12-31T11:23:07 UTC" duration-ms="0" status="PASS">
          <reporter-output>
          </reporter-output>
        </test-method> <!-- clearMessages -->
        <test-method is-config="true" signature="clearMessages()[pri:0, instance:org.opengis.cite.ogcapifeatures10.conformance.core.collections.FeaturesLimit@6b5f8707]" started-at="2025-12-31T11:23:07 UTC" name="clearMessages" finished-at="2025-12-31T11:23:07 UTC" duration-ms="0" status="PASS">
          <reporter-output>
          </reporter-output>
        </test-method> <!-- clearMessages -->
        <test-method signature="validateFeaturesWithLimitOperation(java.util.Map,int,int)[pri:0, instance:org.opengis.cite.ogcapifeatures10.conformance.core.collections.FeaturesLimit@6b5f8707]" started-at="2025-12-31T11:23:07 UTC" name="validateFeaturesWithLimitOperation" description="A.2.7. Features {root}/collections/{collectionId}/items - Limit, Abstract Test 13: (Requirement /req/core/fc-op)" data-provider="collectionItemUrisWithLimits" depends-on-groups="featuresBase" finished-at="2025-12-31T11:23:07 UTC" duration-ms="13" status="PASS">
          <params>
            <param index="0">
              <value>
                <![CDATA[{id=1, title=CITE Features, description=Seeded features for OGC API Features conformance tests, links=[{href=http://honua-server:8080/ogc/features/collections/1, rel=self, type=application/json, title=CITE Features}, {href=http://honua-server:8080/ogc/features/collections/1/items, rel=items, type=application/geo+json, title=Items}, {href=http://honua-server:8080/ogc/features/collections/1/items, rel=data, type=application/geo+json, title=Data}, {href=http://honua-server:8080/ogc/features/collections, rel=parent, type=application/json, title=Collections}, {href=http://honua-server:8080/ogc/features/collections/1/queryables, rel=queryables, type=application/json, title=Queryables}, {href=http://honua-server:8080/ogc/tiles/collections/1/tiles, rel=http://www.opengis.net/def/rel/ogc/1.0/tilesets-vector, type=application/json, title=Vector tilesets}], extent={spatial={bbox=[[-180, -90, 180, 90]], crs=http://www.opengis.net/def/crs/OGC/1.3/CRS84}}, itemType=feature, crs=[http://www.opengis.net/def/crs/OGC/1.3/CRS84, http://www.opengis.net/def/crs/EPSG/0/4326], storageCrs=http://www.opengis.net/def/crs/EPSG/0/4326}]]>
              </value>
            </param>
            <param index="1">
              <value>
                <![CDATA[100]]>
              </value>
            </param>
            <param index="2">
              <value>
                <![CDATA[2000]]>
              </value>
            </param>
          </params>
          <reporter-output>
          </reporter-output>
        </test-method> <!-- validateFeaturesWithLimitOperation -->
        <test-method signature="validateFeaturesResponse_NumberReturned(java.util.Map,int,int)[pri:0, instance:org.opengis.cite.ogcapifeatures10.conformance.core.collections.FeaturesLimit@6b5f8707]" started-at="2025-12-31T11:23:08 UTC" name="validateFeaturesResponse_NumberReturned" description="Implements A.2.7. Features {root}/collections/{collectionId}/items, Limit, Abstract Test 22, Test Method 7 (Requirement /req/core/fc-response) - Abstract Test 26 (Requirement /req/core/fc-numberReturned)" data-provider="collectionItemUrisWithLimits" finished-at="2025-12-31T11:23:08 UTC" depends-on-methods="org.opengis.cite.ogcapifeatures10.conformance.core.collections.FeaturesLimit.validateFeaturesWithLimitOperation" duration-ms="17" status="PASS">
          <params>
            <param index="0">
              <value>
                <![CDATA[{id=1, title=CITE Features, description=Seeded features for OGC API Features conformance tests, links=[{href=http://honua-server:8080/ogc/features/collections/1, rel=self, type=application/json, title=CITE Features}, {href=http://honua-server:8080/ogc/features/collections/1/items, rel=items, type=application/geo+json, title=Items}, {href=http://honua-server:8080/ogc/features/collections/1/items, rel=data, type=application/geo+json, title=Data}, {href=http://honua-server:8080/ogc/features/collections, rel=parent, type=application/json, title=Collections}, {href=http://honua-server:8080/ogc/features/collections/1/queryables, rel=queryables, type=application/json, title=Queryables}, {href=http://honua-server:8080/ogc/tiles/collections/1/tiles, rel=http://www.opengis.net/def/rel/ogc/1.0/tilesets-vector, type=application/json, title=Vector tilesets}], extent={spatial={bbox=[[-180, -90, 180, 90]], crs=http://www.opengis.net/def/crs/OGC/1.3/CRS84}}, itemType=feature, crs=[http://www.opengis.net/def/crs/OGC/1.3/CRS84, http://www.opengis.net/def/crs/EPSG/0/4326], storageCrs=http://www.opengis.net/def/crs/EPSG/0/4326}]]>
              </value>
            </param>
            <param index="1">
              <value>
                <![CDATA[1]]>
              </value>
            </param>
            <param index="2">
              <value>
                <![CDATA[2000]]>
              </value>
            </param>
          </params>
          <reporter-output>
          </reporter-output>
        </test-method> <!-- validateFeaturesResponse_NumberReturned -->
        <test-method is-config="true" signature="clearMessages()[pri:0, instance:org.opengis.cite.ogcapifeatures10.conformance.core.collections.FeaturesLimit@6b5f8707]" started-at="2025-12-31T11:23:08 UTC" name="clearMessages" finished-at="2025-12-31T11:23:08 UTC" duration-ms="0" status="PASS">
          <reporter-output>
          </reporter-output>
        </test-method> <!-- clearMessages -->
        <test-method signature="validateFeaturesResponse_NumberReturned(java.util.Map,int,int)[pri:0, instance:org.opengis.cite.ogcapifeatures10.conformance.core.collections.FeaturesLimit@6b5f8707]" started-at="2025-12-31T11:23:08 UTC" name="validateFeaturesResponse_NumberReturned" description="Implements A.2.7. Features {root}/collections/{collectionId}/items, Limit, Abstract Test 22, Test Method 7 (Requirement /req/core/fc-response) - Abstract Test 26 (Requirement /req/core/fc-numberReturned)" data-provider="collectionItemUrisWithLimits" finished-at="2025-12-31T11:23:08 UTC" depends-on-methods="org.opengis.cite.ogcapifeatures10.conformance.core.collections.FeaturesLimit.validateFeaturesWithLimitOperation" duration-ms="15" status="PASS">
          <params>
            <param index="0">
              <value>
                <![CDATA[{id=1, title=CITE Features, description=Seeded features for OGC API Features conformance tests, links=[{href=http://honua-server:8080/ogc/features/collections/1, rel=self, type=application/json, title=CITE Features}, {href=http://honua-server:8080/ogc/features/collections/1/items, rel=items, type=application/geo+json, title=Items}, {href=http://honua-server:8080/ogc/features/collections/1/items, rel=data, type=application/geo+json, title=Data}, {href=http://honua-server:8080/ogc/features/collections, rel=parent, type=application/json, title=Collections}, {href=http://honua-server:8080/ogc/features/collections/1/queryables, rel=queryables, type=application/json, title=Queryables}, {href=http://honua-server:8080/ogc/tiles/collections/1/tiles, rel=http://www.opengis.net/def/rel/ogc/1.0/tilesets-vector, type=application/json, title=Vector tilesets}], extent={spatial={bbox=[[-180, -90, 180, 90]], crs=http://www.opengis.net/def/crs/OGC/1.3/CRS84}}, itemType=feature, crs=[http://www.opengis.net/def/crs/OGC/1.3/CRS84, http://www.opengis.net/def/crs/EPSG/0/4326], storageCrs=http://www.opengis.net/def/crs/EPSG/0/4326}]]>
              </value>
            </param>
            <param index="1">
              <value>
                <![CDATA[100]]>
              </value>
            </param>
            <param index="2">
              <value>
                <![CDATA[2000]]>
              </value>
            </param>
          </params>
          <reporter-output>
          </reporter-output>
        </test-method> <!-- validateFeaturesResponse_NumberReturned -->
        <test-method is-config="true" signature="clearMessages()[pri:0, instance:org.opengis.cite.ogcapifeatures10.conformance.core.collections.FeaturesLimit@6b5f8707]" started-at="2025-12-31T11:23:08 UTC" name="clearMessages" finished-at="2025-12-31T11:23:08 UTC" duration-ms="0" status="PASS">
          <reporter-output>
          </reporter-output>
        </test-method> <!-- clearMessages -->
        <test-method signature="validateFeaturesWithLimitResponse(java.util.Map,int,int)[pri:0, instance:org.opengis.cite.ogcapifeatures10.conformance.core.collections.FeaturesLimit@6b5f8707]" started-at="2025-12-31T11:23:08 UTC" name="validateFeaturesWithLimitResponse" description="A.2.7. Features {root}/collections/{collectionId}/items - Limit, Abstract Test 17: (Requirement /req/core/fc-limit-response)" data-provider="collectionItemUrisWithLimits" finished-at="2025-12-31T11:23:08 UTC" depends-on-methods="org.opengis.cite.ogcapifeatures10.conformance.core.collections.FeaturesLimit.validateFeaturesWithLimitOperation" duration-ms="9" status="PASS">
          <params>
            <param index="0">
              <value>
                <![CDATA[{id=1, title=CITE Features, description=Seeded features for OGC API Features conformance tests, links=[{href=http://honua-server:8080/ogc/features/collections/1, rel=self, type=application/json, title=CITE Features}, {href=http://honua-server:8080/ogc/features/collections/1/items, rel=items, type=application/geo+json, title=Items}, {href=http://honua-server:8080/ogc/features/collections/1/items, rel=data, type=application/geo+json, title=Data}, {href=http://honua-server:8080/ogc/features/collections, rel=parent, type=application/json, title=Collections}, {href=http://honua-server:8080/ogc/features/collections/1/queryables, rel=queryables, type=application/json, title=Queryables}, {href=http://honua-server:8080/ogc/tiles/collections/1/tiles, rel=http://www.opengis.net/def/rel/ogc/1.0/tilesets-vector, type=application/json, title=Vector tilesets}], extent={spatial={bbox=[[-180, -90, 180, 90]], crs=http://www.opengis.net/def/crs/OGC/1.3/CRS84}}, itemType=feature, crs=[http://www.opengis.net/def/crs/OGC/1.3/CRS84, http://www.opengis.net/def/crs/EPSG/0/4326], storageCrs=http://www.opengis.net/def/crs/EPSG/0/4326}]]>
              </value>
            </param>
            <param index="1">
              <value>
                <![CDATA[1]]>
              </value>
            </param>
            <param index="2">
              <value>
                <![CDATA[2000]]>
              </value>
            </param>
          </params>
          <reporter-output>
          </reporter-output>
        </test-method> <!-- validateFeaturesWithLimitResponse -->
        <test-method is-config="true" signature="clearMessages()[pri:0, instance:org.opengis.cite.ogcapifeatures10.conformance.core.collections.FeaturesLimit@6b5f8707]" started-at="2025-12-31T11:23:08 UTC" name="clearMessages" finished-at="2025-12-31T11:23:08 UTC" duration-ms="0" status="PASS">
          <reporter-output>
          </reporter-output>
        </test-method> <!-- clearMessages -->
        <test-method is-config="true" signature="clearMessages()[pri:0, instance:org.opengis.cite.ogcapifeatures10.conformance.core.collections.FeaturesLimit@6b5f8707]" started-at="2025-12-31T11:23:08 UTC" name="clearMessages" finished-at="2025-12-31T11:23:08 UTC" duration-ms="1" status="PASS">
          <reporter-output>
          </reporter-output>
        </test-method> <!-- clearMessages -->
        <test-method signature="validateFeaturesWithLimitResponse(java.util.Map,int,int)[pri:0, instance:org.opengis.cite.ogcapifeatures10.conformance.core.collections.FeaturesLimit@6b5f8707]" started-at="2025-12-31T11:23:08 UTC" name="validateFeaturesWithLimitResponse" description="A.2.7. Features {root}/collections/{collectionId}/items - Limit, Abstract Test 17: (Requirement /req/core/fc-limit-response)" data-provider="collectionItemUrisWithLimits" finished-at="2025-12-31T11:23:08 UTC" depends-on-methods="org.opengis.cite.ogcapifeatures10.conformance.core.collections.FeaturesLimit.validateFeaturesWithLimitOperation" duration-ms="11" status="PASS">
          <params>
            <param index="0">
              <value>
                <![CDATA[{id=1, title=CITE Features, description=Seeded features for OGC API Features conformance tests, links=[{href=http://honua-server:8080/ogc/features/collections/1, rel=self, type=application/json, title=CITE Features}, {href=http://honua-server:8080/ogc/features/collections/1/items, rel=items, type=application/geo+json, title=Items}, {href=http://honua-server:8080/ogc/features/collections/1/items, rel=data, type=application/geo+json, title=Data}, {href=http://honua-server:8080/ogc/features/collections, rel=parent, type=application/json, title=Collections}, {href=http://honua-server:8080/ogc/features/collections/1/queryables, rel=queryables, type=application/json, title=Queryables}, {href=http://honua-server:8080/ogc/tiles/collections/1/tiles, rel=http://www.opengis.net/def/rel/ogc/1.0/tilesets-vector, type=application/json, title=Vector tilesets}], extent={spatial={bbox=[[-180, -90, 180, 90]], crs=http://www.opengis.net/def/crs/OGC/1.3/CRS84}}, itemType=feature, crs=[http://www.opengis.net/def/crs/OGC/1.3/CRS84, http://www.opengis.net/def/crs/EPSG/0/4326], storageCrs=http://www.opengis.net/def/crs/EPSG/0/4326}]]>
              </value>
            </param>
            <param index="1">
              <value>
                <![CDATA[100]]>
              </value>
            </param>
            <param index="2">
              <value>
                <![CDATA[2000]]>
              </value>
            </param>
          </params>
          <reporter-output>
          </reporter-output>
        </test-method> <!-- validateFeaturesWithLimitResponse -->
        <test-method is-config="true" signature="clearMessages()[pri:0, instance:org.opengis.cite.ogcapifeatures10.conformance.core.collections.FeaturesLimit@6b5f8707]" started-at="2025-12-31T11:23:08 UTC" name="clearMessages" finished-at="2025-12-31T11:23:08 UTC" duration-ms="1" status="PASS">
          <reporter-output>
          </reporter-output>
        </test-method> <!-- clearMessages -->
        <test-method signature="validateFeaturesWithLimitResponse_FeaturesProperty(java.util.Map,int,int)[pri:0, instance:org.opengis.cite.ogcapifeatures10.conformance.core.collections.FeaturesLimit@6b5f8707]" started-at="2025-12-31T11:23:08 UTC" name="validateFeaturesWithLimitResponse_FeaturesProperty" description="Implements A.2.7. Features {root}/collections/{collectionId}/items, Limit, Abstract Test 22, Test Method 2 (Requirement /req/core/fc-response)" data-provider="collectionItemUrisWithLimits" finished-at="2025-12-31T11:23:08 UTC" depends-on-methods="org.opengis.cite.ogcapifeatures10.conformance.core.collections.FeaturesLimit.validateFeaturesWithLimitOperation" duration-ms="3" status="PASS">
          <params>
            <param index="0">
              <value>
                <![CDATA[{id=1, title=CITE Features, description=Seeded features for OGC API Features conformance tests, links=[{href=http://honua-server:8080/ogc/features/collections/1, rel=self, type=application/json, title=CITE Features}, {href=http://honua-server:8080/ogc/features/collections/1/items, rel=items, type=application/geo+json, title=Items}, {href=http://honua-server:8080/ogc/features/collections/1/items, rel=data, type=application/geo+json, title=Data}, {href=http://honua-server:8080/ogc/features/collections, rel=parent, type=application/json, title=Collections}, {href=http://honua-server:8080/ogc/features/collections/1/queryables, rel=queryables, type=application/json, title=Queryables}, {href=http://honua-server:8080/ogc/tiles/collections/1/tiles, rel=http://www.opengis.net/def/rel/ogc/1.0/tilesets-vector, type=application/json, title=Vector tilesets}], extent={spatial={bbox=[[-180, -90, 180, 90]], crs=http://www.opengis.net/def/crs/OGC/1.3/CRS84}}, itemType=feature, crs=[http://www.opengis.net/def/crs/OGC/1.3/CRS84, http://www.opengis.net/def/crs/EPSG/0/4326], storageCrs=http://www.opengis.net/def/crs/EPSG/0/4326}]]>
              </value>
            </param>
            <param index="1">
              <value>
                <![CDATA[1]]>
              </value>
            </param>
            <param index="2">
              <value>
                <![CDATA[2000]]>
              </value>
            </param>
          </params>
          <reporter-output>
          </reporter-output>
        </test-method> <!-- validateFeaturesWithLimitResponse_FeaturesProperty -->
        <test-method signature="validateFeaturesWithLimitResponse_FeaturesProperty(java.util.Map,int,int)[pri:0, instance:org.opengis.cite.ogcapifeatures10.conformance.core.collections.FeaturesLimit@6b5f8707]" started-at="2025-12-31T11:23:08 UTC" name="validateFeaturesWithLimitResponse_FeaturesProperty" description="Implements A.2.7. Features {root}/collections/{collectionId}/items, Limit, Abstract Test 22, Test Method 2 (Requirement /req/core/fc-response)" data-provider="collectionItemUrisWithLimits" finished-at="2025-12-31T11:23:08 UTC" depends-on-methods="org.opengis.cite.ogcapifeatures10.conformance.core.collections.FeaturesLimit.validateFeaturesWithLimitOperation" duration-ms="5" status="PASS">
          <params>
            <param index="0">
              <value>
                <![CDATA[{id=1, title=CITE Features, description=Seeded features for OGC API Features conformance tests, links=[{href=http://honua-server:8080/ogc/features/collections/1, rel=self, type=application/json, title=CITE Features}, {href=http://honua-server:8080/ogc/features/collections/1/items, rel=items, type=application/geo+json, title=Items}, {href=http://honua-server:8080/ogc/features/collections/1/items, rel=data, type=application/geo+json, title=Data}, {href=http://honua-server:8080/ogc/features/collections, rel=parent, type=application/json, title=Collections}, {href=http://honua-server:8080/ogc/features/collections/1/queryables, rel=queryables, type=application/json, title=Queryables}, {href=http://honua-server:8080/ogc/tiles/collections/1/tiles, rel=http://www.opengis.net/def/rel/ogc/1.0/tilesets-vector, type=application/json, title=Vector tilesets}], extent={spatial={bbox=[[-180, -90, 180, 90]], crs=http://www.opengis.net/def/crs/OGC/1.3/CRS84}}, itemType=feature, crs=[http://www.opengis.net/def/crs/OGC/1.3/CRS84, http://www.opengis.net/def/crs/EPSG/0/4326], storageCrs=http://www.opengis.net/def/crs/EPSG/0/4326}]]>
              </value>
            </param>
            <param index="1">
              <value>
                <![CDATA[100]]>
              </value>
            </param>
            <param index="2">
              <value>
                <![CDATA[2000]]>
              </value>
            </param>
          </params>
          <reporter-output>
          </reporter-output>
        </test-method> <!-- validateFeaturesWithLimitResponse_FeaturesProperty -->
        <test-method is-config="true" signature="clearMessages()[pri:0, instance:org.opengis.cite.ogcapifeatures10.conformance.core.collections.FeaturesLimit@6b5f8707]" started-at="2025-12-31T11:23:08 UTC" name="clearMessages" finished-at="2025-12-31T11:23:08 UTC" duration-ms="0" status="PASS">
          <reporter-output>
          </reporter-output>
        </test-method> <!-- clearMessages -->
        <test-method signature="validateFeaturesWithLimitResponse_GeometryInCRS84(java.util.Map,int,int)[pri:0, instance:org.opengis.cite.ogcapifeatures10.conformance.core.collections.FeaturesLimit@6b5f8707]" started-at="2025-12-31T11:23:08 UTC" name="validateFeaturesWithLimitResponse_GeometryInCRS84" description="Implements A.2.7. Features {root}/collections/{collectionId}/items, Limit, Abstract Test 2, Test Method 2 (Requirement /req/core/crs84)" data-provider="collectionItemUrisWithLimits" finished-at="2025-12-31T11:23:08 UTC" depends-on-methods="org.opengis.cite.ogcapifeatures10.conformance.core.collections.FeaturesLimit.validateFeaturesWithLimitOperation" duration-ms="4" status="PASS">
          <params>
            <param index="0">
              <value>
                <![CDATA[{id=1, title=CITE Features, description=Seeded features for OGC API Features conformance tests, links=[{href=http://honua-server:8080/ogc/features/collections/1, rel=self, type=application/json, title=CITE Features}, {href=http://honua-server:8080/ogc/features/collections/1/items, rel=items, type=application/geo+json, title=Items}, {href=http://honua-server:8080/ogc/features/collections/1/items, rel=data, type=application/geo+json, title=Data}, {href=http://honua-server:8080/ogc/features/collections, rel=parent, type=application/json, title=Collections}, {href=http://honua-server:8080/ogc/features/collections/1/queryables, rel=queryables, type=application/json, title=Queryables}, {href=http://honua-server:8080/ogc/tiles/collections/1/tiles, rel=http://www.opengis.net/def/rel/ogc/1.0/tilesets-vector, type=application/json, title=Vector tilesets}], extent={spatial={bbox=[[-180, -90, 180, 90]], crs=http://www.opengis.net/def/crs/OGC/1.3/CRS84}}, itemType=feature, crs=[http://www.opengis.net/def/crs/OGC/1.3/CRS84, http://www.opengis.net/def/crs/EPSG/0/4326], storageCrs=http://www.opengis.net/def/crs/EPSG/0/4326}]]>
              </value>
            </param>
            <param index="1">
              <value>
                <![CDATA[1]]>
              </value>
            </param>
            <param index="2">
              <value>
                <![CDATA[2000]]>
              </value>
            </param>
          </params>
          <reporter-output>
          </reporter-output>
        </test-method> <!-- validateFeaturesWithLimitResponse_GeometryInCRS84 -->
        <test-method is-config="true" signature="clearMessages()[pri:0, instance:org.opengis.cite.ogcapifeatures10.conformance.core.collections.FeaturesLimit@6b5f8707]" started-at="2025-12-31T11:23:08 UTC" name="clearMessages" finished-at="2025-12-31T11:23:08 UTC" duration-ms="0" status="PASS">
          <reporter-output>
          </reporter-output>
        </test-method> <!-- clearMessages -->
        <test-method signature="validateFeaturesWithLimitResponse_GeometryInCRS84(java.util.Map,int,int)[pri:0, instance:org.opengis.cite.ogcapifeatures10.conformance.core.collections.FeaturesLimit@6b5f8707]" started-at="2025-12-31T11:23:08 UTC" name="validateFeaturesWithLimitResponse_GeometryInCRS84" description="Implements A.2.7. Features {root}/collections/{collectionId}/items, Limit, Abstract Test 2, Test Method 2 (Requirement /req/core/crs84)" data-provider="collectionItemUrisWithLimits" finished-at="2025-12-31T11:23:08 UTC" depends-on-methods="org.opengis.cite.ogcapifeatures10.conformance.core.collections.FeaturesLimit.validateFeaturesWithLimitOperation" duration-ms="6" status="PASS">
          <params>
            <param index="0">
              <value>
                <![CDATA[{id=1, title=CITE Features, description=Seeded features for OGC API Features conformance tests, links=[{href=http://honua-server:8080/ogc/features/collections/1, rel=self, type=application/json, title=CITE Features}, {href=http://honua-server:8080/ogc/features/collections/1/items, rel=items, type=application/geo+json, title=Items}, {href=http://honua-server:8080/ogc/features/collections/1/items, rel=data, type=application/geo+json, title=Data}, {href=http://honua-server:8080/ogc/features/collections, rel=parent, type=application/json, title=Collections}, {href=http://honua-server:8080/ogc/features/collections/1/queryables, rel=queryables, type=application/json, title=Queryables}, {href=http://honua-server:8080/ogc/tiles/collections/1/tiles, rel=http://www.opengis.net/def/rel/ogc/1.0/tilesets-vector, type=application/json, title=Vector tilesets}], extent={spatial={bbox=[[-180, -90, 180, 90]], crs=http://www.opengis.net/def/crs/OGC/1.3/CRS84}}, itemType=feature, crs=[http://www.opengis.net/def/crs/OGC/1.3/CRS84, http://www.opengis.net/def/crs/EPSG/0/4326], storageCrs=http://www.opengis.net/def/crs/EPSG/0/4326}]]>
              </value>
            </param>
            <param index="1">
              <value>
                <![CDATA[100]]>
              </value>
            </param>
            <param index="2">
              <value>
                <![CDATA[2000]]>
              </value>
            </param>
          </params>
          <reporter-output>
          </reporter-output>
        </test-method> <!-- validateFeaturesWithLimitResponse_GeometryInCRS84 -->
        <test-method is-config="true" signature="clearMessages()[pri:0, instance:org.opengis.cite.ogcapifeatures10.conformance.core.collections.FeaturesLimit@6b5f8707]" started-at="2025-12-31T11:23:08 UTC" name="clearMessages" finished-at="2025-12-31T11:23:08 UTC" duration-ms="0" status="PASS">
          <reporter-output>
          </reporter-output>
        </test-method> <!-- clearMessages -->
        <test-method is-config="true" signature="clearMessages()[pri:0, instance:org.opengis.cite.ogcapifeatures10.conformance.core.collections.FeaturesLimit@6b5f8707]" started-at="2025-12-31T11:23:08 UTC" name="clearMessages" finished-at="2025-12-31T11:23:08 UTC" duration-ms="0" status="PASS">
          <reporter-output>
          </reporter-output>
        </test-method> <!-- clearMessages -->
        <test-method signature="validateFeaturesWithLimitResponse_Links(java.util.Map,int,int)[pri:0, instance:org.opengis.cite.ogcapifeatures10.conformance.core.collections.FeaturesLimit@6b5f8707]" started-at="2025-12-31T11:23:08 UTC" name="validateFeaturesWithLimitResponse_Links" description="Implements A.2.7. Features {root}/collections/{collectionId}/items, Limit, Abstract Test 22, Test Method 4 (Requirement /req/core/fc-response) - Abstract Test 23 (Requirement /req/core/fc-links, /req/core/fc-rel-type)" data-provider="collectionItemUrisWithLimits" finished-at="2025-12-31T11:23:08 UTC" depends-on-methods="org.opengis.cite.ogcapifeatures10.conformance.core.collections.FeaturesLimit.validateFeaturesWithLimitOperation" duration-ms="4" status="PASS">
          <params>
            <param index="0">
              <value>
                <![CDATA[{id=1, title=CITE Features, description=Seeded features for OGC API Features conformance tests, links=[{href=http://honua-server:8080/ogc/features/collections/1, rel=self, type=application/json, title=CITE Features}, {href=http://honua-server:8080/ogc/features/collections/1/items, rel=items, type=application/geo+json, title=Items}, {href=http://honua-server:8080/ogc/features/collections/1/items, rel=data, type=application/geo+json, title=Data}, {href=http://honua-server:8080/ogc/features/collections, rel=parent, type=application/json, title=Collections}, {href=http://honua-server:8080/ogc/features/collections/1/queryables, rel=queryables, type=application/json, title=Queryables}, {href=http://honua-server:8080/ogc/tiles/collections/1/tiles, rel=http://www.opengis.net/def/rel/ogc/1.0/tilesets-vector, type=application/json, title=Vector tilesets}], extent={spatial={bbox=[[-180, -90, 180, 90]], crs=http://www.opengis.net/def/crs/OGC/1.3/CRS84}}, itemType=feature, crs=[http://www.opengis.net/def/crs/OGC/1.3/CRS84, http://www.opengis.net/def/crs/EPSG/0/4326], storageCrs=http://www.opengis.net/def/crs/EPSG/0/4326}]]>
              </value>
            </param>
            <param index="1">
              <value>
                <![CDATA[1]]>
              </value>
            </param>
            <param index="2">
              <value>
                <![CDATA[2000]]>
              </value>
            </param>
          </params>
          <reporter-output>
          </reporter-output>
        </test-method> <!-- validateFeaturesWithLimitResponse_Links -->
        <test-method signature="validateFeaturesWithLimitResponse_Links(java.util.Map,int,int)[pri:0, instance:org.opengis.cite.ogcapifeatures10.conformance.core.collections.FeaturesLimit@6b5f8707]" started-at="2025-12-31T11:23:08 UTC" name="validateFeaturesWithLimitResponse_Links" description="Implements A.2.7. Features {root}/collections/{collectionId}/items, Limit, Abstract Test 22, Test Method 4 (Requirement /req/core/fc-response) - Abstract Test 23 (Requirement /req/core/fc-links, /req/core/fc-rel-type)" data-provider="collectionItemUrisWithLimits" finished-at="2025-12-31T11:23:08 UTC" depends-on-methods="org.opengis.cite.ogcapifeatures10.conformance.core.collections.FeaturesLimit.validateFeaturesWithLimitOperation" duration-ms="6" status="PASS">
          <params>
            <param index="0">
              <value>
                <![CDATA[{id=1, title=CITE Features, description=Seeded features for OGC API Features conformance tests, links=[{href=http://honua-server:8080/ogc/features/collections/1, rel=self, type=application/json, title=CITE Features}, {href=http://honua-server:8080/ogc/features/collections/1/items, rel=items, type=application/geo+json, title=Items}, {href=http://honua-server:8080/ogc/features/collections/1/items, rel=data, type=application/geo+json, title=Data}, {href=http://honua-server:8080/ogc/features/collections, rel=parent, type=application/json, title=Collections}, {href=http://honua-server:8080/ogc/features/collections/1/queryables, rel=queryables, type=application/json, title=Queryables}, {href=http://honua-server:8080/ogc/tiles/collections/1/tiles, rel=http://www.opengis.net/def/rel/ogc/1.0/tilesets-vector, type=application/json, title=Vector tilesets}], extent={spatial={bbox=[[-180, -90, 180, 90]], crs=http://www.opengis.net/def/crs/OGC/1.3/CRS84}}, itemType=feature, crs=[http://www.opengis.net/def/crs/OGC/1.3/CRS84, http://www.opengis.net/def/crs/EPSG/0/4326], storageCrs=http://www.opengis.net/def/crs/EPSG/0/4326}]]>
              </value>
            </param>
            <param index="1">
              <value>
                <![CDATA[100]]>
              </value>
            </param>
            <param index="2">
              <value>
                <![CDATA[2000]]>
              </value>
            </param>
          </params>
          <reporter-output>
          </reporter-output>
        </test-method> <!-- validateFeaturesWithLimitResponse_Links -->
        <test-method is-config="true" signature="clearMessages()[pri:0, instance:org.opengis.cite.ogcapifeatures10.conformance.core.collections.FeaturesLimit@6b5f8707]" started-at="2025-12-31T11:23:08 UTC" name="clearMessages" finished-at="2025-12-31T11:23:08 UTC" duration-ms="0" status="PASS">
          <reporter-output>
          </reporter-output>
        </test-method> <!-- clearMessages -->
        <test-method is-config="true" signature="clearMessages()[pri:0, instance:org.opengis.cite.ogcapifeatures10.conformance.core.collections.FeaturesLimit@6b5f8707]" started-at="2025-12-31T11:23:08 UTC" name="clearMessages" finished-at="2025-12-31T11:23:08 UTC" duration-ms="1" status="PASS">
          <reporter-output>
          </reporter-output>
        </test-method> <!-- clearMessages -->
        <test-method signature="validateFeaturesWithLimitResponse_NumberMatched(java.util.Map,int,int)[pri:0, instance:org.opengis.cite.ogcapifeatures10.conformance.core.collections.FeaturesLimit@6b5f8707]" started-at="2025-12-31T11:23:08 UTC" name="validateFeaturesWithLimitResponse_NumberMatched" description="Implements A.2.7. Features {root}/collections/{collectionId}/items, Limit, Abstract Test 22, Test Method 6 (Requirement /req/core/fc-response) - Abstract Test 25 (Requirement /req/core/fc-numberMatched)" data-provider="collectionItemUrisWithLimits" finished-at="2025-12-31T11:23:08 UTC" depends-on-methods="org.opengis.cite.ogcapifeatures10.conformance.core.collections.FeaturesLimit.validateFeaturesWithLimitOperation" duration-ms="39" status="PASS">
          <params>
            <param index="0">
              <value>
                <![CDATA[{id=1, title=CITE Features, description=Seeded features for OGC API Features conformance tests, links=[{href=http://honua-server:8080/ogc/features/collections/1, rel=self, type=application/json, title=CITE Features}, {href=http://honua-server:8080/ogc/features/collections/1/items, rel=items, type=application/geo+json, title=Items}, {href=http://honua-server:8080/ogc/features/collections/1/items, rel=data, type=application/geo+json, title=Data}, {href=http://honua-server:8080/ogc/features/collections, rel=parent, type=application/json, title=Collections}, {href=http://honua-server:8080/ogc/features/collections/1/queryables, rel=queryables, type=application/json, title=Queryables}, {href=http://honua-server:8080/ogc/tiles/collections/1/tiles, rel=http://www.opengis.net/def/rel/ogc/1.0/tilesets-vector, type=application/json, title=Vector tilesets}], extent={spatial={bbox=[[-180, -90, 180, 90]], crs=http://www.opengis.net/def/crs/OGC/1.3/CRS84}}, itemType=feature, crs=[http://www.opengis.net/def/crs/OGC/1.3/CRS84, http://www.opengis.net/def/crs/EPSG/0/4326], storageCrs=http://www.opengis.net/def/crs/EPSG/0/4326}]]>
              </value>
            </param>
            <param index="1">
              <value>
                <![CDATA[1]]>
              </value>
            </param>
            <param index="2">
              <value>
                <![CDATA[2000]]>
              </value>
            </param>
          </params>
          <reporter-output>
          </reporter-output>
        </test-method> <!-- validateFeaturesWithLimitResponse_NumberMatched -->
        <test-method is-config="true" signature="clearMessages()[pri:0, instance:org.opengis.cite.ogcapifeatures10.conformance.core.collections.FeaturesLimit@6b5f8707]" started-at="2025-12-31T11:23:08 UTC" name="clearMessages" finished-at="2025-12-31T11:23:08 UTC" duration-ms="1" status="PASS">
          <reporter-output>
          </reporter-output>
        </test-method> <!-- clearMessages -->
        <test-method signature="validateFeaturesWithLimitResponse_NumberMatched(java.util.Map,int,int)[pri:0, instance:org.opengis.cite.ogcapifeatures10.conformance.core.collections.FeaturesLimit@6b5f8707]" started-at="2025-12-31T11:23:08 UTC" name="validateFeaturesWithLimitResponse_NumberMatched" description="Implements A.2.7. Features {root}/collections/{collectionId}/items, Limit, Abstract Test 22, Test Method 6 (Requirement /req/core/fc-response) - Abstract Test 25 (Requirement /req/core/fc-numberMatched)" data-provider="collectionItemUrisWithLimits" finished-at="2025-12-31T11:23:08 UTC" depends-on-methods="org.opengis.cite.ogcapifeatures10.conformance.core.collections.FeaturesLimit.validateFeaturesWithLimitOperation" duration-ms="16" status="PASS">
          <params>
            <param index="0">
              <value>
                <![CDATA[{id=1, title=CITE Features, description=Seeded features for OGC API Features conformance tests, links=[{href=http://honua-server:8080/ogc/features/collections/1, rel=self, type=application/json, title=CITE Features}, {href=http://honua-server:8080/ogc/features/collections/1/items, rel=items, type=application/geo+json, title=Items}, {href=http://honua-server:8080/ogc/features/collections/1/items, rel=data, type=application/geo+json, title=Data}, {href=http://honua-server:8080/ogc/features/collections, rel=parent, type=application/json, title=Collections}, {href=http://honua-server:8080/ogc/features/collections/1/queryables, rel=queryables, type=application/json, title=Queryables}, {href=http://honua-server:8080/ogc/tiles/collections/1/tiles, rel=http://www.opengis.net/def/rel/ogc/1.0/tilesets-vector, type=application/json, title=Vector tilesets}], extent={spatial={bbox=[[-180, -90, 180, 90]], crs=http://www.opengis.net/def/crs/OGC/1.3/CRS84}}, itemType=feature, crs=[http://www.opengis.net/def/crs/OGC/1.3/CRS84, http://www.opengis.net/def/crs/EPSG/0/4326], storageCrs=http://www.opengis.net/def/crs/EPSG/0/4326}]]>
              </value>
            </param>
            <param index="1">
              <value>
                <![CDATA[100]]>
              </value>
            </param>
            <param index="2">
              <value>
                <![CDATA[2000]]>
              </value>
            </param>
          </params>
          <reporter-output>
          </reporter-output>
        </test-method> <!-- validateFeaturesWithLimitResponse_NumberMatched -->
        <test-method signature="validateFeaturesWithLimitResponse_TimeStamp(java.util.Map,int,int)[pri:0, instance:org.opengis.cite.ogcapifeatures10.conformance.core.collections.FeaturesLimit@6b5f8707]" started-at="2025-12-31T11:23:08 UTC" name="validateFeaturesWithLimitResponse_TimeStamp" description="Implements A.2.7. Features {root}/collections/{collectionId}/items, Limit, Abstract Test 22, Test Method 5 (Requirement /req/core/fc-response) - Abstract Test 24 (Requirement /req/core/fc-timeStamp)" data-provider="collectionItemUrisWithLimits" finished-at="2025-12-31T11:23:08 UTC" depends-on-methods="org.opengis.cite.ogcapifeatures10.conformance.core.collections.FeaturesLimit.validateFeaturesWithLimitOperation" duration-ms="5" status="PASS">
          <params>
            <param index="0">
              <value>
                <![CDATA[{id=1, title=CITE Features, description=Seeded features for OGC API Features conformance tests, links=[{href=http://honua-server:8080/ogc/features/collections/1, rel=self, type=application/json, title=CITE Features}, {href=http://honua-server:8080/ogc/features/collections/1/items, rel=items, type=application/geo+json, title=Items}, {href=http://honua-server:8080/ogc/features/collections/1/items, rel=data, type=application/geo+json, title=Data}, {href=http://honua-server:8080/ogc/features/collections, rel=parent, type=application/json, title=Collections}, {href=http://honua-server:8080/ogc/features/collections/1/queryables, rel=queryables, type=application/json, title=Queryables}, {href=http://honua-server:8080/ogc/tiles/collections/1/tiles, rel=http://www.opengis.net/def/rel/ogc/1.0/tilesets-vector, type=application/json, title=Vector tilesets}], extent={spatial={bbox=[[-180, -90, 180, 90]], crs=http://www.opengis.net/def/crs/OGC/1.3/CRS84}}, itemType=feature, crs=[http://www.opengis.net/def/crs/OGC/1.3/CRS84, http://www.opengis.net/def/crs/EPSG/0/4326], storageCrs=http://www.opengis.net/def/crs/EPSG/0/4326}]]>
              </value>
            </param>
            <param index="1">
              <value>
                <![CDATA[1]]>
              </value>
            </param>
            <param index="2">
              <value>
                <![CDATA[2000]]>
              </value>
            </param>
          </params>
          <reporter-output>
          </reporter-output>
        </test-method> <!-- validateFeaturesWithLimitResponse_TimeStamp -->
        <test-method is-config="true" signature="clearMessages()[pri:0, instance:org.opengis.cite.ogcapifeatures10.conformance.core.collections.FeaturesLimit@6b5f8707]" started-at="2025-12-31T11:23:08 UTC" name="clearMessages" finished-at="2025-12-31T11:23:08 UTC" duration-ms="0" status="PASS">
          <reporter-output>
          </reporter-output>
        </test-method> <!-- clearMessages -->
        <test-method is-config="true" signature="clearMessages()[pri:0, instance:org.opengis.cite.ogcapifeatures10.conformance.core.collections.FeaturesLimit@6b5f8707]" started-at="2025-12-31T11:23:08 UTC" name="clearMessages" finished-at="2025-12-31T11:23:08 UTC" duration-ms="1" status="PASS">
          <reporter-output>
          </reporter-output>
        </test-method> <!-- clearMessages -->
        <test-method signature="validateFeaturesWithLimitResponse_TimeStamp(java.util.Map,int,int)[pri:0, instance:org.opengis.cite.ogcapifeatures10.conformance.core.collections.FeaturesLimit@6b5f8707]" started-at="2025-12-31T11:23:08 UTC" name="validateFeaturesWithLimitResponse_TimeStamp" description="Implements A.2.7. Features {root}/collections/{collectionId}/items, Limit, Abstract Test 22, Test Method 5 (Requirement /req/core/fc-response) - Abstract Test 24 (Requirement /req/core/fc-timeStamp)" data-provider="collectionItemUrisWithLimits" finished-at="2025-12-31T11:23:08 UTC" depends-on-methods="org.opengis.cite.ogcapifeatures10.conformance.core.collections.FeaturesLimit.validateFeaturesWithLimitOperation" duration-ms="4" status="PASS">
          <params>
            <param index="0">
              <value>
                <![CDATA[{id=1, title=CITE Features, description=Seeded features for OGC API Features conformance tests, links=[{href=http://honua-server:8080/ogc/features/collections/1, rel=self, type=application/json, title=CITE Features}, {href=http://honua-server:8080/ogc/features/collections/1/items, rel=items, type=application/geo+json, title=Items}, {href=http://honua-server:8080/ogc/features/collections/1/items, rel=data, type=application/geo+json, title=Data}, {href=http://honua-server:8080/ogc/features/collections, rel=parent, type=application/json, title=Collections}, {href=http://honua-server:8080/ogc/features/collections/1/queryables, rel=queryables, type=application/json, title=Queryables}, {href=http://honua-server:8080/ogc/tiles/collections/1/tiles, rel=http://www.opengis.net/def/rel/ogc/1.0/tilesets-vector, type=application/json, title=Vector tilesets}], extent={spatial={bbox=[[-180, -90, 180, 90]], crs=http://www.opengis.net/def/crs/OGC/1.3/CRS84}}, itemType=feature, crs=[http://www.opengis.net/def/crs/OGC/1.3/CRS84, http://www.opengis.net/def/crs/EPSG/0/4326], storageCrs=http://www.opengis.net/def/crs/EPSG/0/4326}]]>
              </value>
            </param>
            <param index="1">
              <value>
                <![CDATA[100]]>
              </value>
            </param>
            <param index="2">
              <value>
                <![CDATA[2000]]>
              </value>
            </param>
          </params>
          <reporter-output>
          </reporter-output>
        </test-method> <!-- validateFeaturesWithLimitResponse_TimeStamp -->
        <test-method signature="validateFeaturesWithLimitResponse_TypeProperty(java.util.Map,int,int)[pri:0, instance:org.opengis.cite.ogcapifeatures10.conformance.core.collections.FeaturesLimit@6b5f8707]" started-at="2025-12-31T11:23:08 UTC" name="validateFeaturesWithLimitResponse_TypeProperty" description="Implements A.2.7. Features {root}/collections/{collectionId}/items, Limit, Abstract Test 22, Test Method 1 (Requirement /req/core/fc-response)" data-provider="collectionItemUrisWithLimits" finished-at="2025-12-31T11:23:08 UTC" depends-on-methods="org.opengis.cite.ogcapifeatures10.conformance.core.collections.FeaturesLimit.validateFeaturesWithLimitOperation" duration-ms="4" status="PASS">
          <params>
            <param index="0">
              <value>
                <![CDATA[{id=1, title=CITE Features, description=Seeded features for OGC API Features conformance tests, links=[{href=http://honua-server:8080/ogc/features/collections/1, rel=self, type=application/json, title=CITE Features}, {href=http://honua-server:8080/ogc/features/collections/1/items, rel=items, type=application/geo+json, title=Items}, {href=http://honua-server:8080/ogc/features/collections/1/items, rel=data, type=application/geo+json, title=Data}, {href=http://honua-server:8080/ogc/features/collections, rel=parent, type=application/json, title=Collections}, {href=http://honua-server:8080/ogc/features/collections/1/queryables, rel=queryables, type=application/json, title=Queryables}, {href=http://honua-server:8080/ogc/tiles/collections/1/tiles, rel=http://www.opengis.net/def/rel/ogc/1.0/tilesets-vector, type=application/json, title=Vector tilesets}], extent={spatial={bbox=[[-180, -90, 180, 90]], crs=http://www.opengis.net/def/crs/OGC/1.3/CRS84}}, itemType=feature, crs=[http://www.opengis.net/def/crs/OGC/1.3/CRS84, http://www.opengis.net/def/crs/EPSG/0/4326], storageCrs=http://www.opengis.net/def/crs/EPSG/0/4326}]]>
              </value>
            </param>
            <param index="1">
              <value>
                <![CDATA[1]]>
              </value>
            </param>
            <param index="2">
              <value>
                <![CDATA[2000]]>
              </value>
            </param>
          </params>
          <reporter-output>
          </reporter-output>
        </test-method> <!-- validateFeaturesWithLimitResponse_TypeProperty -->
        <test-method is-config="true" signature="clearMessages()[pri:0, instance:org.opengis.cite.ogcapifeatures10.conformance.core.collections.FeaturesLimit@6b5f8707]" started-at="2025-12-31T11:23:08 UTC" name="clearMessages" finished-at="2025-12-31T11:23:08 UTC" duration-ms="0" status="PASS">
          <reporter-output>
          </reporter-output>
        </test-method> <!-- clearMessages -->
        <test-method signature="validateFeaturesWithLimitResponse_TypeProperty(java.util.Map,int,int)[pri:0, instance:org.opengis.cite.ogcapifeatures10.conformance.core.collections.FeaturesLimit@6b5f8707]" started-at="2025-12-31T11:23:08 UTC" name="validateFeaturesWithLimitResponse_TypeProperty" description="Implements A.2.7. Features {root}/collections/{collectionId}/items, Limit, Abstract Test 22, Test Method 1 (Requirement /req/core/fc-response)" data-provider="collectionItemUrisWithLimits" finished-at="2025-12-31T11:23:08 UTC" depends-on-methods="org.opengis.cite.ogcapifeatures10.conformance.core.collections.FeaturesLimit.validateFeaturesWithLimitOperation" duration-ms="5" status="PASS">
          <params>
            <param index="0">
              <value>
                <![CDATA[{id=1, title=CITE Features, description=Seeded features for OGC API Features conformance tests, links=[{href=http://honua-server:8080/ogc/features/collections/1, rel=self, type=application/json, title=CITE Features}, {href=http://honua-server:8080/ogc/features/collections/1/items, rel=items, type=application/geo+json, title=Items}, {href=http://honua-server:8080/ogc/features/collections/1/items, rel=data, type=application/geo+json, title=Data}, {href=http://honua-server:8080/ogc/features/collections, rel=parent, type=application/json, title=Collections}, {href=http://honua-server:8080/ogc/features/collections/1/queryables, rel=queryables, type=application/json, title=Queryables}, {href=http://honua-server:8080/ogc/tiles/collections/1/tiles, rel=http://www.opengis.net/def/rel/ogc/1.0/tilesets-vector, type=application/json, title=Vector tilesets}], extent={spatial={bbox=[[-180, -90, 180, 90]], crs=http://www.opengis.net/def/crs/OGC/1.3/CRS84}}, itemType=feature, crs=[http://www.opengis.net/def/crs/OGC/1.3/CRS84, http://www.opengis.net/def/crs/EPSG/0/4326], storageCrs=http://www.opengis.net/def/crs/EPSG/0/4326}]]>
              </value>
            </param>
            <param index="1">
              <value>
                <![CDATA[100]]>
              </value>
            </param>
            <param index="2">
              <value>
                <![CDATA[2000]]>
              </value>
            </param>
          </params>
          <reporter-output>
          </reporter-output>
        </test-method> <!-- validateFeaturesWithLimitResponse_TypeProperty -->
        <test-method is-config="true" signature="clearMessages()[pri:0, instance:org.opengis.cite.ogcapifeatures10.conformance.core.collections.FeaturesLimit@6b5f8707]" started-at="2025-12-31T11:23:08 UTC" name="clearMessages" finished-at="2025-12-31T11:23:08 UTC" duration-ms="0" status="PASS">
          <reporter-output>
          </reporter-output>
        </test-method> <!-- clearMessages -->
      </class> <!-- org.opengis.cite.ogcapifeatures10.conformance.core.collections.FeaturesLimit -->
      <class name="org.opengis.cite.ogcapifeatures10.conformance.core.collections.FeatureCollections">
        <test-method is-config="true" signature="initCommonFixture(org.testng.ITestContext)[pri:0, instance:org.opengis.cite.ogcapifeatures10.conformance.core.collections.FeatureCollections@1556f2dd]" started-at="2025-12-31T11:23:07 UTC" name="initCommonFixture" finished-at="2025-12-31T11:23:07 UTC" duration-ms="0" status="PASS">
          <params>
            <param index="0">
              <value>
                <![CDATA[org.testng.TestRunner@48bab2c6]]>
              </value>
            </param>
          </params>
          <reporter-output>
          </reporter-output>
        </test-method> <!-- initCommonFixture -->
        <test-method is-config="true" signature="noOfCollections(org.testng.ITestContext)[pri:0, instance:org.opengis.cite.ogcapifeatures10.conformance.core.collections.FeatureCollections@1556f2dd]" started-at="2025-12-31T11:23:07 UTC" name="noOfCollections" finished-at="2025-12-31T11:23:07 UTC" duration-ms="1" status="PASS">
          <params>
            <param index="0">
              <value>
                <![CDATA[org.testng.TestRunner@48bab2c6]]>
              </value>
            </param>
          </params>
          <reporter-output>
          </reporter-output>
        </test-method> <!-- noOfCollections -->
        <test-method is-config="true" signature="retrieveApiModel(org.testng.ITestContext)[pri:0, instance:org.opengis.cite.ogcapifeatures10.conformance.core.collections.FeatureCollections@1556f2dd]" started-at="2025-12-31T11:23:07 UTC" name="retrieveApiModel" finished-at="2025-12-31T11:23:07 UTC" duration-ms="0" status="PASS">
          <params>
            <param index="0">
              <value>
                <![CDATA[org.testng.TestRunner@48bab2c6]]>
              </value>
            </param>
          </params>
          <reporter-output>
          </reporter-output>
        </test-method> <!-- retrieveApiModel -->
        <test-method is-config="true" signature="requirementClasses(org.testng.ITestContext)[pri:0, instance:org.opengis.cite.ogcapifeatures10.conformance.core.collections.FeatureCollections@1556f2dd]" started-at="2025-12-31T11:23:07 UTC" name="requirementClasses" finished-at="2025-12-31T11:23:07 UTC" duration-ms="0" status="PASS">
          <params>
            <param index="0">
              <value>
                <![CDATA[org.testng.TestRunner@48bab2c6]]>
              </value>
            </param>
          </params>
          <reporter-output>
          </reporter-output>
        </test-method> <!-- requirementClasses -->
        <test-method signature="validateFeatureCollectionsMetadataOperation(org.opengis.cite.ogcapifeatures10.openapi3.TestPoint)[pri:0, instance:org.opengis.cite.ogcapifeatures10.conformance.core.collections.FeatureCollections@1556f2dd]" started-at="2025-12-31T11:23:07 UTC" name="validateFeatureCollectionsMetadataOperation" description="Implements A.2.5. Feature Collections {root}/collections, Abstract Test 9 (Requirement /req/core/fc-md-op)" groups="collections" data-provider="collectionsUris" depends-on-groups="conformance, apidefinition" finished-at="2025-12-31T11:23:07 UTC" duration-ms="16" status="PASS">
          <params>
            <param index="0">
              <value>
                <![CDATA[Server URL: http://honua-server:8080/ogc/features , Path: /collections, Replacements: {}]]>
              </value>
            </param>
          </params>
          <reporter-output>
          </reporter-output>
        </test-method> <!-- validateFeatureCollectionsMetadataOperation -->
        <test-method is-config="true" signature="clearMessages()[pri:0, instance:org.opengis.cite.ogcapifeatures10.conformance.core.collections.FeatureCollections@1556f2dd]" started-at="2025-12-31T11:23:07 UTC" name="clearMessages" finished-at="2025-12-31T11:23:07 UTC" duration-ms="0" status="PASS">
          <reporter-output>
          </reporter-output>
        </test-method> <!-- clearMessages -->
        <test-method signature="validateFeatureCollectionsMetadataOperationResponse_Content(org.opengis.cite.ogcapifeatures10.openapi3.TestPoint)[pri:0, instance:org.opengis.cite.ogcapifeatures10.conformance.core.collections.FeatureCollections@1556f2dd]" started-at="2025-12-31T11:23:07 UTC" name="validateFeatureCollectionsMetadataOperationResponse_Content" description="A.2.5. Feature Collections {root}/collections, Abstract Test 10, Test Method 4 (Requirement /req/core/fc-md-success, /req/core/crs84)" groups="collections" data-provider="collectionsUris" finished-at="2025-12-31T11:23:07 UTC" depends-on-methods="org.opengis.cite.ogcapifeatures10.conformance.core.collections.FeatureCollections.validateFeatureCollectionsMetadataOperation" duration-ms="33" status="PASS">
          <params>
            <param index="0">
              <value>
                <![CDATA[Server URL: http://honua-server:8080/ogc/features , Path: /collections, Replacements: {}]]>
              </value>
            </param>
          </params>
          <reporter-output>
          </reporter-output>
        </test-method> <!-- validateFeatureCollectionsMetadataOperationResponse_Content -->
        <test-method is-config="true" signature="clearMessages()[pri:0, instance:org.opengis.cite.ogcapifeatures10.conformance.core.collections.FeatureCollections@1556f2dd]" started-at="2025-12-31T11:23:07 UTC" name="clearMessages" finished-at="2025-12-31T11:23:07 UTC" duration-ms="0" status="PASS">
          <reporter-output>
          </reporter-output>
        </test-method> <!-- clearMessages -->
        <test-method signature="validateFeatureCollectionsMetadataOperationResponse_CrsProperty(org.opengis.cite.ogcapifeatures10.openapi3.TestPoint)[pri:0, instance:org.opengis.cite.ogcapifeatures10.conformance.core.collections.FeatureCollections@1556f2dd]" started-at="2025-12-31T11:23:07 UTC" name="validateFeatureCollectionsMetadataOperationResponse_CrsProperty" description="A.2.5. Feature Collections {root}/collections, Abstract Test 10, Test Method 3 (Requirement /req/core/fc-md-success, /req/core/crs84)" groups="collections" data-provider="collectionsUris" finished-at="2025-12-31T11:23:07 UTC" depends-on-methods="org.opengis.cite.ogcapifeatures10.conformance.core.collections.FeatureCollections.validateFeatureCollectionsMetadataOperation" duration-ms="12" status="PASS">
          <params>
            <param index="0">
              <value>
                <![CDATA[Server URL: http://honua-server:8080/ogc/features , Path: /collections, Replacements: {}]]>
              </value>
            </param>
          </params>
          <reporter-output>
          </reporter-output>
        </test-method> <!-- validateFeatureCollectionsMetadataOperationResponse_CrsProperty -->
        <test-method is-config="true" signature="clearMessages()[pri:0, instance:org.opengis.cite.ogcapifeatures10.conformance.core.collections.FeatureCollections@1556f2dd]" started-at="2025-12-31T11:23:07 UTC" name="clearMessages" finished-at="2025-12-31T11:23:07 UTC" duration-ms="0" status="PASS">
          <reporter-output>
          </reporter-output>
        </test-method> <!-- clearMessages -->
        <test-method signature="validateFeatureCollectionsMetadataOperationResponse_Items(org.opengis.cite.ogcapifeatures10.openapi3.TestPoint)[pri:0, instance:org.opengis.cite.ogcapifeatures10.conformance.core.collections.FeatureCollections@1556f2dd]" started-at="2025-12-31T11:23:07 UTC" name="validateFeatureCollectionsMetadataOperationResponse_Items" description="A.2.5. Feature Collections {root}/collections, Abstract Test 10, Test Method 2 (Requirement /req/core/fc-md-success, /req/core/crs84)" groups="collections" data-provider="collectionsUris" finished-at="2025-12-31T11:23:07 UTC" depends-on-methods="org.opengis.cite.ogcapifeatures10.conformance.core.collections.FeatureCollections.validateFeatureCollectionsMetadataOperation" duration-ms="10" status="PASS">
          <params>
            <param index="0">
              <value>
                <![CDATA[Server URL: http://honua-server:8080/ogc/features , Path: /collections, Replacements: {}]]>
              </value>
            </param>
          </params>
          <reporter-output>
          </reporter-output>
        </test-method> <!-- validateFeatureCollectionsMetadataOperationResponse_Items -->
        <test-method is-config="true" signature="clearMessages()[pri:0, instance:org.opengis.cite.ogcapifeatures10.conformance.core.collections.FeatureCollections@1556f2dd]" started-at="2025-12-31T11:23:07 UTC" name="clearMessages" finished-at="2025-12-31T11:23:07 UTC" duration-ms="0" status="PASS">
          <reporter-output>
          </reporter-output>
        </test-method> <!-- clearMessages -->
        <test-method signature="validateFeatureCollectionsMetadataOperationResponse_Links(org.opengis.cite.ogcapifeatures10.openapi3.TestPoint)[pri:0, instance:org.opengis.cite.ogcapifeatures10.conformance.core.collections.FeatureCollections@1556f2dd]" started-at="2025-12-31T11:23:07 UTC" name="validateFeatureCollectionsMetadataOperationResponse_Links" description="A.2.5. Feature Collections {root}/collections, Abstract Test 10, Test Method 1 (Requirement /req/core/fc-md-success, /req/core/crs84)" groups="collections" data-provider="collectionsUris" finished-at="2025-12-31T11:23:07 UTC" depends-on-methods="org.opengis.cite.ogcapifeatures10.conformance.core.collections.FeatureCollections.validateFeatureCollectionsMetadataOperation" duration-ms="21" status="PASS">
          <params>
            <param index="0">
              <value>
                <![CDATA[Server URL: http://honua-server:8080/ogc/features , Path: /collections, Replacements: {}]]>
              </value>
            </param>
          </params>
          <reporter-output>
          </reporter-output>
        </test-method> <!-- validateFeatureCollectionsMetadataOperationResponse_Links -->
        <test-method is-config="true" signature="clearMessages()[pri:0, instance:org.opengis.cite.ogcapifeatures10.conformance.core.collections.FeatureCollections@1556f2dd]" started-at="2025-12-31T11:23:07 UTC" name="clearMessages" finished-at="2025-12-31T11:23:07 UTC" duration-ms="0" status="PASS">
          <reporter-output>
          </reporter-output>
        </test-method> <!-- clearMessages -->
        <test-method is-config="true" signature="storeCollectionsInTestContext(org.testng.ITestContext)[pri:0, instance:org.opengis.cite.ogcapifeatures10.conformance.core.collections.FeatureCollections@1556f2dd]" started-at="2025-12-31T11:23:07 UTC" name="storeCollectionsInTestContext" finished-at="2025-12-31T11:23:07 UTC" duration-ms="0" status="PASS">
          <params>
            <param index="0">
              <value>
                <![CDATA[org.testng.TestRunner@48bab2c6]]>
              </value>
            </param>
          </params>
          <reporter-output>
          </reporter-output>
        </test-method> <!-- storeCollectionsInTestContext -->
        <test-method is-config="true" signature="storeCollectionsResponseInTestContext(org.testng.ITestContext)[pri:0, instance:org.opengis.cite.ogcapifeatures10.conformance.core.collections.FeatureCollections@1556f2dd]" started-at="2025-12-31T11:23:07 UTC" name="storeCollectionsResponseInTestContext" finished-at="2025-12-31T11:23:07 UTC" duration-ms="0" status="PASS">
          <params>
            <param index="0">
              <value>
                <![CDATA[org.testng.TestRunner@48bab2c6]]>
              </value>
            </param>
          </params>
          <reporter-output>
          </reporter-output>
        </test-method> <!-- storeCollectionsResponseInTestContext -->
      </class> <!-- org.opengis.cite.ogcapifeatures10.conformance.core.collections.FeatureCollections -->
      <class name="org.opengis.cite.ogcapifeatures10.conformance.core.collections.FeaturesTime">
        <test-method is-config="true" signature="initCommonFixture(org.testng.ITestContext)[pri:0, instance:org.opengis.cite.ogcapifeatures10.conformance.core.collections.FeaturesTime@e27ba81]" started-at="2025-12-31T11:23:07 UTC" name="initCommonFixture" finished-at="2025-12-31T11:23:07 UTC" duration-ms="1" status="PASS">
          <params>
            <param index="0">
              <value>
                <![CDATA[org.testng.TestRunner@48bab2c6]]>
              </value>
            </param>
          </params>
          <reporter-output>
          </reporter-output>
        </test-method> <!-- initCommonFixture -->
        <test-method is-config="true" signature="noOfCollections(org.testng.ITestContext)[pri:0, instance:org.opengis.cite.ogcapifeatures10.conformance.core.collections.FeaturesTime@e27ba81]" started-at="2025-12-31T11:23:07 UTC" name="noOfCollections" finished-at="2025-12-31T11:23:07 UTC" duration-ms="1" status="PASS">
          <params>
            <param index="0">
              <value>
                <![CDATA[org.testng.TestRunner@48bab2c6]]>
              </value>
            </param>
          </params>
          <reporter-output>
          </reporter-output>
        </test-method> <!-- noOfCollections -->
        <test-method is-config="true" signature="retrieveApiModel(org.testng.ITestContext)[pri:0, instance:org.opengis.cite.ogcapifeatures10.conformance.core.collections.FeaturesTime@e27ba81]" started-at="2025-12-31T11:23:07 UTC" name="retrieveApiModel" finished-at="2025-12-31T11:23:07 UTC" duration-ms="0" status="PASS">
          <params>
            <param index="0">
              <value>
                <![CDATA[org.testng.TestRunner@48bab2c6]]>
              </value>
            </param>
          </params>
          <reporter-output>
          </reporter-output>
        </test-method> <!-- retrieveApiModel -->
        <test-method is-config="true" signature="requirementClasses(org.testng.ITestContext)[pri:0, instance:org.opengis.cite.ogcapifeatures10.conformance.core.collections.FeaturesTime@e27ba81]" started-at="2025-12-31T11:23:07 UTC" name="requirementClasses" finished-at="2025-12-31T11:23:07 UTC" duration-ms="0" status="PASS">
          <params>
            <param index="0">
              <value>
                <![CDATA[org.testng.TestRunner@48bab2c6]]>
              </value>
            </param>
          </params>
          <reporter-output>
          </reporter-output>
        </test-method> <!-- requirementClasses -->
        <test-method is-config="true" signature="retrieveRequiredInformationFromTestContext(org.testng.ITestContext)[pri:0, instance:org.opengis.cite.ogcapifeatures10.conformance.core.collections.FeaturesTime@e27ba81]" started-at="2025-12-31T11:23:07 UTC" name="retrieveRequiredInformationFromTestContext" finished-at="2025-12-31T11:23:07 UTC" duration-ms="0" status="PASS">
          <params>
            <param index="0">
              <value>
                <![CDATA[org.testng.TestRunner@48bab2c6]]>
              </value>
            </param>
          </params>
          <reporter-output>
          </reporter-output>
        </test-method> <!-- retrieveRequiredInformationFromTestContext -->
        <test-method signature="timeParameterDefinition(org.opengis.cite.ogcapifeatures10.openapi3.TestPoint)[pri:0, instance:org.opengis.cite.ogcapifeatures10.conformance.core.collections.FeaturesTime@e27ba81]" started-at="2025-12-31T11:23:07 UTC" name="timeParameterDefinition" description="A.2.7. Features {root}/collections/{collectionId}/items - Datetime, Abstract Test 18: (Requirement /req/core/fc-time-definition)" data-provider="collectionPaths" depends-on-groups="featuresBase" finished-at="2025-12-31T11:23:07 UTC" duration-ms="1" status="PASS">
          <params>
            <param index="0">
              <value>
                <![CDATA[Server URL: http://honua-server:8080/ogc/features , Path: /collections/{collectionId}/items, Replacements: {}]]>
              </value>
            </param>
          </params>
          <reporter-output>
          </reporter-output>
        </test-method> <!-- timeParameterDefinition -->
        <test-method is-config="true" signature="clearMessages()[pri:0, instance:org.opengis.cite.ogcapifeatures10.conformance.core.collections.FeaturesTime@e27ba81]" started-at="2025-12-31T11:23:07 UTC" name="clearMessages" finished-at="2025-12-31T11:23:07 UTC" duration-ms="0" status="PASS">
          <reporter-output>
          </reporter-output>
        </test-method> <!-- clearMessages -->
      </class> <!-- org.opengis.cite.ogcapifeatures10.conformance.core.collections.FeaturesTime -->
      <class name="org.opengis.cite.ogcapifeatures10.conformance.core.collections.Features">
        <test-method is-config="true" signature="initCommonFixture(org.testng.ITestContext)[pri:0, instance:org.opengis.cite.ogcapifeatures10.conformance.core.collections.Features@35e52059]" started-at="2025-12-31T11:23:07 UTC" name="initCommonFixture" finished-at="2025-12-31T11:23:07 UTC" duration-ms="0" status="PASS">
          <params>
            <param index="0">
[...]
          <reporter-output>
          </reporter-output>
        </test-method> <!-- clearMessages -->
        <test-method is-config="true" signature="clearMessages()[pri:0, instance:org.opengis.cite.ogcapifeatures10.conformance.crs.query.crs.features.FeaturesCrsParameterTransform@2b50150]" started-at="2025-12-31T11:23:09 UTC" name="clearMessages" finished-at="2025-12-31T11:23:09 UTC" duration-ms="0" status="PASS">
          <reporter-output>
          </reporter-output>
        </test-method> <!-- clearMessages -->
        <test-method signature="verifyFeaturesCrsParameterTransformWithCrsParameter(java.lang.String,io.restassured.path.json.JsonPath,org.opengis.cite.ogcapifeatures10.conformance.crs.query.crs.CoordinateSystem,org.opengis.cite.ogcapifeatures10.conformance.crs.query.crs.CoordinateSystem)[pri:1, instance:org.opengis.cite.ogcapifeatures10.conformance.crs.query.crs.features.FeaturesCrsParameterTransform@2b50150]" started-at="2025-12-31T11:23:09 UTC" name="verifyFeaturesCrsParameterTransformWithCrsParameter" description="Implements A.2.1 Query, Parameter crs, Abstract Test 7 (Requirement /req/crs/crs-action), Transformed geometries in the path /collections/{collectionId}/items" data-provider="collectionIdAndJsonAndCrsAndDefaultCrs" depends-on-groups="crs-conformance" finished-at="2025-12-31T11:23:09 UTC" depends-on-methods="org.opengis.cite.ogcapifeatures10.conformance.crs.query.crs.features.FeaturesCrsParameterTransform.verifyFeaturesCrsParameterTransformWithoutCrsParameter" duration-ms="23" status="PASS">
          <params>
            <param index="0">
              <value>
                <![CDATA[1]]>
              </value>
            </param>
            <param index="1">
              <value>
                <![CDATA[io.restassured.path.json.JsonPath@dd77e0d]]>
              </value>
            </param>
            <param index="2">
              <value>
                <![CDATA[http://www.opengis.net/def/crs/EPSG/0/4326]]>
              </value>
            </param>
            <param index="3">
              <value>
                <![CDATA[http://www.opengis.net/def/crs/OGC/1.3/CRS84]]>
              </value>
            </param>
          </params>
          <reporter-output>
          </reporter-output>
        </test-method> <!-- verifyFeaturesCrsParameterTransformWithCrsParameter -->
      </class> <!-- org.opengis.cite.ogcapifeatures10.conformance.crs.query.crs.features.FeaturesCrsParameterTransform -->
      <class name="org.opengis.cite.ogcapifeatures10.conformance.SuitePreconditions">
        <test-method is-config="true" signature="verifyTestSubject()[pri:0, instance:org.opengis.cite.ogcapifeatures10.conformance.SuitePreconditions@5b69fd74]" started-at="2025-12-31T11:23:05 UTC" name="verifyTestSubject" finished-at="2025-12-31T11:23:05 UTC" duration-ms="9" status="PASS">
          <reporter-output>
          </reporter-output>
        </test-method> <!-- verifyTestSubject -->
      </class> <!-- org.opengis.cite.ogcapifeatures10.conformance.SuitePreconditions -->
      <class name="org.opengis.cite.ogcapifeatures10.conformance.crs.query.crs.feature.FeatureCrsParameterTransform">
        <test-method is-config="true" signature="initCommonFixture(org.testng.ITestContext)[pri:0, instance:org.opengis.cite.ogcapifeatures10.conformance.crs.query.crs.feature.FeatureCrsParameterTransform@678040b3]" started-at="2025-12-31T11:23:08 UTC" name="initCommonFixture" finished-at="2025-12-31T11:23:08 UTC" duration-ms="0" status="PASS">
          <params>
            <param index="0">
              <value>
                <![CDATA[org.testng.TestRunner@6c8672b9]]>
              </value>
            </param>
          </params>
          <reporter-output>
          </reporter-output>
        </test-method> <!-- initCommonFixture -->
        <test-method is-config="true" signature="clearMessages()[pri:0, instance:org.opengis.cite.ogcapifeatures10.conformance.crs.query.crs.feature.FeatureCrsParameterTransform@678040b3]" started-at="2025-12-31T11:23:08 UTC" name="clearMessages" finished-at="2025-12-31T11:23:08 UTC" duration-ms="1" status="PASS">
          <reporter-output>
          </reporter-output>
        </test-method> <!-- clearMessages -->
        <test-method is-config="true" signature="retrieveRequiredInformationFromTestContext(org.testng.ITestContext)[pri:0, instance:org.opengis.cite.ogcapifeatures10.conformance.crs.query.crs.feature.FeatureCrsParameterTransform@678040b3]" started-at="2025-12-31T11:23:08 UTC" name="retrieveRequiredInformationFromTestContext" finished-at="2025-12-31T11:23:08 UTC" duration-ms="0" status="PASS">
          <params>
            <param index="0">
              <value>
                <![CDATA[org.testng.TestRunner@6c8672b9]]>
              </value>
            </param>
          </params>
          <reporter-output>
          </reporter-output>
        </test-method> <!-- retrieveRequiredInformationFromTestContext -->
        <test-method signature="verifyFeatureCrsParameterTransformWithCrsParameter(java.lang.String,io.restassured.path.json.JsonPath,java.lang.String)[pri:1, instance:org.opengis.cite.ogcapifeatures10.conformance.crs.query.crs.feature.FeatureCrsParameterTransform@678040b3]" started-at="2025-12-31T11:23:08 UTC" name="verifyFeatureCrsParameterTransformWithCrsParameter" description="Implements A.2.1 Query, Parameter crs, Abstract Test 7 (Requirement /req/crs/crs-action), Geometries in the path /collections/{collectionId}/items/{featureId}" data-provider="collectionFeatureId" depends-on-groups="crs-conformance" finished-at="2025-12-31T11:23:08 UTC" duration-ms="29" status="PASS">
          <params>
            <param index="0">
              <value>
                <![CDATA[1]]>
              </value>
            </param>
            <param index="1">
              <value>
                <![CDATA[io.restassured.path.json.JsonPath@dd77e0d]]>
              </value>
            </param>
            <param index="2">
              <value>
                <![CDATA[1]]>
              </value>
            </param>
          </params>
          <reporter-output>
          </reporter-output>
        </test-method> <!-- verifyFeatureCrsParameterTransformWithCrsParameter -->
        <test-method signature="verifyFeatureCrsParameterTransformWithoutCrsParameter(java.lang.String,io.restassured.path.json.JsonPath,java.lang.String,org.opengis.cite.ogcapifeatures10.conformance.crs.query.crs.CoordinateSystem,org.opengis.cite.ogcapifeatures10.conformance.crs.query.crs.CoordinateSystem)[pri:1, instance:org.opengis.cite.ogcapifeatures10.conformance.crs.query.crs.feature.FeatureCrsParameterTransform@678040b3]" started-at="2025-12-31T11:23:08 UTC" name="verifyFeatureCrsParameterTransformWithoutCrsParameter" description="Implements A.2.1 Query, Parameter crs, Abstract Test 7 (Requirement /req/crs/crs-action), Transformed geometries in the path /collections/{collectionId}/items/{featureId}" data-provider="collectionFeatureIdCrsAndDefaultCrs" depends-on-groups="crs-conformance" finished-at="2025-12-31T11:23:08 UTC" depends-on-methods="org.opengis.cite.ogcapifeatures10.conformance.crs.query.crs.feature.FeatureCrsParameterTransform.verifyFeatureCrsParameterTransformWithCrsParameter" duration-ms="18" status="PASS">
          <params>
            <param index="0">
              <value>
                <![CDATA[1]]>
              </value>
            </param>
            <param index="1">
              <value>
                <![CDATA[io.restassured.path.json.JsonPath@dd77e0d]]>
              </value>
            </param>
            <param index="2">
              <value>
                <![CDATA[1]]>
              </value>
            </param>
            <param index="3">
              <value>
                <![CDATA[http://www.opengis.net/def/crs/OGC/1.3/CRS84]]>
              </value>
            </param>
            <param index="4">
              <value>
                <![CDATA[http://www.opengis.net/def/crs/OGC/1.3/CRS84]]>
              </value>
            </param>
          </params>
          <reporter-output>
          </reporter-output>
        </test-method> <!-- verifyFeatureCrsParameterTransformWithoutCrsParameter -->
        <test-method is-config="true" signature="clearMessages()[pri:0, instance:org.opengis.cite.ogcapifeatures10.conformance.crs.query.crs.feature.FeatureCrsParameterTransform@678040b3]" started-at="2025-12-31T11:23:08 UTC" name="clearMessages" finished-at="2025-12-31T11:23:08 UTC" duration-ms="0" status="PASS">
          <reporter-output>
          </reporter-output>
        </test-method> <!-- clearMessages -->
        <test-method signature="verifyFeatureCrsParameterTransformWithoutCrsParameter(java.lang.String,io.restassured.path.json.JsonPath,java.lang.String,org.opengis.cite.ogcapifeatures10.conformance.crs.query.crs.CoordinateSystem,org.opengis.cite.ogcapifeatures10.conformance.crs.query.crs.CoordinateSystem)[pri:1, instance:org.opengis.cite.ogcapifeatures10.conformance.crs.query.crs.feature.FeatureCrsParameterTransform@678040b3]" started-at="2025-12-31T11:23:08 UTC" name="verifyFeatureCrsParameterTransformWithoutCrsParameter" description="Implements A.2.1 Query, Parameter crs, Abstract Test 7 (Requirement /req/crs/crs-action), Transformed geometries in the path /collections/{collectionId}/items/{featureId}" data-provider="collectionFeatureIdCrsAndDefaultCrs" depends-on-groups="crs-conformance" finished-at="2025-12-31T11:23:09 UTC" depends-on-methods="org.opengis.cite.ogcapifeatures10.conformance.crs.query.crs.feature.FeatureCrsParameterTransform.verifyFeatureCrsParameterTransformWithCrsParameter" duration-ms="75" status="PASS">
          <params>
            <param index="0">
              <value>
                <![CDATA[1]]>
              </value>
            </param>
            <param index="1">
              <value>
                <![CDATA[io.restassured.path.json.JsonPath@dd77e0d]]>
              </value>
            </param>
            <param index="2">
              <value>
                <![CDATA[1]]>
              </value>
            </param>
            <param index="3">
              <value>
                <![CDATA[http://www.opengis.net/def/crs/EPSG/0/4326]]>
              </value>
            </param>
            <param index="4">
              <value>
                <![CDATA[http://www.opengis.net/def/crs/OGC/1.3/CRS84]]>
              </value>
            </param>
          </params>
          <reporter-output>
          </reporter-output>
        </test-method> <!-- verifyFeatureCrsParameterTransformWithoutCrsParameter -->
        <test-method is-config="true" signature="clearMessages()[pri:0, instance:org.opengis.cite.ogcapifeatures10.conformance.crs.query.crs.feature.FeatureCrsParameterTransform@678040b3]" started-at="2025-12-31T11:23:08 UTC" name="clearMessages" finished-at="2025-12-31T11:23:08 UTC" duration-ms="0" status="PASS">
          <reporter-output>
          </reporter-output>
        </test-method> <!-- clearMessages -->
      </class> <!-- org.opengis.cite.ogcapifeatures10.conformance.crs.query.crs.feature.FeatureCrsParameterTransform -->
      <class name="org.opengis.cite.ogcapifeatures10.conformance.crs.discovery.collections.DiscoveryCollectionsDefaultCrs">
        <test-method is-config="true" signature="initCommonFixture(org.testng.ITestContext)[pri:0, instance:org.opengis.cite.ogcapifeatures10.conformance.crs.discovery.collections.DiscoveryCollectionsDefaultCrs@66f66866]" started-at="2025-12-31T11:23:08 UTC" name="initCommonFixture" finished-at="2025-12-31T11:23:08 UTC" duration-ms="1" status="PASS">
          <params>
            <param index="0">
              <value>
                <![CDATA[org.testng.TestRunner@6c8672b9]]>
              </value>
            </param>
          </params>
          <reporter-output>
          </reporter-output>
        </test-method> <!-- initCommonFixture -->
        <test-method is-config="true" signature="noOfCollections(org.testng.ITestContext)[pri:0, instance:org.opengis.cite.ogcapifeatures10.conformance.crs.discovery.collections.DiscoveryCollectionsDefaultCrs@66f66866]" started-at="2025-12-31T11:23:08 UTC" name="noOfCollections" finished-at="2025-12-31T11:23:08 UTC" duration-ms="0" status="PASS">
          <params>
            <param index="0">
              <value>
                <![CDATA[org.testng.TestRunner@6c8672b9]]>
              </value>
            </param>
          </params>
          <reporter-output>
          </reporter-output>
        </test-method> <!-- noOfCollections -->
        <test-method is-config="true" signature="retrieveApiModel(org.testng.ITestContext)[pri:0, instance:org.opengis.cite.ogcapifeatures10.conformance.crs.discovery.collections.DiscoveryCollectionsDefaultCrs@66f66866]" started-at="2025-12-31T11:23:08 UTC" name="retrieveApiModel" finished-at="2025-12-31T11:23:08 UTC" duration-ms="0" status="PASS">
          <params>
            <param index="0">
              <value>
                <![CDATA[org.testng.TestRunner@6c8672b9]]>
              </value>
            </param>
          </params>
          <reporter-output>
          </reporter-output>
        </test-method> <!-- retrieveApiModel -->
        <test-method is-config="true" signature="requirementClasses(org.testng.ITestContext)[pri:0, instance:org.opengis.cite.ogcapifeatures10.conformance.crs.discovery.collections.DiscoveryCollectionsDefaultCrs@66f66866]" started-at="2025-12-31T11:23:08 UTC" name="requirementClasses" finished-at="2025-12-31T11:23:08 UTC" duration-ms="0" status="PASS">
          <params>
            <param index="0">
              <value>
                <![CDATA[org.testng.TestRunner@6c8672b9]]>
              </value>
            </param>
          </params>
          <reporter-output>
          </reporter-output>
        </test-method> <!-- requirementClasses -->
        <test-method is-config="true" signature="retrieveRequiredInformationFromTestContext(org.testng.ITestContext)[pri:0, instance:org.opengis.cite.ogcapifeatures10.conformance.crs.discovery.collections.DiscoveryCollectionsDefaultCrs@66f66866]" started-at="2025-12-31T11:23:08 UTC" name="retrieveRequiredInformationFromTestContext" finished-at="2025-12-31T11:23:08 UTC" duration-ms="0" status="PASS">
          <params>
            <param index="0">
              <value>
                <![CDATA[org.testng.TestRunner@6c8672b9]]>
              </value>
            </param>
          </params>
          <reporter-output>
          </reporter-output>
        </test-method> <!-- retrieveRequiredInformationFromTestContext -->
        <test-method signature="verifyCollectionsPathCollectionCrsPropertyContainsDefaultCrs(org.opengis.cite.ogcapifeatures10.openapi3.TestPoint,io.restassured.path.json.JsonPath,java.util.Map)[pri:0, instance:org.opengis.cite.ogcapifeatures10.conformance.crs.discovery.collections.DiscoveryCollectionsDefaultCrs@66f66866]" started-at="2025-12-31T11:23:08 UTC" name="verifyCollectionsPathCollectionCrsPropertyContainsDefaultCrs" description="Implements A.1 Discovery, Abstract Test 2 (Requirement /req/crs/fc-md-crs-list B), crs property contains default crs in the collection objects in the path /collections" data-provider="collectionItemUris" depends-on-groups="crs-conformance" finished-at="2025-12-31T11:23:08 UTC" duration-ms="1" status="PASS">
          <params>
            <param index="0">
              <value>
                <![CDATA[Server URL: http://honua-server:8080/ogc/features , Path: /collections, Replacements: {}]]>
              </value>
            </param>
            <param index="1">
              <value>
                <![CDATA[io.restassured.path.json.JsonPath@799cf32d]]>
              </value>
            </param>
            <param index="2">
              <value>
                <![CDATA[{id=1, title=CITE Features, description=Seeded features for OGC API Features conformance tests, links=[{href=http://honua-server:8080/ogc/features/collections/1, rel=self, type=application/json, title=CITE Features}, {href=http://honua-server:8080/ogc/features/collections/1/items, rel=items, type=application/geo+json, title=Items}, {href=http://honua-server:8080/ogc/features/collections/1/items, rel=data, type=application/geo+json, title=Data}, {href=http://honua-server:8080/ogc/features/collections, rel=parent, type=application/json, title=Collections}, {href=http://honua-server:8080/ogc/features/collections/1/queryables, rel=queryables, type=application/json, title=Queryables}, {href=http://honua-server:8080/ogc/tiles/collections/1/tiles, rel=http://www.opengis.net/def/rel/ogc/1.0/tilesets-vector, type=application/json, title=Vector tilesets}], extent={spatial={bbox=[[-180, -90, 180, 90]], crs=http://www.opengis.net/def/crs/OGC/1.3/CRS84}}, itemType=feature, crs=[http://www.opengis.net/def/crs/OGC/1.3/CRS84, http://www.opengis.net/def/crs/EPSG/0/4326], storageCrs=http://www.opengis.net/def/crs/EPSG/0/4326}]]>
              </value>
            </param>
          </params>
          <reporter-output>
          </reporter-output>
        </test-method> <!-- verifyCollectionsPathCollectionCrsPropertyContainsDefaultCrs -->
        <test-method is-config="true" signature="clearMessages()[pri:0, instance:org.opengis.cite.ogcapifeatures10.conformance.crs.discovery.collections.DiscoveryCollectionsDefaultCrs@66f66866]" started-at="2025-12-31T11:23:08 UTC" name="clearMessages" finished-at="2025-12-31T11:23:08 UTC" duration-ms="0" status="PASS">
          <reporter-output>
          </reporter-output>
        </test-method> <!-- clearMessages -->
      </class> <!-- org.opengis.cite.ogcapifeatures10.conformance.crs.discovery.collections.DiscoveryCollectionsDefaultCrs -->
      <class name="org.opengis.cite.ogcapifeatures10.conformance.crs.discovery.collection.DiscoveryCollectionDefaultCrs">
        <test-method signature="verifyCollectionCrsIdentifierOfCrsProperty(java.lang.String,io.restassured.path.json.JsonPath)[pri:0, instance:org.opengis.cite.ogcapifeatures10.conformance.crs.discovery.collection.DiscoveryCollectionDefaultCrs@2392212b]" started-at="2025-12-31T11:23:08 UTC" name="verifyCollectionCrsIdentifierOfCrsProperty" description="Implements A.1 Discovery, Abstract Test 2 (Requirement /req/crs/fc-md-crs-list B), crs property contains default crs in the collection object in the path /collection" groups="crs-discovery" data-provider="collectionIdAndJson" depends-on-groups="crs-conformance" finished-at="2025-12-31T11:23:08 UTC" duration-ms="14" status="PASS">
          <params>
            <param index="0">
              <value>
                <![CDATA[1]]>
              </value>
            </param>
            <param index="1">
              <value>
                <![CDATA[io.restassured.path.json.JsonPath@dd77e0d]]>
              </value>
            </param>
          </params>
          <reporter-output>
          </reporter-output>
        </test-method> <!-- verifyCollectionCrsIdentifierOfCrsProperty -->
        <test-method is-config="true" signature="storeCollectionInTestContext(org.testng.ITestContext)[pri:0, instance:org.opengis.cite.ogcapifeatures10.conformance.crs.discovery.collection.DiscoveryCollectionDefaultCrs@2392212b]" started-at="2025-12-31T11:23:08 UTC" name="storeCollectionInTestContext" finished-at="2025-12-31T11:23:08 UTC" duration-ms="0" status="PASS">
          <params>
            <param index="0">
              <value>
                <![CDATA[org.testng.TestRunner@6c8672b9]]>
              </value>
            </param>
          </params>
          <reporter-output>
          </reporter-output>
        </test-method> <!-- storeCollectionInTestContext -->
      </class> <!-- org.opengis.cite.ogcapifeatures10.conformance.crs.discovery.collection.DiscoveryCollectionDefaultCrs -->
    </test> <!-- Coordinate Reference Systems by Reference -->
  </suite> <!-- ogcapi-features-1.0-1.9 -->
</testng-results>
