<?xml version="1.0" encoding="UTF-8"?>
<!-- Generated by org.testng.reporters.JUnitReportReporter -->
<testsuite hostname="068fe274b6ce" failures="0" tests="1" name="org.opengis.cite.ogcapitiles10.tilesetslist.TilesetLlinks" time="0.109" errors="0" timestamp="2026-01-07T02:41:53 UTC" skipped="0">
  <testcase classname="org.opengis.cite.ogcapitiles10.tilesetslist.TilesetLlinks" name="validateTilesetsListResponse" time="0.109"/>
</testsuite> <!-- org.opengis.cite.ogcapitiles10.tilesetslist.TilesetLlinks -->
